2018-12-29 17:50:25 [INFO] pandownload version: 2.0.5
2018-12-29 17:50:27 [INFO] aria2 version: 1.34.0
2018-12-29 17:50:27 [INFO] aria2 json-rpc path: http://token:pandownload@127.0.0.1:6808/jsonrpc
2018-12-29 17:50:27 [INFO] create main window
2018-12-29 17:50:27 [INFO] verify cookie (644)
2018-12-29 17:50:27 [INFO] verify cookie (618)
2018-12-29 17:50:28 [WARN] panerr (0xb00000000)
2018-12-29 17:50:29 [INFO] user login success (2285008211): 1246725901a5
2018-12-29 17:50:29 [INFO] user login success (1379078960): 1246725901a
2018-12-29 17:57:47 [WARN] panerr (0x2fffffff7)
2018-12-29 18:13:31 [WARN] rpc error (0): request error 28
2018-12-29 18:13:32 [WARN] rpc error (0): request error 28
2018-12-29 18:13:33 [WARN] rpc error (0): request error 28
2018-12-29 18:20:57 [WARN] ID#21 - The response status is not successful. status=403(22) FILE="C:/Users/asus/Desktop/Trilian/Trilian.z20" SIZE="730000000"
2018-12-29 18:20:59 [WARN] ID#21 - The response status is not successful. status=403(22) FILE="C:/Users/asus/Desktop/Trilian/Trilian.z20" SIZE="730000000"
2018-12-29 18:21:02 [WARN] ID#21 - The response status is not successful. status=403(22) FILE="C:/Users/asus/Desktop/Trilian/Trilian.z20" SIZE="730000000"
2018-12-29 18:21:03 [WARN] ID#22 - The response status is not successful. status=403(22) FILE="C:/Users/asus/Desktop/Trilian/Trilian.z21" SIZE="730000000"
2018-12-29 18:21:05 [WARN] ID#22 - The response status is not successful. status=403(22) FILE="C:/Users/asus/Desktop/Trilian/Trilian.z21" SIZE="730000000"
2018-12-29 18:21:07 [WARN] ID#22 - The response status is not successful. status=403(22) FILE="C:/Users/asus/Desktop/Trilian/Trilian.z21" SIZE="730000000"
2018-12-29 18:21:09 [WARN] ID#23 - The response status is not successful. status=403(22) FILE="C:/Users/asus/Desktop/Trilian/Trilian.z22" SIZE="730000000"
2018-12-29 18:21:11 [WARN] ID#23 - The response status is not successful. status=403(22) FILE="C:/Users/asus/Desktop/Trilian/Trilian.z22" SIZE="730000000"
2018-12-29 18:21:13 [WARN] ID#23 - The response status is not successful. status=403(22) FILE="C:/Users/asus/Desktop/Trilian/Trilian.z22" SIZE="730000000"
2018-12-29 18:21:16 [WARN] ID#24 - The response status is not successful. status=403(22) FILE="C:/Users/asus/Desktop/Trilian/Trilian.z23" SIZE="730000000"
2018-12-29 18:21:18 [WARN] ID#24 - The response status is not successful. status=403(22) FILE="C:/Users/asus/Desktop/Trilian/Trilian.z23" SIZE="730000000"
2018-12-29 18:21:20 [WARN] ID#24 - The response status is not successful. status=403(22) FILE="C:/Users/asus/Desktop/Trilian/Trilian.z23" SIZE="730000000"
2018-12-29 18:21:21 [WARN] ID#25 - The response status is not successful. status=403(22) FILE="C:/Users/asus/Desktop/Trilian/Trilian.z24" SIZE="730000000"
2018-12-29 18:21:23 [WARN] ID#25 - The response status is not successful. status=403(22) FILE="C:/Users/asus/Desktop/Trilian/Trilian.z24" SIZE="730000000"
2018-12-29 18:21:25 [WARN] ID#25 - The response status is not successful. status=403(22) FILE="C:/Users/asus/Desktop/Trilian/Trilian.z24" SIZE="730000000"
2018-12-29 18:21:27 [WARN] ID#26 - The response status is not successful. status=403(22) FILE="C:/Users/asus/Desktop/Trilian/Trilian.z25" SIZE="730000000"
2018-12-29 18:21:31 [WARN] ID#26 - The response status is not successful. status=403(22) FILE="C:/Users/asus/Desktop/Trilian/Trilian.z25" SIZE="730000000"
2018-12-29 18:21:32 [WARN] ID#26 - The response status is not successful. status=403(22) FILE="C:/Users/asus/Desktop/Trilian/Trilian.z25" SIZE="730000000"
2018-12-29 18:21:34 [WARN] ID#27 - The response status is not successful. status=403(22) FILE="C:/Users/asus/Desktop/Trilian/Trilian.z26" SIZE="730000000"
2018-12-29 18:21:36 [WARN] ID#27 - The response status is not successful. status=403(22) FILE="C:/Users/asus/Desktop/Trilian/Trilian.z26" SIZE="730000000"
2018-12-29 18:21:43 [WARN] ID#27 - The response status is not successful. status=403(22) FILE="C:/Users/asus/Desktop/Trilian/Trilian.z26" SIZE="730000000"
2018-12-29 18:21:45 [WARN] ID#28 - The response status is not successful. status=403(22) FILE="C:/Users/asus/Desktop/Trilian/Trilian.z27" SIZE="730000000"
2018-12-29 18:21:47 [WARN] ID#28 - The response status is not successful. status=403(22) FILE="C:/Users/asus/Desktop/Trilian/Trilian.z27" SIZE="730000000"
2018-12-29 18:21:48 [WARN] ID#28 - The response status is not successful. status=403(22) FILE="C:/Users/asus/Desktop/Trilian/Trilian.z27" SIZE="730000000"
2018-12-29 18:21:50 [WARN] ID#29 - The response status is not successful. status=403(22) FILE="C:/Users/asus/Desktop/Trilian/Trilian.z28" SIZE="730000000"
2018-12-29 18:21:52 [WARN] ID#29 - The response status is not successful. status=403(22) FILE="C:/Users/asus/Desktop/Trilian/Trilian.z28" SIZE="730000000"
2018-12-29 18:21:54 [WARN] ID#29 - The response status is not successful. status=403(22) FILE="C:/Users/asus/Desktop/Trilian/Trilian.z28" SIZE="730000000"
2018-12-29 18:21:58 [WARN] ID#30 - The response status is not successful. status=403(22) FILE="C:/Users/asus/Desktop/Trilian/Trilian.z29" SIZE="730000000"
2018-12-29 18:22:00 [WARN] ID#30 - The response status is not successful. status=403(22) FILE="C:/Users/asus/Desktop/Trilian/Trilian.z29" SIZE="730000000"
2018-12-29 18:22:02 [WARN] ID#30 - The response status is not successful. status=403(22) FILE="C:/Users/asus/Desktop/Trilian/Trilian.z29" SIZE="730000000"
2018-12-29 18:22:04 [WARN] ID#31 - The response status is not successful. status=403(22) FILE="C:/Users/asus/Desktop/Trilian/Trilian.z30" SIZE="730000000"
2018-12-29 18:22:06 [WARN] ID#31 - The response status is not successful. status=403(22) FILE="C:/Users/asus/Desktop/Trilian/Trilian.z30" SIZE="730000000"
2018-12-29 18:22:08 [WARN] ID#31 - The response status is not successful. status=403(22) FILE="C:/Users/asus/Desktop/Trilian/Trilian.z30" SIZE="730000000"
2018-12-29 18:22:10 [WARN] ID#32 - The response status is not successful. status=403(22) FILE="C:/Users/asus/Desktop/Trilian/Trilian.z31" SIZE="730000000"
2018-12-29 18:22:13 [WARN] ID#32 - The response status is not successful. status=403(22) FILE="C:/Users/asus/Desktop/Trilian/Trilian.z31" SIZE="730000000"
2018-12-29 18:22:45 [WARN] ID#32 - The response status is not successful. status=403(22) FILE="C:/Users/asus/Desktop/Trilian/Trilian.z31" SIZE="730000000"
2018-12-29 18:22:47 [WARN] ID#33 - The response status is not successful. status=403(22) FILE="C:/Users/asus/Desktop/Trilian/Trilian.z32" SIZE="730000000"
2018-12-29 18:22:49 [WARN] ID#33 - The response status is not successful. status=403(22) FILE="C:/Users/asus/Desktop/Trilian/Trilian.z32" SIZE="730000000"
2018-12-29 18:23:22 [WARN] ID#33 - The response status is not successful. status=403(22) FILE="C:/Users/asus/Desktop/Trilian/Trilian.z32" SIZE="730000000"
2018-12-29 18:23:23 [WARN] ID#34 - The response status is not successful. status=403(22) FILE="C:/Users/asus/Desktop/Trilian/Trilian.z33" SIZE="730000000"
2018-12-29 18:23:25 [WARN] ID#34 - The response status is not successful. status=403(22) FILE="C:/Users/asus/Desktop/Trilian/Trilian.z33" SIZE="730000000"
2018-12-29 18:23:27 [WARN] ID#34 - The response status is not successful. status=403(22) FILE="C:/Users/asus/Desktop/Trilian/Trilian.z33" SIZE="730000000"
2018-12-29 18:52:44 [WARN] ID#6 - The response status is not successful. status=500(22) FILE="C:/Users/asus/Desktop/Trilian/Trilian.z23" SIZE="730000000"
2018-12-29 18:53:16 [WARN] ID#6 - The response status is not successful. status=403(22) FILE="C:/Users/asus/Desktop/Trilian/Trilian.z23" SIZE="730000000"
2018-12-29 18:53:18 [WARN] ID#6 - The response status is not successful. status=500(22) FILE="C:/Users/asus/Desktop/Trilian/Trilian.z23" SIZE="730000000"
2018-12-29 18:53:20 [WARN] ID#7 - The response status is not successful. status=403(22) FILE="C:/Users/asus/Desktop/Trilian/Trilian.z24" SIZE="730000000"
2018-12-29 18:53:23 [WARN] ID#7 - The response status is not successful. status=403(22) FILE="C:/Users/asus/Desktop/Trilian/Trilian.z24" SIZE="730000000"
2018-12-29 18:53:25 [WARN] ID#7 - The response status is not successful. status=500(22) FILE="C:/Users/asus/Desktop/Trilian/Trilian.z24" SIZE="730000000"
2018-12-29 18:53:31 [WARN] ID#8 - The response status is not successful. status=403(22) FILE="C:/Users/asus/Desktop/Trilian/Trilian.z25" SIZE="730000000"
2018-12-29 18:54:06 [WARN] ID#8 - The response status is not successful. status=403(22) FILE="C:/Users/asus/Desktop/Trilian/Trilian.z25" SIZE="730000000"
2018-12-29 18:54:08 [WARN] ID#8 - The response status is not successful. status=403(22) FILE="C:/Users/asus/Desktop/Trilian/Trilian.z25" SIZE="730000000"
2018-12-29 18:54:10 [WARN] ID#9 - The response status is not successful. status=403(22) FILE="C:/Users/asus/Desktop/Trilian/Trilian.z26" SIZE="730000000"
2018-12-29 18:54:12 [WARN] ID#9 - The response status is not successful. status=403(22) FILE="C:/Users/asus/Desktop/Trilian/Trilian.z26" SIZE="730000000"
2018-12-29 18:55:26 [WARN] ID#4 - No URI available.(22) FILE="C:/Users/asus/Desktop/Trilian/Trilian.z21" SIZE="730000000"
2018-12-29 18:55:58 [WARN] ID#4 - The response status is not successful. status=403(22) FILE="C:/Users/asus/Desktop/Trilian/Trilian.z21" SIZE="730000000"
2018-12-29 18:56:00 [WARN] ID#4 - The response status is not successful. status=403(22) FILE="C:/Users/asus/Desktop/Trilian/Trilian.z21" SIZE="730000000"
2018-12-29 18:56:02 [WARN] ID#10 - The response status is not successful. status=403(22) FILE="C:/Users/asus/Desktop/Trilian/Trilian.z27" SIZE="730000000"
2018-12-29 18:56:04 [WARN] ID#10 - The response status is not successful. status=403(22) FILE="C:/Users/asus/Desktop/Trilian/Trilian.z27" SIZE="730000000"
2018-12-29 18:56:36 [WARN] ID#10 - The response status is not successful. status=403(22) FILE="C:/Users/asus/Desktop/Trilian/Trilian.z27" SIZE="730000000"
2018-12-29 18:57:00 [WARN] ID#11 - The response status is not successful. status=403(22) FILE="C:/Users/asus/Desktop/Trilian/Trilian.z28" SIZE="730000000"
2018-12-29 18:57:02 [WARN] ID#11 - The response status is not successful. status=403(22) FILE="C:/Users/asus/Desktop/Trilian/Trilian.z28" SIZE="730000000"
2018-12-29 18:57:08 [WARN] ID#11 - The response status is not successful. status=403(22) FILE="C:/Users/asus/Desktop/Trilian/Trilian.z28" SIZE="730000000"
2018-12-29 18:57:10 [WARN] ID#12 - The response status is not successful. status=403(22) FILE="C:/Users/asus/Desktop/Trilian/Trilian.z29" SIZE="730000000"
2018-12-29 18:57:12 [WARN] ID#12 - The response status is not successful. status=403(22) FILE="C:/Users/asus/Desktop/Trilian/Trilian.z29" SIZE="730000000"
2018-12-29 18:57:44 [WARN] ID#12 - The response status is not successful. status=403(22) FILE="C:/Users/asus/Desktop/Trilian/Trilian.z29" SIZE="730000000"
2018-12-29 18:57:46 [WARN] ID#13 - The response status is not successful. status=403(22) FILE="C:/Users/asus/Desktop/Trilian/Trilian.z30" SIZE="730000000"
2018-12-29 18:58:45 [WARN] ID#5 - No URI available.(22) FILE="C:/Users/asus/Desktop/Trilian/Trilian.z22" SIZE="730000000"
2018-12-29 18:58:47 [WARN] ID#5 - The response status is not successful. status=403(22) FILE="C:/Users/asus/Desktop/Trilian/Trilian.z22" SIZE="730000000"
2018-12-29 18:58:49 [WARN] ID#5 - The response status is not successful. status=403(22) FILE="C:/Users/asus/Desktop/Trilian/Trilian.z22" SIZE="730000000"
2018-12-29 18:58:51 [WARN] ID#14 - The response status is not successful. status=403(22) FILE="C:/Users/asus/Desktop/Trilian/Trilian.z31" SIZE="730000000"
2018-12-29 18:58:53 [WARN] ID#14 - The response status is not successful. status=403(22) FILE="C:/Users/asus/Desktop/Trilian/Trilian.z31" SIZE="730000000"
2018-12-29 18:58:55 [WARN] ID#14 - The response status is not successful. status=403(22) FILE="C:/Users/asus/Desktop/Trilian/Trilian.z31" SIZE="730000000"
2018-12-29 18:59:27 [WARN] ID#15 - The response status is not successful. status=500(22) FILE="C:/Users/asus/Desktop/Trilian/Trilian.z32" SIZE="730000000"
2018-12-29 18:59:30 [WARN] ID#15 - The response status is not successful. status=500(22) FILE="C:/Users/asus/Desktop/Trilian/Trilian.z32" SIZE="730000000"
2018-12-29 18:59:32 [WARN] ID#15 - The response status is not successful. status=403(22) FILE="C:/Users/asus/Desktop/Trilian/Trilian.z32" SIZE="730000000"
2018-12-29 18:59:34 [WARN] ID#16 - The response status is not successful. status=500(22) FILE="C:/Users/asus/Desktop/Trilian/Trilian.z33" SIZE="730000000"
2018-12-29 18:59:36 [WARN] ID#16 - The response status is not successful. status=500(22) FILE="C:/Users/asus/Desktop/Trilian/Trilian.z33" SIZE="730000000"
2018-12-29 19:00:08 [WARN] ID#16 - The response status is not successful. status=403(22) FILE="C:/Users/asus/Desktop/Trilian/Trilian.z33" SIZE="730000000"
2018-12-29 19:00:11 [WARN] ID#17 - The response status is not successful. status=403(22) FILE="C:/Users/asus/Desktop/Trilian/Trilian.z34" SIZE="730000000"
2018-12-29 19:00:12 [WARN] ID#17 - The response status is not successful. status=403(22) FILE="C:/Users/asus/Desktop/Trilian/Trilian.z34" SIZE="730000000"
2018-12-29 19:00:14 [WARN] ID#17 - The response status is not successful. status=403(22) FILE="C:/Users/asus/Desktop/Trilian/Trilian.z34" SIZE="730000000"
2018-12-29 19:00:19 [WARN] ID#18 - The response status is not successful. status=403(22) FILE="C:/Users/asus/Desktop/Trilian/Trilian.z35" SIZE="730000000"
2018-12-29 19:00:21 [WARN] ID#18 - The response status is not successful. status=403(22) FILE="C:/Users/asus/Desktop/Trilian/Trilian.z35" SIZE="730000000"
2018-12-29 19:00:24 [WARN] ID#18 - The response status is not successful. status=500(22) FILE="C:/Users/asus/Desktop/Trilian/Trilian.z35" SIZE="730000000"
2018-12-29 19:00:26 [WARN] ID#19 - The response status is not successful. status=403(22) FILE="C:/Users/asus/Desktop/Trilian/Trilian.z36" SIZE="730000000"
2018-12-29 19:00:28 [WARN] ID#19 - The response status is not successful. status=403(22) FILE="C:/Users/asus/Desktop/Trilian/Trilian.z36" SIZE="730000000"
2018-12-29 19:00:30 [WARN] ID#19 - The response status is not successful. status=403(22) FILE="C:/Users/asus/Desktop/Trilian/Trilian.z36" SIZE="730000000"
2018-12-29 19:00:32 [WARN] ID#20 - The response status is not successful. status=403(22) FILE="C:/Users/asus/Desktop/Trilian/Trilian.z37" SIZE="730000000"
2018-12-29 19:00:34 [WARN] ID#20 - The response status is not successful. status=403(22) FILE="C:/Users/asus/Desktop/Trilian/Trilian.z37" SIZE="730000000"
2018-12-29 19:00:36 [WARN] ID#20 - The response status is not successful. status=403(22) FILE="C:/Users/asus/Desktop/Trilian/Trilian.z37" SIZE="730000000"
2018-12-29 19:00:38 [WARN] ID#21 - The response status is not successful. status=500(22) FILE="C:/Users/asus/Desktop/Trilian/Trilian.z38" SIZE="730000000"
2018-12-29 19:00:40 [WARN] ID#21 - The response status is not successful. status=403(22) FILE="C:/Users/asus/Desktop/Trilian/Trilian.z38" SIZE="730000000"
2018-12-29 19:00:42 [WARN] ID#21 - The response status is not successful. status=403(22) FILE="C:/Users/asus/Desktop/Trilian/Trilian.z38" SIZE="730000000"
2018-12-29 19:01:30 [WARN] rpc error (0): request error 28
2018-12-29 19:01:33 [WARN] rpc error (0): request error 28
2018-12-29 19:01:38 [WARN] rpc error (0): request error 28
2018-12-29 19:01:43 [WARN] rpc error (0): request error 28
2018-12-29 19:01:47 [WARN] rpc error (0): request error 28
2018-12-29 19:01:48 [WARN] rpc error (0): request error 28
2018-12-29 19:01:51 [WARN] rpc error (0): request error 28
2018-12-29 19:01:52 [WARN] rpc error (0): request error 28
2018-12-29 19:01:56 [WARN] rpc error (0): request error 28
2018-12-29 19:01:57 [WARN] rpc error (0): request error 28
2018-12-29 19:02:00 [WARN] rpc error (0): request error 28
2018-12-29 19:02:01 [WARN] rpc error (0): request error 28
2018-12-29 19:02:03 [WARN] rpc error (0): request error 28
2018-12-29 19:02:05 [WARN] rpc error (0): request error 28
2018-12-29 19:02:10 [WARN] rpc error (0): request error 28
2018-12-29 19:02:11 [WARN] rpc error (0): request error 28
2018-12-29 19:02:43 [WARN] rpc error (0): request error 28
2018-12-29 19:02:44 [WARN] rpc error (0): request error 28
2018-12-29 19:02:49 [WARN] rpc error (0): request error 28
2018-12-29 19:03:01 [WARN] rpc error (0): request error 28
2018-12-29 19:03:09 [WARN] rpc error (0): request error 28
2018-12-29 19:03:26 [WARN] rpc error (0): request error 28
2018-12-29 19:03:36 [WARN] rpc error (0): request error 28
2018-12-29 19:03:41 [WARN] rpc error (0): request error 28
2018-12-29 19:03:43 [WARN] rpc error (0): request error 28
2018-12-29 19:12:24 [WARN] script log (默认): {"error_code":31326,"error_msg":"user is not authorized, hitcode:117","request_id":8414362740285313785}
2018-12-29 19:12:24 [WARN] ID#5 - 您的账号可能已被百度限速(-3) FILE="C:/Users/asus/Desktop/Trilian/Trilian.z29" SIZE="730000000"
2018-12-29 19:12:24 [WARN] script log (默认): {"error_code":31326,"error_msg":"user is not authorized, hitcode:117","request_id":8414362848243881186}
2018-12-29 19:12:24 [WARN] ID#6 - 您的账号可能已被百度限速(-3) FILE="C:/Users/asus/Desktop/Trilian/Trilian.z30" SIZE="730000000"
2018-12-29 19:12:25 [WARN] script log (默认): {"error_code":31326,"error_msg":"user is not authorized, hitcode:117","request_id":8414362955601264157}
2018-12-29 19:12:25 [WARN] ID#7 - 您的账号可能已被百度限速(-3) FILE="C:/Users/asus/Desktop/Trilian/Trilian.z31" SIZE="730000000"
2018-12-29 19:12:27 [WARN] ID#8 - The response status is not successful. status=500(22) FILE="C:/Users/asus/Desktop/Trilian/Trilian.z32" SIZE="730000000"
2018-12-29 19:12:29 [WARN] ID#5 - The response status is not successful. status=403(22) FILE="C:/Users/asus/Desktop/Trilian/Trilian.z29" SIZE="730000000"
2018-12-29 19:12:31 [WARN] ID#5 - The response status is not successful. status=500(22) FILE="C:/Users/asus/Desktop/Trilian/Trilian.z29" SIZE="730000000"
2018-12-29 19:12:33 [WARN] ID#6 - The response status is not successful. status=403(22) FILE="C:/Users/asus/Desktop/Trilian/Trilian.z30" SIZE="730000000"
2018-12-29 19:12:33 [WARN] ID#7 - The response status is not successful. status=403(22) FILE="C:/Users/asus/Desktop/Trilian/Trilian.z31" SIZE="730000000"
2018-12-29 19:12:35 [WARN] ID#6 - The response status is not successful. status=500(22) FILE="C:/Users/asus/Desktop/Trilian/Trilian.z30" SIZE="730000000"
2018-12-29 19:12:35 [WARN] ID#7 - The response status is not successful. status=403(22) FILE="C:/Users/asus/Desktop/Trilian/Trilian.z31" SIZE="730000000"
2018-12-29 19:12:37 [WARN] ID#8 - The response status is not successful. status=403(22) FILE="C:/Users/asus/Desktop/Trilian/Trilian.z32" SIZE="730000000"
2018-12-29 19:12:39 [WARN] ID#9 - The response status is not successful. status=403(22) FILE="C:/Users/asus/Desktop/Trilian/Trilian.z33" SIZE="730000000"
2018-12-29 19:12:39 [WARN] ID#8 - The response status is not successful. status=403(22) FILE="C:/Users/asus/Desktop/Trilian/Trilian.z32" SIZE="730000000"
2018-12-29 19:12:41 [WARN] ID#10 - The response status is not successful. status=500(22) FILE="C:/Users/asus/Desktop/Trilian/Trilian.z34" SIZE="730000000"
2018-12-29 19:12:42 [WARN] ID#9 - The response status is not successful. status=403(22) FILE="C:/Users/asus/Desktop/Trilian/Trilian.z33" SIZE="730000000"
2018-12-29 19:12:43 [WARN] script log (默认): {"error_code":31326,"error_msg":"user is not authorized, hitcode:117","request_id":8414367851351425594}
2018-12-29 19:12:43 [WARN] ID#9 - 您的账号可能已被百度限速(-3) FILE="C:/Users/asus/Desktop/Trilian/Trilian.z33" SIZE="730000000"
2018-12-29 19:12:43 [WARN] script log (默认): {"error_code":31326,"error_msg":"user is not authorized, hitcode:117","request_id":8414367964616863995}
2018-12-29 19:12:43 [WARN] ID#11 - 您的账号可能已被百度限速(-3) FILE="C:/Users/asus/Desktop/Trilian/Trilian.z35" SIZE="730000000"
2018-12-29 19:12:43 [WARN] ID#10 - The response status is not successful. status=500(22) FILE="C:/Users/asus/Desktop/Trilian/Trilian.z34" SIZE="730000000"
2018-12-29 19:12:43 [WARN] script log (默认): {"error_code":31326,"error_msg":"user is not authorized, hitcode:117","request_id":8414368073100304976}
2018-12-29 19:12:44 [WARN] ID#12 - 您的账号可能已被百度限速(-3) FILE="C:/Users/asus/Desktop/Trilian/Trilian.z36" SIZE="730000000"
2018-12-29 19:12:44 [WARN] script log (默认): {"error_code":31326,"error_msg":"user is not authorized, hitcode:117","request_id":8414368134503319178}
2018-12-29 19:12:44 [WARN] ID#10 - 您的账号可能已被百度限速(-3) FILE="C:/Users/asus/Desktop/Trilian/Trilian.z34" SIZE="730000000"
2018-12-29 19:12:44 [WARN] script log (默认): {"error_code":31326,"error_msg":"user is not authorized, hitcode:117","request_id":8414368244001365654}
2018-12-29 19:12:44 [WARN] script log (默认): {"error_code":31326,"error_msg":"user is not authorized, hitcode:117","request_id":8414368245918803706}
2018-12-29 19:12:44 [WARN] ID#11 - 您的账号可能已被百度限速(-3) FILE="C:/Users/asus/Desktop/Trilian/Trilian.z35" SIZE="730000000"
2018-12-29 19:12:44 [WARN] ID#12 - 您的账号可能已被百度限速(-3) FILE="C:/Users/asus/Desktop/Trilian/Trilian.z36" SIZE="730000000"
2018-12-29 19:12:46 [WARN] ID#11 - The response status is not successful. status=403(22) FILE="C:/Users/asus/Desktop/Trilian/Trilian.z35" SIZE="730000000"
2018-12-29 19:12:49 [WARN] ID#12 - The response status is not successful. status=403(22) FILE="C:/Users/asus/Desktop/Trilian/Trilian.z36" SIZE="730000000"
2018-12-29 19:55:52 [WARN] script log (默认): {"error_code":31326,"error_msg":"user is not authorized, hitcode:117","request_id":8415062877459516134}
2018-12-29 19:55:52 [WARN] ID#5 - 您的账号可能已被百度限速(-3) FILE="C:/Users/asus/Desktop/Trilian/Trilian.z32" SIZE="730000000"
2018-12-29 19:55:53 [WARN] script log (默认): {"error_code":31326,"error_msg":"user is not authorized, hitcode:117","request_id":8415063018096299175}
2018-12-29 19:55:53 [WARN] ID#6 - 您的账号可能已被百度限速(-3) FILE="C:/Users/asus/Desktop/Trilian/Trilian.z33" SIZE="730000000"
2018-12-29 19:55:53 [WARN] script log (默认): {"error_code":31326,"error_msg":"user is not authorized, hitcode:117","request_id":8415063241404725640}
2018-12-29 19:55:53 [WARN] ID#5 - 您的账号可能已被百度限速(-3) FILE="C:/Users/asus/Desktop/Trilian/Trilian.z32" SIZE="730000000"
2018-12-29 19:55:54 [WARN] script log (默认): {"error_code":31326,"error_msg":"user is not authorized, hitcode:117","request_id":8415063354148989455}
2018-12-29 19:55:54 [WARN] ID#6 - 您的账号可能已被百度限速(-3) FILE="C:/Users/asus/Desktop/Trilian/Trilian.z33" SIZE="730000000"
2018-12-29 19:55:54 [WARN] script log (默认): {"error_code":31326,"error_msg":"user is not authorized, hitcode:117","request_id":8415063514410795110}
2018-12-29 19:55:54 [WARN] ID#5 - 您的账号可能已被百度限速(-3) FILE="C:/Users/asus/Desktop/Trilian/Trilian.z32" SIZE="730000000"
2018-12-29 19:55:56 [WARN] ID#6 - The response status is not successful. status=403(22) FILE="C:/Users/asus/Desktop/Trilian/Trilian.z33" SIZE="730000000"
2018-12-29 20:08:37 [WARN] ID#1 - The response status is not successful. status=403(22) FILE="C:/Users/asus/Desktop/Trilian/Trilian.z24" SIZE="730000000"
2018-12-29 20:14:25 [INFO] close main window
2018-12-29 20:14:26 [INFO] exit
