2019-12-07 16:53:50 [INFO] pandownload version: 2.1.3
2019-12-07 16:53:52 [INFO] aria2 websocket connection opened (127.0.0.1:36912)
2019-12-07 16:53:52 [INFO] aria2 version: 1.34.0
2019-12-07 16:53:52 [INFO] aria2 json-rpc path: http://token:pandownload@127.0.0.1:36912/jsonrpc
2019-12-07 16:53:52 [INFO] create main window
2019-12-07 16:53:52 [INFO] verify cookie (622)
2019-12-07 16:53:52 [INFO] verify cookie (630)
2019-12-07 16:53:57 [WARN] request error (0x200000001): https://pan.baidu.com/api/quota {"errno":1,"request_id":7901890106984726673}
2019-12-07 16:53:57 [INFO] user login success (1379078960): 1246725901a
2019-12-07 16:54:09 [INFO] user login success (2285008211): 1246725901a5
2019-12-07 16:56:01 [WARN] request error (0x200000001): https://pan.baidu.com/api/quota {"errno":1,"request_id":7901923139597340147}
2019-12-07 17:00:10 [WARN] ID#3 - No URI available.(22) FILE="E:/CV/英文简历模板/英文简历模板.rar" SIZE="8696854"
2019-12-07 17:00:13 [WARN] ID#3 - The response status is not successful. status=403(22) FILE="E:/CV/英文简历模板/英文简历模板.rar" SIZE="8696854"
2019-12-07 17:00:16 [WARN] ID#3 - The response status is not successful. status=403(22) FILE="E:/CV/英文简历模板/英文简历模板.rar" SIZE="8696854"
2019-12-07 17:02:04 [WARN] ID#7 - The response status is not successful. status=403(22) FILE="E:/CV/20款不同风格的word格式英文简历模板.rar" SIZE="2541216"
2019-12-07 17:02:06 [WARN] ID#7 - The response status is not successful. status=403(22) FILE="E:/CV/20款不同风格的word格式英文简历模板.rar" SIZE="2541216"
2019-12-07 17:02:09 [WARN] ID#7 - The response status is not successful. status=403(22) FILE="E:/CV/20款不同风格的word格式英文简历模板.rar" SIZE="2541216"
2019-12-07 17:02:22 [WARN] ID#3 - The response status is not successful. status=403(22) FILE="E:/CV/英文简历模板/英文简历模板.rar" SIZE="8696854"
2019-12-07 17:02:24 [WARN] ID#3 - The response status is not successful. status=403(22) FILE="E:/CV/英文简历模板/英文简历模板.rar" SIZE="8696854"
2019-12-07 17:02:28 [WARN] ID#3 - The response status is not successful. status=403(22) FILE="E:/CV/英文简历模板/英文简历模板.rar" SIZE="8696854"
2019-12-07 17:02:31 [WARN] ID#7 - The response status is not successful. status=403(22) FILE="E:/CV/20款不同风格的word格式英文简历模板.rar" SIZE="2541216"
2019-12-07 17:02:34 [WARN] ID#7 - The response status is not successful. status=403(22) FILE="E:/CV/20款不同风格的word格式英文简历模板.rar" SIZE="2541216"
2019-12-07 17:02:36 [WARN] ID#7 - The response status is not successful. status=403(22) FILE="E:/CV/20款不同风格的word格式英文简历模板.rar" SIZE="2541216"
2019-12-07 17:02:39 [WARN] ID#7 - The response status is not successful. status=403(22) FILE="E:/CV/20款不同风格的word格式英文简历模板.rar" SIZE="2541216"
2019-12-07 17:02:41 [WARN] ID#3 - The response status is not successful. status=403(22) FILE="E:/CV/英文简历模板/英文简历模板.rar" SIZE="8696854"
2019-12-07 17:02:43 [WARN] ID#3 - No URI available.(22) FILE="E:/CV/英文简历模板/英文简历模板.rar" SIZE="8696854"
2019-12-07 17:02:46 [WARN] ID#3 - No URI available.(22) FILE="E:/CV/英文简历模板/英文简历模板.rar" SIZE="8696854"
2019-12-07 17:36:57 [INFO] close main window
2019-12-07 17:36:57 [WARN] aria2 websocket connection closed (127.0.0.1:36912), code: 1000 (Normal close), reason: aria2 shutdown
2019-12-07 17:36:58 [INFO] websocket client stop
2019-12-07 17:36:58 [INFO] exit
