2019-12-06 11:59:31 [INFO] pandownload version: 2.1.3
2019-12-06 11:59:33 [INFO] aria2 websocket connection opened (127.0.0.1:36839)
2019-12-06 11:59:33 [INFO] aria2 version: 1.34.0
2019-12-06 11:59:33 [INFO] aria2 json-rpc path: http://token:pandownload@127.0.0.1:36839/jsonrpc
2019-12-06 11:59:33 [INFO] create main window
2019-12-06 11:59:33 [INFO] verify cookie (622)
2019-12-06 11:59:33 [INFO] verify cookie (630)
2019-12-06 11:59:35 [INFO] user login success (1379078960): 1246725901a
2019-12-06 11:59:37 [INFO] user login success (2285008211): 1246725901a5
2019-12-06 12:50:45 [WARN] request error (0x200000001): https://pan.baidu.com/api/quota {"errno":1,"request_id":7874780656769356164}
2019-12-06 13:21:02 [WARN] request error (0x200000001): https://pan.baidu.com/api/quota {"errno":1,"request_id":7875268041364034634}
2019-12-06 13:51:43 [WARN] request error (0x200000001): https://pan.baidu.com/api/quota {"errno":1,"request_id":7875762151517581262}
2019-12-06 15:22:12 [WARN] request error (0x200000001): https://pan.baidu.com/api/quota {"errno":1,"request_id":7877219783475233188}
2019-12-06 15:38:02 [WARN] request error (0x200000001): https://pan.baidu.com/api/quota {"errno":1,"request_id":7877474827759266742}
2019-12-06 15:48:36 [WARN] request error (0x200000001): https://pan.baidu.com/api/quota {"errno":1,"request_id":7877645087460814610}
2019-12-06 17:19:22 [WARN] request error (0x200000001): https://pan.baidu.com/api/quota {"errno":1,"request_id":7879106966578897952}
2019-12-06 17:40:31 [WARN] request error (0x200000001): https://pan.baidu.com/api/quota {"errno":1,"request_id":7879447675622244651}
2019-12-06 18:53:56 [WARN] ID#11 - SSL/TLS handshake failure: Error: 远程主机强迫关闭了一个现有的连接。
(2746)(1) FILE="E:/MathWorks MATLAB R2019a v9.6.0.1174912 x64/R2019a_Windows.iso" SIZE="20277436416"
2019-12-06 19:38:33 [WARN] request error (0x200000001): https://pan.baidu.com/api/quota {"errno":1,"request_id":7881349629135353539}
2019-12-06 20:31:12 [WARN] request error (0x200000001): https://pan.baidu.com/api/quota {"errno":1,"request_id":7882196748688254404}
2019-12-06 20:39:04 [INFO] close main window
2019-12-06 20:39:04 [WARN] aria2 websocket connection closed (127.0.0.1:36839), code: 1000 (Normal close), reason: aria2 shutdown
2019-12-06 20:39:05 [INFO] websocket client stop
2019-12-06 20:39:05 [INFO] exit
