2019-03-28 20:01:29 [INFO] pandownload version: 2.0.5
2019-03-28 20:01:31 [WARN] rpc error (0): request error 28
2019-03-28 20:01:32 [INFO] aria2 version: 1.34.0
2019-03-28 20:01:32 [INFO] aria2 json-rpc path: http://token:pandownload@127.0.0.1:6808/jsonrpc
2019-03-28 20:01:32 [INFO] create main window
2019-03-28 20:01:32 [INFO] verify cookie (621)
2019-03-28 20:01:32 [INFO] verify cookie (627)
2019-03-28 20:01:34 [INFO] user login success (1379078960): 1246725901a
2019-03-28 20:01:34 [INFO] user login success (2285008211): 1246725901a5
2019-03-28 22:59:19 [WARN] panerr (0x100000006)
2019-03-28 22:59:19 [WARN] request error (0x100000006): https://pan.baidu.com/api/quota 
2019-03-28 22:59:19 [WARN] panerr (0x100000006)
2019-03-28 22:59:19 [WARN] panerr (0x100000006)
2019-03-28 22:59:19 [WARN] request error (0x100000006): https://pan.baidu.com/api/quota 
2019-03-28 22:59:19 [WARN] panerr (0x100000006)
2019-03-28 22:59:39 [WARN] panerr (0x100000006)
2019-03-28 22:59:39 [WARN] request error (0x100000006): https://pan.baidu.com/api/quota 
2019-03-28 22:59:39 [WARN] panerr (0x100000006)
2019-03-28 22:59:39 [WARN] request error (0x100000006): https://pan.baidu.com/api/quota 
2019-03-28 22:59:59 [WARN] panerr (0x100000006)
2019-03-28 22:59:59 [WARN] request error (0x100000006): https://pan.baidu.com/api/quota 
2019-03-28 22:59:59 [WARN] panerr (0x100000006)
2019-03-28 22:59:59 [WARN] request error (0x100000006): https://pan.baidu.com/api/quota 
2019-03-28 23:00:19 [WARN] panerr (0x100000006)
2019-03-28 23:00:19 [WARN] request error (0x100000006): https://pan.baidu.com/api/quota 
2019-03-28 23:00:19 [WARN] panerr (0x100000006)
2019-03-28 23:00:19 [WARN] request error (0x100000006): https://pan.baidu.com/api/quota 
2019-03-28 23:00:39 [WARN] panerr (0x100000006)
2019-03-28 23:00:39 [WARN] request error (0x100000006): https://pan.baidu.com/api/quota 
2019-03-28 23:00:39 [WARN] panerr (0x100000006)
2019-03-28 23:00:39 [WARN] panerr (0x100000006)
2019-03-28 23:00:39 [WARN] request error (0x100000006): https://pan.baidu.com/api/quota 
2019-03-28 23:00:39 [WARN] panerr (0x100000006)
2019-03-28 23:00:59 [WARN] panerr (0x100000006)
2019-03-28 23:00:59 [WARN] request error (0x100000006): https://pan.baidu.com/api/quota 
2019-03-28 23:00:59 [WARN] panerr (0x100000006)
2019-03-28 23:00:59 [WARN] request error (0x100000006): https://pan.baidu.com/api/quota 
2019-03-28 23:01:19 [WARN] panerr (0x100000006)
2019-03-28 23:01:19 [WARN] request error (0x100000006): https://pan.baidu.com/api/quota 
2019-03-28 23:01:19 [WARN] panerr (0x100000006)
2019-03-28 23:01:19 [WARN] request error (0x100000006): https://pan.baidu.com/api/quota 
2019-03-28 23:01:39 [WARN] panerr (0x100000006)
2019-03-28 23:01:39 [WARN] request error (0x100000006): https://pan.baidu.com/api/quota 
2019-03-28 23:01:39 [WARN] panerr (0x100000006)
2019-03-28 23:01:39 [WARN] request error (0x100000006): https://pan.baidu.com/api/quota 
2019-03-28 23:01:59 [WARN] panerr (0x100000006)
2019-03-28 23:01:59 [WARN] request error (0x100000006): https://pan.baidu.com/api/quota 
2019-03-28 23:01:59 [WARN] panerr (0x100000006)
2019-03-28 23:01:59 [WARN] panerr (0x100000006)
2019-03-28 23:01:59 [WARN] request error (0x100000006): https://pan.baidu.com/api/quota 
2019-03-28 23:01:59 [WARN] panerr (0x100000006)
2019-03-28 23:02:19 [WARN] panerr (0x100000006)
2019-03-28 23:02:19 [WARN] request error (0x100000006): https://pan.baidu.com/api/quota 
2019-03-28 23:02:19 [WARN] panerr (0x100000006)
2019-03-28 23:02:19 [WARN] request error (0x100000006): https://pan.baidu.com/api/quota 
2019-03-28 23:02:39 [WARN] panerr (0x100000006)
2019-03-28 23:02:39 [WARN] request error (0x100000006): https://pan.baidu.com/api/quota 
2019-03-28 23:02:39 [WARN] panerr (0x100000006)
2019-03-28 23:02:39 [WARN] request error (0x100000006): https://pan.baidu.com/api/quota 
2019-03-28 23:02:59 [WARN] panerr (0x100000006)
2019-03-28 23:02:59 [WARN] request error (0x100000006): https://pan.baidu.com/api/quota 
2019-03-28 23:02:59 [WARN] panerr (0x100000006)
2019-03-28 23:02:59 [WARN] request error (0x100000006): https://pan.baidu.com/api/quota 
2019-03-28 23:03:19 [WARN] panerr (0x100000006)
2019-03-28 23:03:19 [WARN] request error (0x100000006): https://pan.baidu.com/api/quota 
2019-03-28 23:03:19 [WARN] panerr (0x100000006)
2019-03-28 23:03:19 [WARN] panerr (0x100000006)
2019-03-28 23:03:19 [WARN] request error (0x100000006): https://pan.baidu.com/api/quota 
2019-03-28 23:03:19 [WARN] panerr (0x100000006)
2019-03-28 23:03:39 [WARN] panerr (0x100000006)
2019-03-28 23:03:39 [WARN] request error (0x100000006): https://pan.baidu.com/api/quota 
2019-03-28 23:03:39 [WARN] panerr (0x100000006)
2019-03-28 23:03:39 [WARN] request error (0x100000006): https://pan.baidu.com/api/quota 
2019-03-28 23:03:59 [WARN] panerr (0x100000006)
2019-03-28 23:03:59 [WARN] request error (0x100000006): https://pan.baidu.com/api/quota 
2019-03-28 23:03:59 [WARN] panerr (0x100000006)
2019-03-28 23:03:59 [WARN] request error (0x100000006): https://pan.baidu.com/api/quota 
2019-03-28 23:04:19 [WARN] panerr (0x100000006)
2019-03-28 23:04:19 [WARN] request error (0x100000006): https://pan.baidu.com/api/quota 
2019-03-28 23:04:19 [WARN] panerr (0x100000006)
2019-03-28 23:04:19 [WARN] request error (0x100000006): https://pan.baidu.com/api/quota 
2019-03-28 23:04:39 [WARN] panerr (0x100000006)
2019-03-28 23:04:39 [WARN] request error (0x100000006): https://pan.baidu.com/api/quota 
2019-03-28 23:04:39 [WARN] panerr (0x100000006)
2019-03-28 23:04:39 [WARN] panerr (0x100000006)
2019-03-28 23:04:39 [WARN] request error (0x100000006): https://pan.baidu.com/api/quota 
2019-03-28 23:04:39 [WARN] panerr (0x100000006)
2019-03-28 23:04:59 [WARN] panerr (0x100000006)
2019-03-28 23:04:59 [WARN] request error (0x100000006): https://pan.baidu.com/api/quota 
2019-03-28 23:04:59 [WARN] panerr (0x100000006)
2019-03-28 23:04:59 [WARN] request error (0x100000006): https://pan.baidu.com/api/quota 
2019-03-28 23:05:19 [WARN] panerr (0x100000006)
2019-03-28 23:05:19 [WARN] request error (0x100000006): https://pan.baidu.com/api/quota 
2019-03-28 23:05:19 [WARN] panerr (0x100000006)
2019-03-28 23:05:19 [WARN] request error (0x100000006): https://pan.baidu.com/api/quota 
2019-03-28 23:05:39 [WARN] panerr (0x100000006)
2019-03-28 23:05:39 [WARN] request error (0x100000006): https://pan.baidu.com/api/quota 
2019-03-28 23:05:39 [WARN] panerr (0x100000006)
2019-03-28 23:05:39 [WARN] request error (0x100000006): https://pan.baidu.com/api/quota 
2019-03-28 23:05:59 [WARN] panerr (0x100000006)
2019-03-28 23:05:59 [WARN] request error (0x100000006): https://pan.baidu.com/api/quota 
2019-03-28 23:05:59 [WARN] panerr (0x100000006)
2019-03-28 23:05:59 [WARN] panerr (0x100000006)
2019-03-28 23:05:59 [WARN] request error (0x100000006): https://pan.baidu.com/api/quota 
2019-03-28 23:05:59 [WARN] panerr (0x100000006)
2019-03-28 23:06:19 [WARN] panerr (0x100000006)
2019-03-28 23:06:19 [WARN] request error (0x100000006): https://pan.baidu.com/api/quota 
2019-03-28 23:06:19 [WARN] panerr (0x100000006)
2019-03-28 23:06:19 [WARN] request error (0x100000006): https://pan.baidu.com/api/quota 
2019-03-28 23:06:39 [WARN] panerr (0x100000006)
2019-03-28 23:06:39 [WARN] request error (0x100000006): https://pan.baidu.com/api/quota 
2019-03-28 23:06:39 [WARN] panerr (0x100000006)
2019-03-28 23:06:39 [WARN] request error (0x100000006): https://pan.baidu.com/api/quota 
2019-03-28 23:06:59 [WARN] panerr (0x100000006)
2019-03-28 23:06:59 [WARN] request error (0x100000006): https://pan.baidu.com/api/quota 
2019-03-28 23:06:59 [WARN] panerr (0x100000006)
2019-03-28 23:06:59 [WARN] request error (0x100000006): https://pan.baidu.com/api/quota 
2019-03-28 23:07:19 [WARN] panerr (0x100000006)
2019-03-28 23:07:19 [WARN] request error (0x100000006): https://pan.baidu.com/api/quota 
2019-03-28 23:07:19 [WARN] panerr (0x100000006)
2019-03-28 23:07:19 [WARN] panerr (0x100000006)
2019-03-28 23:07:19 [WARN] request error (0x100000006): https://pan.baidu.com/api/quota 
2019-03-28 23:07:19 [WARN] panerr (0x100000006)
2019-03-28 23:07:39 [WARN] panerr (0x100000006)
2019-03-28 23:07:39 [WARN] request error (0x100000006): https://pan.baidu.com/api/quota 
2019-03-28 23:07:39 [WARN] panerr (0x100000006)
2019-03-28 23:07:39 [WARN] request error (0x100000006): https://pan.baidu.com/api/quota 
2019-03-28 23:07:59 [WARN] panerr (0x100000006)
2019-03-28 23:07:59 [WARN] request error (0x100000006): https://pan.baidu.com/api/quota 
2019-03-28 23:07:59 [WARN] panerr (0x100000006)
2019-03-28 23:07:59 [WARN] request error (0x100000006): https://pan.baidu.com/api/quota 
2019-03-28 23:08:19 [WARN] panerr (0x100000006)
2019-03-28 23:08:19 [WARN] request error (0x100000006): https://pan.baidu.com/api/quota 
2019-03-28 23:08:19 [WARN] panerr (0x100000006)
2019-03-28 23:08:19 [WARN] request error (0x100000006): https://pan.baidu.com/api/quota 
2019-03-28 23:08:39 [WARN] panerr (0x100000006)
2019-03-28 23:08:39 [WARN] request error (0x100000006): https://pan.baidu.com/api/quota 
2019-03-28 23:08:39 [WARN] panerr (0x100000006)
2019-03-28 23:08:39 [WARN] panerr (0x100000006)
2019-03-28 23:08:39 [WARN] request error (0x100000006): https://pan.baidu.com/api/quota 
2019-03-28 23:08:39 [WARN] panerr (0x100000006)
2019-03-28 23:08:59 [WARN] panerr (0x100000006)
2019-03-28 23:08:59 [WARN] request error (0x100000006): https://pan.baidu.com/api/quota 
2019-03-28 23:08:59 [WARN] panerr (0x100000006)
2019-03-28 23:08:59 [WARN] request error (0x100000006): https://pan.baidu.com/api/quota 
2019-03-28 23:09:19 [WARN] panerr (0x100000006)
2019-03-28 23:09:19 [WARN] request error (0x100000006): https://pan.baidu.com/api/quota 
2019-03-28 23:09:19 [WARN] panerr (0x100000006)
2019-03-28 23:09:19 [WARN] request error (0x100000006): https://pan.baidu.com/api/quota 
2019-03-28 23:09:39 [WARN] panerr (0x100000006)
2019-03-28 23:09:39 [WARN] request error (0x100000006): https://pan.baidu.com/api/quota 
2019-03-28 23:09:39 [WARN] panerr (0x100000006)
2019-03-28 23:09:39 [WARN] request error (0x100000006): https://pan.baidu.com/api/quota 
2019-03-28 23:09:59 [WARN] panerr (0x100000006)
2019-03-28 23:09:59 [WARN] request error (0x100000006): https://pan.baidu.com/api/quota 
2019-03-28 23:09:59 [WARN] panerr (0x100000006)
2019-03-28 23:09:59 [WARN] panerr (0x100000006)
2019-03-28 23:09:59 [WARN] request error (0x100000006): https://pan.baidu.com/api/quota 
2019-03-28 23:09:59 [WARN] panerr (0x100000006)
2019-03-28 23:10:19 [WARN] panerr (0x100000006)
2019-03-28 23:10:19 [WARN] request error (0x100000006): https://pan.baidu.com/api/quota 
2019-03-28 23:10:19 [WARN] panerr (0x100000006)
2019-03-28 23:10:19 [WARN] request error (0x100000006): https://pan.baidu.com/api/quota 
2019-03-28 23:10:39 [WARN] panerr (0x100000006)
2019-03-28 23:10:39 [WARN] request error (0x100000006): https://pan.baidu.com/api/quota 
2019-03-28 23:10:39 [WARN] panerr (0x100000006)
2019-03-28 23:10:39 [WARN] request error (0x100000006): https://pan.baidu.com/api/quota 
2019-03-28 23:10:59 [WARN] panerr (0x100000006)
2019-03-28 23:10:59 [WARN] request error (0x100000006): https://pan.baidu.com/api/quota 
2019-03-28 23:10:59 [WARN] panerr (0x100000006)
2019-03-28 23:10:59 [WARN] request error (0x100000006): https://pan.baidu.com/api/quota 
2019-03-28 23:11:19 [WARN] panerr (0x100000006)
2019-03-28 23:11:19 [WARN] request error (0x100000006): https://pan.baidu.com/api/quota 
2019-03-28 23:11:19 [WARN] panerr (0x100000006)
2019-03-28 23:11:19 [WARN] panerr (0x100000006)
2019-03-28 23:11:19 [WARN] request error (0x100000006): https://pan.baidu.com/api/quota 
2019-03-28 23:11:19 [WARN] panerr (0x100000006)
2019-03-28 23:11:39 [WARN] panerr (0x100000006)
2019-03-28 23:11:39 [WARN] request error (0x100000006): https://pan.baidu.com/api/quota 
2019-03-28 23:11:39 [WARN] panerr (0x100000006)
2019-03-28 23:11:39 [WARN] request error (0x100000006): https://pan.baidu.com/api/quota 
2019-03-28 23:11:59 [WARN] panerr (0x100000006)
2019-03-28 23:11:59 [WARN] request error (0x100000006): https://pan.baidu.com/api/quota 
2019-03-28 23:11:59 [WARN] panerr (0x100000006)
2019-03-28 23:11:59 [WARN] request error (0x100000006): https://pan.baidu.com/api/quota 
2019-03-28 23:12:19 [WARN] panerr (0x100000006)
2019-03-28 23:12:19 [WARN] request error (0x100000006): https://pan.baidu.com/api/quota 
2019-03-28 23:12:19 [WARN] panerr (0x100000006)
2019-03-28 23:12:19 [WARN] request error (0x100000006): https://pan.baidu.com/api/quota 
2019-03-28 23:12:39 [WARN] panerr (0x100000006)
2019-03-28 23:12:39 [WARN] request error (0x100000006): https://pan.baidu.com/api/quota 
2019-03-28 23:12:39 [WARN] panerr (0x100000006)
2019-03-28 23:12:39 [WARN] panerr (0x100000006)
2019-03-28 23:12:39 [WARN] request error (0x100000006): https://pan.baidu.com/api/quota 
2019-03-28 23:12:39 [WARN] panerr (0x100000006)
2019-03-28 23:12:59 [WARN] panerr (0x100000006)
2019-03-28 23:12:59 [WARN] request error (0x100000006): https://pan.baidu.com/api/quota 
2019-03-28 23:12:59 [WARN] panerr (0x100000006)
2019-03-28 23:12:59 [WARN] request error (0x100000006): https://pan.baidu.com/api/quota 
2019-03-28 23:13:19 [WARN] panerr (0x100000006)
2019-03-28 23:13:19 [WARN] request error (0x100000006): https://pan.baidu.com/api/quota 
2019-03-28 23:13:19 [WARN] panerr (0x100000006)
2019-03-28 23:13:19 [WARN] request error (0x100000006): https://pan.baidu.com/api/quota 
2019-03-28 23:13:39 [WARN] panerr (0x100000006)
2019-03-28 23:13:39 [WARN] request error (0x100000006): https://pan.baidu.com/api/quota 
2019-03-28 23:13:39 [WARN] panerr (0x100000006)
2019-03-28 23:13:39 [WARN] request error (0x100000006): https://pan.baidu.com/api/quota 
2019-03-28 23:13:59 [WARN] panerr (0x100000006)
2019-03-28 23:13:59 [WARN] request error (0x100000006): https://pan.baidu.com/api/quota 
2019-03-28 23:13:59 [WARN] panerr (0x100000006)
2019-03-28 23:13:59 [WARN] panerr (0x100000006)
2019-03-28 23:13:59 [WARN] request error (0x100000006): https://pan.baidu.com/api/quota 
2019-03-28 23:13:59 [WARN] panerr (0x100000006)
2019-03-28 23:14:19 [WARN] panerr (0x100000006)
2019-03-28 23:14:19 [WARN] request error (0x100000006): https://pan.baidu.com/api/quota 
2019-03-28 23:14:19 [WARN] panerr (0x100000006)
2019-03-28 23:14:19 [WARN] request error (0x100000006): https://pan.baidu.com/api/quota 
2019-03-28 23:14:39 [WARN] panerr (0x100000006)
2019-03-28 23:14:39 [WARN] request error (0x100000006): https://pan.baidu.com/api/quota 
2019-03-28 23:14:39 [WARN] panerr (0x100000006)
2019-03-28 23:14:39 [WARN] request error (0x100000006): https://pan.baidu.com/api/quota 
2019-03-28 23:14:59 [WARN] panerr (0x100000006)
2019-03-28 23:14:59 [WARN] request error (0x100000006): https://pan.baidu.com/api/quota 
2019-03-28 23:14:59 [WARN] panerr (0x100000006)
2019-03-28 23:14:59 [WARN] request error (0x100000006): https://pan.baidu.com/api/quota 
2019-03-28 23:15:19 [WARN] panerr (0x100000006)
2019-03-28 23:15:19 [WARN] request error (0x100000006): https://pan.baidu.com/api/quota 
2019-03-28 23:15:19 [WARN] panerr (0x100000006)
2019-03-28 23:15:19 [WARN] panerr (0x100000006)
2019-03-28 23:15:19 [WARN] request error (0x100000006): https://pan.baidu.com/api/quota 
2019-03-28 23:15:19 [WARN] panerr (0x100000006)
2019-03-28 23:15:39 [WARN] panerr (0x100000006)
2019-03-28 23:15:39 [WARN] request error (0x100000006): https://pan.baidu.com/api/quota 
2019-03-28 23:15:39 [WARN] panerr (0x100000006)
2019-03-28 23:15:39 [WARN] request error (0x100000006): https://pan.baidu.com/api/quota 
2019-03-28 23:15:59 [WARN] panerr (0x100000006)
2019-03-28 23:15:59 [WARN] request error (0x100000006): https://pan.baidu.com/api/quota 
2019-03-28 23:15:59 [WARN] panerr (0x100000006)
2019-03-28 23:15:59 [WARN] request error (0x100000006): https://pan.baidu.com/api/quota 
2019-03-28 23:16:19 [WARN] panerr (0x100000006)
2019-03-28 23:16:19 [WARN] request error (0x100000006): https://pan.baidu.com/api/quota 
2019-03-28 23:16:19 [WARN] panerr (0x100000006)
2019-03-28 23:16:19 [WARN] request error (0x100000006): https://pan.baidu.com/api/quota 
2019-03-28 23:16:39 [WARN] panerr (0x100000006)
2019-03-28 23:16:39 [WARN] request error (0x100000006): https://pan.baidu.com/api/quota 
2019-03-28 23:16:39 [WARN] panerr (0x100000006)
2019-03-28 23:16:39 [WARN] panerr (0x100000006)
2019-03-28 23:16:39 [WARN] request error (0x100000006): https://pan.baidu.com/api/quota 
2019-03-28 23:16:39 [WARN] panerr (0x100000006)
2019-03-28 23:16:59 [WARN] panerr (0x100000006)
2019-03-28 23:16:59 [WARN] request error (0x100000006): https://pan.baidu.com/api/quota 
2019-03-28 23:16:59 [WARN] panerr (0x100000006)
2019-03-28 23:16:59 [WARN] request error (0x100000006): https://pan.baidu.com/api/quota 
2019-03-28 23:17:19 [WARN] panerr (0x100000006)
2019-03-28 23:17:19 [WARN] request error (0x100000006): https://pan.baidu.com/api/quota 
2019-03-28 23:17:19 [WARN] panerr (0x100000006)
2019-03-28 23:17:19 [WARN] request error (0x100000006): https://pan.baidu.com/api/quota 
2019-03-28 23:17:39 [WARN] panerr (0x100000006)
2019-03-28 23:17:39 [WARN] request error (0x100000006): https://pan.baidu.com/api/quota 
2019-03-28 23:17:39 [WARN] panerr (0x100000006)
2019-03-28 23:17:39 [WARN] request error (0x100000006): https://pan.baidu.com/api/quota 
2019-03-28 23:17:59 [WARN] panerr (0x100000006)
2019-03-28 23:17:59 [WARN] request error (0x100000006): https://pan.baidu.com/api/quota 
2019-03-28 23:17:59 [WARN] panerr (0x100000006)
2019-03-28 23:17:59 [WARN] panerr (0x100000006)
2019-03-28 23:17:59 [WARN] request error (0x100000006): https://pan.baidu.com/api/quota 
2019-03-28 23:17:59 [WARN] panerr (0x100000006)
2019-03-28 23:18:19 [WARN] panerr (0x100000006)
2019-03-28 23:18:19 [WARN] request error (0x100000006): https://pan.baidu.com/api/quota 
2019-03-28 23:18:19 [WARN] panerr (0x100000006)
2019-03-28 23:18:19 [WARN] request error (0x100000006): https://pan.baidu.com/api/quota 
2019-03-28 23:18:39 [WARN] panerr (0x100000006)
2019-03-28 23:18:39 [WARN] request error (0x100000006): https://pan.baidu.com/api/quota 
2019-03-28 23:18:39 [WARN] panerr (0x100000006)
2019-03-28 23:18:39 [WARN] request error (0x100000006): https://pan.baidu.com/api/quota 
2019-03-28 23:18:59 [WARN] panerr (0x100000006)
2019-03-28 23:18:59 [WARN] request error (0x100000006): https://pan.baidu.com/api/quota 
2019-03-28 23:18:59 [WARN] panerr (0x100000006)
2019-03-28 23:18:59 [WARN] request error (0x100000006): https://pan.baidu.com/api/quota 
2019-03-28 23:19:19 [WARN] panerr (0x100000006)
2019-03-28 23:19:19 [WARN] request error (0x100000006): https://pan.baidu.com/api/quota 
2019-03-28 23:19:19 [WARN] panerr (0x100000006)
2019-03-28 23:19:19 [WARN] panerr (0x100000006)
2019-03-28 23:19:19 [WARN] request error (0x100000006): https://pan.baidu.com/api/quota 
2019-03-28 23:19:19 [WARN] panerr (0x100000006)
2019-03-28 23:19:39 [WARN] panerr (0x100000006)
2019-03-28 23:19:39 [WARN] request error (0x100000006): https://pan.baidu.com/api/quota 
2019-03-28 23:19:39 [WARN] panerr (0x100000006)
2019-03-28 23:19:39 [WARN] request error (0x100000006): https://pan.baidu.com/api/quota 
2019-03-28 23:19:59 [WARN] panerr (0x100000006)
2019-03-28 23:19:59 [WARN] request error (0x100000006): https://pan.baidu.com/api/quota 
2019-03-28 23:19:59 [WARN] panerr (0x100000006)
2019-03-28 23:19:59 [WARN] request error (0x100000006): https://pan.baidu.com/api/quota 
2019-03-28 23:20:19 [WARN] panerr (0x100000006)
2019-03-28 23:20:19 [WARN] request error (0x100000006): https://pan.baidu.com/api/quota 
2019-03-28 23:20:19 [WARN] panerr (0x100000006)
2019-03-28 23:20:19 [WARN] request error (0x100000006): https://pan.baidu.com/api/quota 
2019-03-28 23:20:39 [WARN] panerr (0x100000006)
2019-03-28 23:20:39 [WARN] request error (0x100000006): https://pan.baidu.com/api/quota 
2019-03-28 23:20:39 [WARN] panerr (0x100000006)
2019-03-28 23:20:39 [WARN] panerr (0x100000006)
2019-03-28 23:20:39 [WARN] request error (0x100000006): https://pan.baidu.com/api/quota 
2019-03-28 23:20:39 [WARN] panerr (0x100000006)
2019-03-28 23:20:59 [WARN] panerr (0x100000006)
2019-03-28 23:20:59 [WARN] request error (0x100000006): https://pan.baidu.com/api/quota 
2019-03-28 23:20:59 [WARN] panerr (0x100000006)
2019-03-28 23:20:59 [WARN] request error (0x100000006): https://pan.baidu.com/api/quota 
2019-03-28 23:21:19 [WARN] panerr (0x100000006)
2019-03-28 23:21:19 [WARN] request error (0x100000006): https://pan.baidu.com/api/quota 
2019-03-28 23:21:19 [WARN] panerr (0x100000006)
2019-03-28 23:21:19 [WARN] request error (0x100000006): https://pan.baidu.com/api/quota 
2019-03-28 23:21:39 [WARN] panerr (0x100000006)
2019-03-28 23:21:39 [WARN] request error (0x100000006): https://pan.baidu.com/api/quota 
2019-03-28 23:21:39 [WARN] panerr (0x100000006)
2019-03-28 23:21:39 [WARN] request error (0x100000006): https://pan.baidu.com/api/quota 
2019-03-28 23:21:59 [WARN] panerr (0x100000006)
2019-03-28 23:21:59 [WARN] request error (0x100000006): https://pan.baidu.com/api/quota 
2019-03-28 23:21:59 [WARN] panerr (0x100000006)
2019-03-28 23:21:59 [WARN] panerr (0x100000006)
2019-03-28 23:21:59 [WARN] request error (0x100000006): https://pan.baidu.com/api/quota 
2019-03-28 23:21:59 [WARN] panerr (0x100000006)
2019-03-28 23:22:19 [WARN] panerr (0x100000006)
2019-03-28 23:22:19 [WARN] request error (0x100000006): https://pan.baidu.com/api/quota 
2019-03-28 23:22:19 [WARN] panerr (0x100000006)
2019-03-28 23:22:19 [WARN] request error (0x100000006): https://pan.baidu.com/api/quota 
2019-03-28 23:22:39 [WARN] panerr (0x100000006)
2019-03-28 23:22:39 [WARN] request error (0x100000006): https://pan.baidu.com/api/quota 
2019-03-28 23:22:39 [WARN] panerr (0x100000006)
2019-03-28 23:22:39 [WARN] request error (0x100000006): https://pan.baidu.com/api/quota 
2019-03-28 23:22:59 [WARN] panerr (0x100000006)
2019-03-28 23:22:59 [WARN] request error (0x100000006): https://pan.baidu.com/api/quota 
2019-03-28 23:22:59 [WARN] panerr (0x100000006)
2019-03-28 23:22:59 [WARN] request error (0x100000006): https://pan.baidu.com/api/quota 
2019-03-28 23:23:09 [INFO] close main window
2019-03-28 23:23:10 [INFO] exit
