2019-01-20 13:10:16 [INFO] pandownload version: 2.0.5
2019-01-20 13:10:20 [WARN] rpc error (0): request error 28
2019-01-20 13:10:21 [INFO] aria2 version: 1.34.0
2019-01-20 13:10:21 [INFO] aria2 json-rpc path: http://token:pandownload@127.0.0.1:6808/jsonrpc
2019-01-20 13:10:21 [INFO] create main window
2019-01-20 13:10:21 [INFO] verify cookie (619)
2019-01-20 13:10:21 [INFO] verify cookie (642)
2019-01-20 13:10:22 [WARN] panerr (0x2fffffff7)
2019-01-20 13:10:25 [INFO] user login success (1379078960): 1246725901a
2019-01-20 13:10:28 [INFO] user login success (2285008211): 1246725901a5
2019-01-20 13:20:33 [WARN] rpc error (0): request error 28
2019-01-20 13:20:34 [WARN] rpc error (0): request error 28
2019-01-20 13:20:44 [WARN] rpc error (0): request error 28
2019-01-20 13:21:39 [WARN] rpc error (0): request error 28
2019-01-20 13:21:40 [WARN] rpc error (0): request error 28
2019-01-20 13:21:43 [WARN] rpc error (0): request error 28
2019-01-20 13:22:23 [WARN] rpc error (0): request error 28
2019-01-20 13:23:24 [WARN] rpc error (0): request error 28
2019-01-20 13:29:24 [WARN] rpc error (0): request error 28
2019-01-20 13:31:24 [WARN] rpc error (0): request error 28
2019-01-20 13:31:25 [WARN] rpc error (0): request error 28
2019-01-20 13:32:02 [WARN] ID#1 - No URI available.(22) FILE="C:/Users/asus/Desktop/XLN Audio Addictive Keys Complete v1.1.5-R2R/XLN.Audio.Addictive.Keys.Complete.v1.1.5.Incl.Keygen.HAPPY.NEW.YEAR-R2R.part1.rar" SIZE="734003200"
2019-01-20 13:32:05 [WARN] ID#1 - Download aborted.(15) FILE="C:/Users/asus/Desktop/XLN Audio Addictive Keys Complete v1.1.5-R2R/XLN.Audio.Addictive.Keys.Complete.v1.1.5.Incl.Keygen.HAPPY.NEW.YEAR-R2R.part1.rar" SIZE="734003200"
2019-01-20 13:32:08 [WARN] rpc error (0): request error 28
2019-01-20 13:32:09 [WARN] rpc error (0): request error 28
2019-01-20 13:32:24 [WARN] rpc error (0): request error 28
2019-01-20 13:32:25 [WARN] rpc error (0): request error 28
2019-01-20 13:32:26 [WARN] rpc error (0): request error 28
2019-01-20 13:32:35 [WARN] ID#2 - No URI available.(22) FILE="C:/Users/asus/Desktop/XLN Audio Addictive Keys Complete v1.1.5-R2R/XLN.Audio.Addictive.Keys.Complete.v1.1.5.Incl.Keygen.HAPPY.NEW.YEAR-R2R.part2.rar" SIZE="734003200"
2019-01-20 13:32:45 [WARN] ID#3 - No URI available.(22) FILE="C:/Users/asus/Desktop/XLN Audio Addictive Keys Complete v1.1.5-R2R/XLN.Audio.Addictive.Keys.Complete.v1.1.5.Incl.Keygen.HAPPY.NEW.YEAR-R2R.part3.rar" SIZE="734003200"
2019-01-20 13:32:49 [WARN] ID#3 - The response status is not successful. status=403(22) FILE="C:/Users/asus/Desktop/XLN Audio Addictive Keys Complete v1.1.5-R2R/XLN.Audio.Addictive.Keys.Complete.v1.1.5.Incl.Keygen.HAPPY.NEW.YEAR-R2R.part3.rar" SIZE="734003200"
2019-01-20 13:32:51 [WARN] ID#3 - The response status is not successful. status=403(22) FILE="C:/Users/asus/Desktop/XLN Audio Addictive Keys Complete v1.1.5-R2R/XLN.Audio.Addictive.Keys.Complete.v1.1.5.Incl.Keygen.HAPPY.NEW.YEAR-R2R.part3.rar" SIZE="734003200"
2019-01-20 13:32:53 [WARN] ID#4 - The response status is not successful. status=403(22) FILE="C:/Users/asus/Desktop/XLN Audio Addictive Keys Complete v1.1.5-R2R/XLN.Audio.Addictive.Keys.Complete.v1.1.5.Incl.Keygen.HAPPY.NEW.YEAR-R2R.part4.rar" SIZE="734003200"
2019-01-20 13:32:55 [WARN] ID#4 - The response status is not successful. status=403(22) FILE="C:/Users/asus/Desktop/XLN Audio Addictive Keys Complete v1.1.5-R2R/XLN.Audio.Addictive.Keys.Complete.v1.1.5.Incl.Keygen.HAPPY.NEW.YEAR-R2R.part4.rar" SIZE="734003200"
2019-01-20 13:32:57 [WARN] ID#4 - The response status is not successful. status=403(22) FILE="C:/Users/asus/Desktop/XLN Audio Addictive Keys Complete v1.1.5-R2R/XLN.Audio.Addictive.Keys.Complete.v1.1.5.Incl.Keygen.HAPPY.NEW.YEAR-R2R.part4.rar" SIZE="734003200"
2019-01-20 13:33:00 [WARN] ID#2 - The response status is not successful. status=403(22) FILE="C:/Users/asus/Desktop/XLN Audio Addictive Keys Complete v1.1.5-R2R/XLN.Audio.Addictive.Keys.Complete.v1.1.5.Incl.Keygen.HAPPY.NEW.YEAR-R2R.part2.rar" SIZE="734003200"
2019-01-20 13:33:00 [WARN] script log (默认): {"error_code":31326,"error_msg":"user is not authorized, hitcode:117","request_id":453758422996305873}
2019-01-20 13:33:01 [WARN] ID#2 - 您的账号可能已被百度限速(-3) FILE="C:/Users/asus/Desktop/XLN Audio Addictive Keys Complete v1.1.5-R2R/XLN.Audio.Addictive.Keys.Complete.v1.1.5.Incl.Keygen.HAPPY.NEW.YEAR-R2R.part2.rar" SIZE="734003200"
2019-01-20 13:33:01 [WARN] script log (默认): {"error_code":31326,"error_msg":"user is not authorized, hitcode:117","request_id":453758589169354007}
2019-01-20 13:33:01 [WARN] ID#6 - 您的账号可能已被百度限速(-3) FILE="C:/Users/asus/Desktop/XLN Audio Addictive Keys Complete v1.1.5-R2R/XLN.Audio.Addictive.Keys.Complete.v1.1.5.Incl.Keygen.HAPPY.NEW.YEAR-R2R.part6.rar" SIZE="569534127"
2019-01-20 13:33:01 [WARN] script log (默认): 
2019-01-20 13:33:01 [WARN] ID#7 - json解析失败(-2) FILE="C:/Users/asus/Desktop/XLN Audio Addictive Keys Complete v1.1.5-R2R/解压密码.txt" SIZE="35"
2019-01-20 13:33:05 [WARN] ID#6 - The response status is not successful. status=403(22) FILE="C:/Users/asus/Desktop/XLN Audio Addictive Keys Complete v1.1.5-R2R/XLN.Audio.Addictive.Keys.Complete.v1.1.5.Incl.Keygen.HAPPY.NEW.YEAR-R2R.part6.rar" SIZE="569534127"
2019-01-20 13:33:07 [WARN] ID#6 - The response status is not successful. status=403(22) FILE="C:/Users/asus/Desktop/XLN Audio Addictive Keys Complete v1.1.5-R2R/XLN.Audio.Addictive.Keys.Complete.v1.1.5.Incl.Keygen.HAPPY.NEW.YEAR-R2R.part6.rar" SIZE="569534127"
2019-01-20 13:52:28 [WARN] rpc error (0): request error 28
2019-01-20 13:52:29 [WARN] rpc error (0): request error 28
2019-01-20 13:53:28 [WARN] rpc error (0): request error 28
2019-01-20 14:01:36 [WARN] ID#2 - No URI available.(22) FILE="C:/Users/asus/Desktop/XLN Audio Addictive Keys Complete v1.1.5-R2R/XLN.Audio.Addictive.Keys.Complete.v1.1.5.Incl.Keygen.HAPPY.NEW.YEAR-R2R.part2.rar" SIZE="734003200"
2019-01-20 14:01:58 [WARN] ID#1 - No URI available.(22) FILE="C:/Users/asus/Desktop/XLN Audio Addictive Keys Complete v1.1.5-R2R/XLN.Audio.Addictive.Keys.Complete.v1.1.5.Incl.Keygen.HAPPY.NEW.YEAR-R2R.part1.rar" SIZE="734003200"
2019-01-20 14:02:00 [WARN] ID#1 - The response status is not successful. status=403(22) FILE="C:/Users/asus/Desktop/XLN Audio Addictive Keys Complete v1.1.5-R2R/XLN.Audio.Addictive.Keys.Complete.v1.1.5.Incl.Keygen.HAPPY.NEW.YEAR-R2R.part1.rar" SIZE="734003200"
2019-01-20 14:02:02 [WARN] ID#1 - The response status is not successful. status=403(22) FILE="C:/Users/asus/Desktop/XLN Audio Addictive Keys Complete v1.1.5-R2R/XLN.Audio.Addictive.Keys.Complete.v1.1.5.Incl.Keygen.HAPPY.NEW.YEAR-R2R.part1.rar" SIZE="734003200"
2019-01-20 14:02:04 [WARN] ID#4 - The response status is not successful. status=403(22) FILE="C:/Users/asus/Desktop/XLN Audio Addictive Keys Complete v1.1.5-R2R/XLN.Audio.Addictive.Keys.Complete.v1.1.5.Incl.Keygen.HAPPY.NEW.YEAR-R2R.part4.rar" SIZE="734003200"
2019-01-20 14:02:04 [WARN] script log (默认): 
2019-01-20 14:02:05 [WARN] ID#4 - json解析失败(-2) FILE="C:/Users/asus/Desktop/XLN Audio Addictive Keys Complete v1.1.5-R2R/XLN.Audio.Addictive.Keys.Complete.v1.1.5.Incl.Keygen.HAPPY.NEW.YEAR-R2R.part4.rar" SIZE="734003200"
2019-01-20 14:02:06 [WARN] ID#5 - The response status is not successful. status=403(22) FILE="C:/Users/asus/Desktop/XLN Audio Addictive Keys Complete v1.1.5-R2R/XLN.Audio.Addictive.Keys.Complete.v1.1.5.Incl.Keygen.HAPPY.NEW.YEAR-R2R.part5.rar" SIZE="734003200"
2019-01-20 14:02:08 [WARN] ID#4 - The response status is not successful. status=403(22) FILE="C:/Users/asus/Desktop/XLN Audio Addictive Keys Complete v1.1.5-R2R/XLN.Audio.Addictive.Keys.Complete.v1.1.5.Incl.Keygen.HAPPY.NEW.YEAR-R2R.part4.rar" SIZE="734003200"
2019-01-20 14:02:09 [WARN] ID#5 - The response status is not successful. status=403(22) FILE="C:/Users/asus/Desktop/XLN Audio Addictive Keys Complete v1.1.5-R2R/XLN.Audio.Addictive.Keys.Complete.v1.1.5.Incl.Keygen.HAPPY.NEW.YEAR-R2R.part5.rar" SIZE="734003200"
2019-01-20 14:02:10 [WARN] ID#5 - The response status is not successful. status=403(22) FILE="C:/Users/asus/Desktop/XLN Audio Addictive Keys Complete v1.1.5-R2R/XLN.Audio.Addictive.Keys.Complete.v1.1.5.Incl.Keygen.HAPPY.NEW.YEAR-R2R.part5.rar" SIZE="734003200"
2019-01-20 14:02:11 [WARN] ID#6 - The response status is not successful. status=403(22) FILE="C:/Users/asus/Desktop/XLN Audio Addictive Keys Complete v1.1.5-R2R/XLN.Audio.Addictive.Keys.Complete.v1.1.5.Incl.Keygen.HAPPY.NEW.YEAR-R2R.part6.rar" SIZE="569534127"
2019-01-20 14:02:13 [WARN] ID#6 - The response status is not successful. status=403(22) FILE="C:/Users/asus/Desktop/XLN Audio Addictive Keys Complete v1.1.5-R2R/XLN.Audio.Addictive.Keys.Complete.v1.1.5.Incl.Keygen.HAPPY.NEW.YEAR-R2R.part6.rar" SIZE="569534127"
2019-01-20 14:02:15 [WARN] ID#6 - The response status is not successful. status=403(22) FILE="C:/Users/asus/Desktop/XLN Audio Addictive Keys Complete v1.1.5-R2R/XLN.Audio.Addictive.Keys.Complete.v1.1.5.Incl.Keygen.HAPPY.NEW.YEAR-R2R.part6.rar" SIZE="569534127"
2019-01-20 14:02:59 [WARN] ID#3 - No URI available.(24) FILE="C:/Users/asus/Desktop/XLN Audio Addictive Keys Complete v1.1.5-R2R/XLN.Audio.Addictive.Keys.Complete.v1.1.5.Incl.Keygen.HAPPY.NEW.YEAR-R2R.part3.rar" SIZE="734003200"
2019-01-20 14:03:28 [WARN] rpc error (0): request error 28
2019-01-20 14:03:29 [WARN] rpc error (0): request error 28
2019-01-20 14:04:29 [WARN] rpc error (0): request error 28
2019-01-20 14:16:18 [WARN] panerr (0x200008cb3)
2019-01-20 14:28:29 [WARN] ID#3 - No URI available.(22) FILE="C:/Users/asus/Desktop/XLN Audio Addictive Keys Complete v1.1.5-R2R/XLN.Audio.Addictive.Keys.Complete.v1.1.5.Incl.Keygen.HAPPY.NEW.YEAR-R2R.part3.rar" SIZE="734003200"
2019-01-20 14:28:38 [WARN] ID#1 - No URI available.(22) FILE="C:/Users/asus/Desktop/XLN Audio Addictive Keys Complete v1.1.5-R2R/XLN.Audio.Addictive.Keys.Complete.v1.1.5.Incl.Keygen.HAPPY.NEW.YEAR-R2R.part1.rar" SIZE="734003200"
2019-01-20 14:28:39 [WARN] ID#2 - No URI available.(22) FILE="C:/Users/asus/Desktop/XLN Audio Addictive Keys Complete v1.1.5-R2R/XLN.Audio.Addictive.Keys.Complete.v1.1.5.Incl.Keygen.HAPPY.NEW.YEAR-R2R.part2.rar" SIZE="734003200"
2019-01-20 14:28:40 [WARN] script log (默认): {"error_code":31326,"error_msg":"user is not authorized, hitcode:117","request_id":454654804241743581}
2019-01-20 14:28:40 [WARN] ID#2 - 您的账号可能已被百度限速(-3) FILE="C:/Users/asus/Desktop/XLN Audio Addictive Keys Complete v1.1.5-R2R/XLN.Audio.Addictive.Keys.Complete.v1.1.5.Incl.Keygen.HAPPY.NEW.YEAR-R2R.part2.rar" SIZE="734003200"
2019-01-20 14:28:43 [WARN] script log (默认): {"error_code":31326,"error_msg":"user is not authorized, hitcode:117","request_id":454655711791114685}
2019-01-20 14:28:43 [WARN] ID#4 - 您的账号可能已被百度限速(-3) FILE="C:/Users/asus/Desktop/XLN Audio Addictive Keys Complete v1.1.5-R2R/XLN.Audio.Addictive.Keys.Complete.v1.1.5.Incl.Keygen.HAPPY.NEW.YEAR-R2R.part4.rar" SIZE="734003200"
2019-01-20 14:28:43 [WARN] script log (默认): {"error_code":31326,"error_msg":"user is not authorized, hitcode:117","request_id":454655771943725186}
2019-01-20 14:28:43 [WARN] ID#5 - 您的账号可能已被百度限速(-3) FILE="C:/Users/asus/Desktop/XLN Audio Addictive Keys Complete v1.1.5-R2R/XLN.Audio.Addictive.Keys.Complete.v1.1.5.Incl.Keygen.HAPPY.NEW.YEAR-R2R.part5.rar" SIZE="734003200"
2019-01-20 14:28:44 [WARN] ID#6 - The response status is not successful. status=403(22) FILE="C:/Users/asus/Desktop/XLN Audio Addictive Keys Complete v1.1.5-R2R/XLN.Audio.Addictive.Keys.Complete.v1.1.5.Incl.Keygen.HAPPY.NEW.YEAR-R2R.part6.rar" SIZE="569534127"
2019-01-20 14:28:45 [WARN] ID#2 - The response status is not successful. status=403(22) FILE="C:/Users/asus/Desktop/XLN Audio Addictive Keys Complete v1.1.5-R2R/XLN.Audio.Addictive.Keys.Complete.v1.1.5.Incl.Keygen.HAPPY.NEW.YEAR-R2R.part2.rar" SIZE="734003200"
2019-01-20 14:28:47 [WARN] ID#4 - The response status is not successful. status=403(22) FILE="C:/Users/asus/Desktop/XLN Audio Addictive Keys Complete v1.1.5-R2R/XLN.Audio.Addictive.Keys.Complete.v1.1.5.Incl.Keygen.HAPPY.NEW.YEAR-R2R.part4.rar" SIZE="734003200"
2019-01-20 14:28:48 [WARN] ID#4 - The response status is not successful. status=403(22) FILE="C:/Users/asus/Desktop/XLN Audio Addictive Keys Complete v1.1.5-R2R/XLN.Audio.Addictive.Keys.Complete.v1.1.5.Incl.Keygen.HAPPY.NEW.YEAR-R2R.part4.rar" SIZE="734003200"
2019-01-20 14:28:49 [WARN] ID#5 - The response status is not successful. status=403(22) FILE="C:/Users/asus/Desktop/XLN Audio Addictive Keys Complete v1.1.5-R2R/XLN.Audio.Addictive.Keys.Complete.v1.1.5.Incl.Keygen.HAPPY.NEW.YEAR-R2R.part5.rar" SIZE="734003200"
2019-01-20 17:22:36 [WARN] panerr (0x10000001c)
2019-01-20 17:22:36 [WARN] request error (0x10000001c): https://pan.baidu.com/api/quota 
2019-01-20 19:27:22 [WARN] rpc error (0): request error 28
2019-01-20 19:27:23 [WARN] rpc error (0): request error 28
2019-01-20 19:27:24 [WARN] rpc error (0): request error 28
2019-01-20 19:27:25 [WARN] rpc error (0): request error 28
2019-01-20 19:27:26 [WARN] rpc error (0): request error 28
2019-01-20 19:27:27 [WARN] rpc error (0): request error 28
2019-01-20 19:27:29 [WARN] rpc error (0): request error 28
2019-01-20 19:27:30 [WARN] rpc error (0): request error 28
2019-01-20 19:27:31 [WARN] rpc error (0): request error 28
2019-01-20 19:27:32 [WARN] rpc error (0): request error 28
2019-01-20 19:27:33 [WARN] rpc error (0): request error 28
2019-01-20 19:27:34 [WARN] rpc error (0): request error 28
2019-01-20 19:27:35 [WARN] rpc error (0): request error 28
2019-01-20 19:27:36 [WARN] rpc error (0): request error 28
2019-01-20 19:28:23 [WARN] rpc error (0): request error 28
2019-01-20 19:28:24 [WARN] rpc error (0): request error 28
2019-01-20 19:28:25 [WARN] rpc error (0): request error 28
2019-01-20 19:47:29 [WARN] rpc error (0): request error 28
2019-01-20 19:47:30 [WARN] rpc error (0): request error 28
2019-01-20 19:47:31 [WARN] rpc error (0): request error 28
2019-01-20 20:11:13 [WARN] ID#1 - No URI available.(22) FILE="C:/Users/asus/Desktop/XLN.Audio.Addictive.Keys.Complete.v1.1.5.Incl.Keygen.HAPPY.NEW.YEAR-R2R.part5.rar" SIZE="734003200"
2019-01-20 20:11:41 [WARN] ID#2 - No URI available.(22) FILE="C:/Users/asus/Desktop/XLN.Audio.Addictive.Keys.Complete.v1.1.5.Incl.Keygen.HAPPY.NEW.YEAR-R2R.part4.rar" SIZE="734003200"
2019-01-20 22:24:25 [INFO] close main window
2019-01-20 22:24:26 [INFO] exit
