2019-04-06 08:42:44 [INFO] pandownload version: 2.0.5
2019-04-06 08:42:45 [WARN] reopen user database
2019-04-06 08:42:47 [WARN] rpc error (0): request error 28
2019-04-06 08:42:48 [INFO] aria2 version: 1.34.0
2019-04-06 08:42:48 [INFO] aria2 json-rpc path: http://token:pandownload@127.0.0.1:6808/jsonrpc
2019-04-06 08:42:48 [INFO] create main window
2019-04-06 08:43:10 [INFO] verify cookie (0)
2019-04-06 08:43:11 [WARN] panerr (0x400000000)
2019-04-06 08:44:26 [INFO] verify cookie (620)
2019-04-06 08:44:28 [INFO] user login success (1379078960): 1246725901a
2019-04-06 23:29:05 [WARN] panerr (0x100000006)
2019-04-06 23:29:05 [WARN] request error (0x100000006): https://pan.baidu.com/api/quota 
2019-04-06 23:29:25 [WARN] panerr (0x100000006)
2019-04-06 23:29:25 [WARN] request error (0x100000006): https://pan.baidu.com/api/quota 
2019-04-06 23:29:45 [WARN] panerr (0x100000006)
2019-04-06 23:29:45 [WARN] request error (0x100000006): https://pan.baidu.com/api/quota 
2019-04-06 23:30:05 [WARN] panerr (0x100000006)
2019-04-06 23:30:05 [WARN] request error (0x100000006): https://pan.baidu.com/api/quota 
2019-04-06 23:30:05 [WARN] panerr (0x100000006)
2019-04-06 23:30:25 [WARN] panerr (0x100000006)
2019-04-06 23:30:25 [WARN] request error (0x100000006): https://pan.baidu.com/api/quota 
2019-04-06 23:30:45 [WARN] panerr (0x100000006)
2019-04-06 23:30:45 [WARN] request error (0x100000006): https://pan.baidu.com/api/quota 
2019-04-06 23:31:05 [WARN] panerr (0x100000006)
2019-04-06 23:31:05 [WARN] request error (0x100000006): https://pan.baidu.com/api/quota 
2019-04-06 23:31:25 [WARN] panerr (0x100000006)
2019-04-06 23:31:25 [WARN] request error (0x100000006): https://pan.baidu.com/api/quota 
2019-04-06 23:31:25 [WARN] panerr (0x100000006)
2019-04-06 23:31:45 [WARN] panerr (0x100000006)
2019-04-06 23:31:45 [WARN] request error (0x100000006): https://pan.baidu.com/api/quota 
2019-04-06 23:32:05 [WARN] panerr (0x100000006)
2019-04-06 23:32:05 [WARN] request error (0x100000006): https://pan.baidu.com/api/quota 
2019-04-06 23:32:25 [WARN] panerr (0x100000006)
2019-04-06 23:32:25 [WARN] request error (0x100000006): https://pan.baidu.com/api/quota 
2019-04-06 23:32:45 [WARN] panerr (0x100000006)
2019-04-06 23:32:45 [WARN] request error (0x100000006): https://pan.baidu.com/api/quota 
2019-04-06 23:32:45 [WARN] panerr (0x100000006)
2019-04-06 23:33:06 [WARN] panerr (0x100000006)
2019-04-06 23:33:06 [WARN] request error (0x100000006): https://pan.baidu.com/api/quota 
2019-04-06 23:33:26 [WARN] panerr (0x100000006)
2019-04-06 23:33:26 [WARN] request error (0x100000006): https://pan.baidu.com/api/quota 
2019-04-06 23:33:46 [WARN] panerr (0x100000006)
2019-04-06 23:33:46 [WARN] request error (0x100000006): https://pan.baidu.com/api/quota 
2019-04-06 23:34:06 [WARN] panerr (0x100000006)
2019-04-06 23:34:06 [WARN] request error (0x100000006): https://pan.baidu.com/api/quota 
2019-04-06 23:34:06 [WARN] panerr (0x100000006)
2019-04-06 23:34:26 [WARN] panerr (0x100000006)
2019-04-06 23:34:26 [WARN] request error (0x100000006): https://pan.baidu.com/api/quota 
2019-04-06 23:34:46 [WARN] panerr (0x100000006)
2019-04-06 23:34:46 [WARN] request error (0x100000006): https://pan.baidu.com/api/quota 
2019-04-06 23:35:06 [WARN] panerr (0x100000006)
2019-04-06 23:35:06 [WARN] request error (0x100000006): https://pan.baidu.com/api/quota 
2019-04-06 23:35:26 [WARN] panerr (0x100000006)
2019-04-06 23:35:26 [WARN] request error (0x100000006): https://pan.baidu.com/api/quota 
2019-04-06 23:35:26 [WARN] panerr (0x100000006)
2019-04-06 23:35:46 [WARN] panerr (0x100000006)
2019-04-06 23:35:46 [WARN] request error (0x100000006): https://pan.baidu.com/api/quota 
2019-04-06 23:36:06 [WARN] panerr (0x100000006)
2019-04-06 23:36:06 [WARN] request error (0x100000006): https://pan.baidu.com/api/quota 
2019-04-06 23:36:26 [WARN] panerr (0x100000006)
2019-04-06 23:36:26 [WARN] request error (0x100000006): https://pan.baidu.com/api/quota 
2019-04-06 23:36:46 [WARN] panerr (0x100000006)
2019-04-06 23:36:46 [WARN] request error (0x100000006): https://pan.baidu.com/api/quota 
2019-04-06 23:36:46 [WARN] panerr (0x100000006)
2019-04-06 23:37:06 [WARN] panerr (0x100000006)
2019-04-06 23:37:06 [WARN] request error (0x100000006): https://pan.baidu.com/api/quota 
