2019-12-01 10:08:32 [INFO] pandownload version: 2.1.3
2019-12-01 10:08:35 [INFO] aria2 websocket connection opened (127.0.0.1:36987)
2019-12-01 10:08:35 [INFO] aria2 version: 1.34.0
2019-12-01 10:08:35 [INFO] aria2 json-rpc path: http://token:pandownload@127.0.0.1:36987/jsonrpc
2019-12-01 10:08:35 [INFO] create main window
2019-12-01 10:08:35 [INFO] verify cookie (622)
2019-12-01 10:08:35 [INFO] verify cookie (630)
2019-12-01 10:08:37 [INFO] user login success (1379078960): 1246725901a
2019-12-01 10:08:37 [INFO] user login success (2285008211): 1246725901a5
2019-12-01 10:12:16 [WARN] request error (0x2000079ce): http://pan.baidu.com/api/unzip {"errno":31182,"request_id":7756264703277325891}
2019-12-01 10:42:22 [WARN] request error (0x2ffffffec): https://pan.baidu.com/api/sharedownload {"errno":-20,"request_id":7756749585930713261,"server_time":1575168143}
2019-12-01 10:42:27 [WARN] request error (0x2ffffffec): https://pan.baidu.com/api/sharedownload {"errno":-20,"request_id":7756750973277036967,"server_time":1575168149}
2019-12-01 10:42:35 [WARN] request error (0x2ffffffec): https://pan.baidu.com/api/sharedownload {"errno":-20,"request_id":7756752932357581556,"server_time":1575168156}
2019-12-01 10:43:00 [WARN] request error (0x2ffffffec): https://pan.baidu.com/api/sharedownload {"errno":-20,"request_id":7756759788949315094,"server_time":1575168182}
2019-12-01 10:43:09 [WARN] request error (0x2ffffffec): https://pan.baidu.com/api/sharedownload {"errno":-20,"request_id":7756762008051974131,"server_time":1575168190}
2019-12-01 12:13:38 [WARN] request error (0x200000001): https://pan.baidu.com/api/quota {"errno":1,"request_id":7758218416272644000}
2019-12-01 13:30:27 [WARN] request error (0x200000001): https://pan.baidu.com/api/quota {"errno":1,"request_id":7759455907910298418}
2019-12-01 15:53:07 [INFO] close main window
2019-12-01 15:53:07 [WARN] aria2 websocket connection closed (127.0.0.1:36987), code: 1000 (Normal close), reason: aria2 shutdown
2019-12-01 15:53:08 [INFO] websocket client stop
2019-12-01 15:53:08 [INFO] exit
