2019-01-22 12:54:35 [INFO] pandownload version: 2.0.5
2019-01-22 12:54:37 [INFO] aria2 version: 1.34.0
2019-01-22 12:54:37 [INFO] aria2 json-rpc path: http://token:pandownload@127.0.0.1:6808/jsonrpc
2019-01-22 12:54:37 [INFO] create main window
2019-01-22 12:54:37 [INFO] verify cookie (619)
2019-01-22 12:54:37 [INFO] verify cookie (642)
2019-01-22 12:54:38 [WARN] panerr (0xb00000000)
2019-01-22 12:54:39 [INFO] user login success (1379078960): 1246725901a
2019-01-22 12:54:39 [INFO] user login success (2285008211): 1246725901a5
2019-01-22 12:56:18 [WARN] rpc error (0): response code 400
2019-01-22 12:56:18 [WARN] rpc error (0): response code 400
2019-01-22 12:56:18 [WARN] rpc error (0): response code 400
2019-01-22 13:01:34 [WARN] panerr (0x10000001c)
2019-01-22 13:07:24 [WARN] ID#2 - No URI available.(24) FILE="C:/Users/asus/Desktop/1500款一战破天设计字体/1200款 2016最新设计师必备字体库(请打开文件夹下载）/(￥￥中文字体￥￥) 747款.zip" SIZE="2364104881"
2019-01-22 13:08:04 [WARN] ID#6 - No URI available.(22) FILE="C:/Users/asus/Desktop/1500款一战破天设计字体/详情中展示的300款/300款 独立分类字体版本（进去里面下载）/独立分类字体（便于选择字体安装）.rar" SIZE="1019050389"
2019-01-22 13:08:06 [WARN] ID#6 - The response status is not successful. status=403(22) FILE="C:/Users/asus/Desktop/1500款一战破天设计字体/详情中展示的300款/300款 独立分类字体版本（进去里面下载）/独立分类字体（便于选择字体安装）.rar" SIZE="1019050389"
2019-01-22 13:08:07 [WARN] ID#6 - The response status is not successful. status=403(22) FILE="C:/Users/asus/Desktop/1500款一战破天设计字体/详情中展示的300款/300款 独立分类字体版本（进去里面下载）/独立分类字体（便于选择字体安装）.rar" SIZE="1019050389"
2019-01-22 13:08:08 [WARN] ID#9 - No URI available.(22) FILE="C:/Users/asus/Desktop/1500款一战破天设计字体/详情中展示的300款/300款 字体一键安装版本（进去里面下载）/字体一键安装（便于全部安装字体）.rar" SIZE="940523340"
2019-01-22 13:08:09 [WARN] ID#9 - The response status is not successful. status=403(22) FILE="C:/Users/asus/Desktop/1500款一战破天设计字体/详情中展示的300款/300款 字体一键安装版本（进去里面下载）/字体一键安装（便于全部安装字体）.rar" SIZE="940523340"
2019-01-22 13:08:11 [WARN] ID#9 - The response status is not successful. status=403(22) FILE="C:/Users/asus/Desktop/1500款一战破天设计字体/详情中展示的300款/300款 字体一键安装版本（进去里面下载）/字体一键安装（便于全部安装字体）.rar" SIZE="940523340"
2019-01-22 13:13:09 [WARN] ID#6 - The response status is not successful. status=403(22) FILE="C:/Users/asus/Desktop/1500款一战破天设计字体/详情中展示的300款/300款 独立分类字体版本（进去里面下载）/独立分类字体（便于选择字体安装）.rar" SIZE="1019050389"
2019-01-22 13:13:10 [WARN] ID#6 - The response status is not successful. status=403(22) FILE="C:/Users/asus/Desktop/1500款一战破天设计字体/详情中展示的300款/300款 独立分类字体版本（进去里面下载）/独立分类字体（便于选择字体安装）.rar" SIZE="1019050389"
2019-01-22 13:13:12 [WARN] ID#6 - The response status is not successful. status=403(22) FILE="C:/Users/asus/Desktop/1500款一战破天设计字体/详情中展示的300款/300款 独立分类字体版本（进去里面下载）/独立分类字体（便于选择字体安装）.rar" SIZE="1019050389"
2019-01-22 14:15:19 [WARN] panerr (0x200000001)
2019-01-22 14:15:19 [WARN] request error (0x200000001): https://pan.baidu.com/api/quota {"errno":1,"request_id":500825163099525805}
2019-01-22 15:25:26 [WARN] panerr (0x200000001)
2019-01-22 15:25:26 [WARN] request error (0x200000001): https://pan.baidu.com/api/quota {"errno":1,"request_id":501954536282701273}
2019-01-22 17:04:58 [WARN] script log (默认): 
2019-01-22 17:04:58 [WARN] ID#6 - json解析失败(-2) FILE="C:/Users/asus/Desktop/1500款一战破天设计字体/详情中展示的300款/300款 独立分类字体版本（进去里面下载）/独立分类字体（便于选择字体安装）.rar" SIZE="1019050389"
2019-01-22 17:05:00 [WARN] ID#6 - The response status is not successful. status=403(22) FILE="C:/Users/asus/Desktop/1500款一战破天设计字体/详情中展示的300款/300款 独立分类字体版本（进去里面下载）/独立分类字体（便于选择字体安装）.rar" SIZE="1019050389"
2019-01-22 17:05:01 [WARN] ID#6 - The response status is not successful. status=403(22) FILE="C:/Users/asus/Desktop/1500款一战破天设计字体/详情中展示的300款/300款 独立分类字体版本（进去里面下载）/独立分类字体（便于选择字体安装）.rar" SIZE="1019050389"
2019-01-22 17:05:01 [WARN] ID#9 - The response status is not successful. status=403(22) FILE="C:/Users/asus/Desktop/1500款一战破天设计字体/详情中展示的300款/300款 字体一键安装版本（进去里面下载）/字体一键安装（便于全部安装字体）.rar" SIZE="940523340"
2019-01-22 17:05:03 [WARN] ID#9 - The response status is not successful. status=403(22) FILE="C:/Users/asus/Desktop/1500款一战破天设计字体/详情中展示的300款/300款 字体一键安装版本（进去里面下载）/字体一键安装（便于全部安装字体）.rar" SIZE="940523340"
2019-01-22 17:05:05 [WARN] ID#9 - The response status is not successful. status=403(22) FILE="C:/Users/asus/Desktop/1500款一战破天设计字体/详情中展示的300款/300款 字体一键安装版本（进去里面下载）/字体一键安装（便于全部安装字体）.rar" SIZE="940523340"
2019-01-22 17:08:30 [WARN] rpc error (0): request error 28
2019-01-22 18:08:55 [WARN] ID#6 - The response status is not successful. status=403(22) FILE="C:/Users/asus/Desktop/1500款一战破天设计字体/详情中展示的300款/300款 独立分类字体版本（进去里面下载）/独立分类字体（便于选择字体安装）.rar" SIZE="1019050389"
2019-01-22 18:08:55 [WARN] script log (默认): {"error_code":31326,"error_msg":"user is not authorized, hitcode:117","request_id":504588336911754293}
2019-01-22 18:08:55 [WARN] ID#6 - 您的账号可能已被百度限速(-3) FILE="C:/Users/asus/Desktop/1500款一战破天设计字体/详情中展示的300款/300款 独立分类字体版本（进去里面下载）/独立分类字体（便于选择字体安装）.rar" SIZE="1019050389"
2019-01-22 18:08:56 [WARN] script log (默认): {"error_code":31326,"error_msg":"user is not authorized, hitcode:117","request_id":504588500111681951}
2019-01-22 18:08:56 [WARN] ID#6 - 您的账号可能已被百度限速(-3) FILE="C:/Users/asus/Desktop/1500款一战破天设计字体/详情中展示的300款/300款 独立分类字体版本（进去里面下载）/独立分类字体（便于选择字体安装）.rar" SIZE="1019050389"
2019-01-22 18:13:22 [WARN] ID#6 - The response status is not successful. status=403(22) FILE="C:/Users/asus/Desktop/1500款一战破天设计字体/详情中展示的300款/300款 独立分类字体版本（进去里面下载）/独立分类字体（便于选择字体安装）.rar" SIZE="1019050389"
2019-01-22 18:13:23 [WARN] ID#6 - The response status is not successful. status=403(22) FILE="C:/Users/asus/Desktop/1500款一战破天设计字体/详情中展示的300款/300款 独立分类字体版本（进去里面下载）/独立分类字体（便于选择字体安装）.rar" SIZE="1019050389"
2019-01-22 18:13:24 [WARN] ID#6 - The response status is not successful. status=403(22) FILE="C:/Users/asus/Desktop/1500款一战破天设计字体/详情中展示的300款/300款 独立分类字体版本（进去里面下载）/独立分类字体（便于选择字体安装）.rar" SIZE="1019050389"
2019-01-22 18:38:37 [WARN] ID#6 - The response status is not successful. status=403(22) FILE="C:/Users/asus/Desktop/1500款一战破天设计字体/详情中展示的300款/300款 独立分类字体版本（进去里面下载）/独立分类字体（便于选择字体安装）.rar" SIZE="1019050389"
2019-01-22 18:38:38 [WARN] ID#6 - The response status is not successful. status=403(22) FILE="C:/Users/asus/Desktop/1500款一战破天设计字体/详情中展示的300款/300款 独立分类字体版本（进去里面下载）/独立分类字体（便于选择字体安装）.rar" SIZE="1019050389"
2019-01-22 18:38:39 [WARN] ID#6 - The response status is not successful. status=403(22) FILE="C:/Users/asus/Desktop/1500款一战破天设计字体/详情中展示的300款/300款 独立分类字体版本（进去里面下载）/独立分类字体（便于选择字体安装）.rar" SIZE="1019050389"
2019-01-22 19:05:22 [WARN] panerr (0x200000001)
2019-01-22 19:05:22 [WARN] request error (0x200000001): https://pan.baidu.com/api/quota {"errno":1,"request_id":505496489205235524}
2019-01-22 19:54:04 [WARN] rpc error (0): request error 28
2019-01-22 19:54:05 [WARN] rpc error (0): request error 28
2019-01-22 19:54:06 [WARN] rpc error (0): request error 28
2019-01-22 19:54:07 [WARN] rpc error (0): request error 28
2019-01-22 19:54:08 [WARN] rpc error (0): request error 28
2019-01-22 19:54:09 [WARN] rpc error (0): request error 28
2019-01-22 19:54:11 [WARN] rpc error (0): request error 28
2019-01-22 19:54:12 [WARN] rpc error (0): request error 28
2019-01-22 19:54:13 [WARN] rpc error (0): request error 28
2019-01-22 19:54:14 [WARN] rpc error (0): request error 28
2019-01-22 19:54:37 [WARN] rpc error (0): request error 28
2019-01-22 19:54:38 [WARN] rpc error (0): request error 28
2019-01-22 19:54:39 [WARN] rpc error (0): request error 28
2019-01-22 19:57:15 [WARN] ID#6 - The response status is not successful. status=403(22) FILE="C:/Users/asus/Desktop/1500款一战破天设计字体/详情中展示的300款/300款 独立分类字体版本（进去里面下载）/独立分类字体（便于选择字体安装）.rar" SIZE="1019050389"
2019-01-22 19:57:15 [WARN] script log (默认): {"error_code":31326,"error_msg":"user is not authorized, hitcode:117","request_id":506333006626828821}
2019-01-22 19:57:15 [WARN] ID#6 - 您的账号可能已被百度限速(-3) FILE="C:/Users/asus/Desktop/1500款一战破天设计字体/详情中展示的300款/300款 独立分类字体版本（进去里面下载）/独立分类字体（便于选择字体安装）.rar" SIZE="1019050389"
2019-01-22 19:57:16 [WARN] script log (默认): {"error_code":31326,"error_msg":"user is not authorized, hitcode:117","request_id":506333170819277082}
2019-01-22 19:57:16 [WARN] ID#6 - 您的账号可能已被百度限速(-3) FILE="C:/Users/asus/Desktop/1500款一战破天设计字体/详情中展示的300款/300款 独立分类字体版本（进去里面下载）/独立分类字体（便于选择字体安装）.rar" SIZE="1019050389"
2019-01-22 20:05:47 [WARN] ID#6 - The response status is not successful. status=403(22) FILE="C:/Users/asus/Desktop/1500款一战破天设计字体/详情中展示的300款/300款 独立分类字体版本（进去里面下载）/独立分类字体（便于选择字体安装）.rar" SIZE="1019050389"
2019-01-22 20:05:47 [WARN] script log (默认): {"error_code":31326,"error_msg":"user is not authorized, hitcode:117","request_id":506470481485653242}
2019-01-22 20:05:47 [WARN] ID#6 - 您的账号可能已被百度限速(-3) FILE="C:/Users/asus/Desktop/1500款一战破天设计字体/详情中展示的300款/300款 独立分类字体版本（进去里面下载）/独立分类字体（便于选择字体安装）.rar" SIZE="1019050389"
2019-01-22 20:05:49 [WARN] ID#6 - The response status is not successful. status=403(22) FILE="C:/Users/asus/Desktop/1500款一战破天设计字体/详情中展示的300款/300款 独立分类字体版本（进去里面下载）/独立分类字体（便于选择字体安装）.rar" SIZE="1019050389"
2019-01-22 21:29:23 [WARN] panerr (0x700000000)
2019-01-22 21:29:23 [WARN] request error (0x700000000): https://pan.baidu.com/api/quota 
2019-01-22 21:53:14 [WARN] panerr (0x200000001)
2019-01-22 21:53:14 [WARN] request error (0x200000001): https://pan.baidu.com/api/quota {"errno":1,"request_id":508200889269484120}
2019-01-22 23:54:36 [WARN] script log (默认): 
2019-01-22 23:54:36 [WARN] ID#5 - json解析失败(-2) FILE="C:/Users/asus/Desktop/PaintTool SAI/SAI2/[重要]破解必读.txt" SIZE="1370"
2019-01-23 00:00:06 [WARN] panerr (0x200000001)
2019-01-23 00:00:06 [WARN] request error (0x200000001): https://pan.baidu.com/api/quota {"errno":1,"request_id":510243326251665406}
2019-01-23 00:01:34 [INFO] close main window
2019-01-23 00:01:34 [INFO] exit
