2019-03-03 09:37:22 [INFO] pandownload version: 2.0.5
2019-03-03 09:37:24 [WARN] rpc error (0): request error 28
2019-03-03 09:37:26 [WARN] rpc error (0): request error 28
2019-03-03 09:37:27 [INFO] aria2 version: 1.34.0
2019-03-03 09:37:27 [INFO] aria2 json-rpc path: http://token:pandownload@127.0.0.1:6808/jsonrpc
2019-03-03 09:37:27 [INFO] create main window
2019-03-03 09:37:27 [INFO] verify cookie (621)
2019-03-03 09:37:27 [INFO] verify cookie (625)
2019-03-03 09:37:28 [INFO] user login success (2285008211): 1246725901a5
2019-03-03 09:37:29 [INFO] user login success (1379078960): 1246725901a
2019-03-03 10:02:50 [WARN] rpc error (0): request error 28
2019-03-03 10:02:51 [WARN] rpc error (0): request error 28
2019-03-03 10:08:16 [WARN] panerr (0x200008cb3)
2019-03-03 10:37:12 [WARN] panerr (0x200000001)
2019-03-03 10:37:12 [WARN] request error (0x200000001): https://pan.baidu.com/api/quota {"errno":1,"request_id":1425024210135573279}
2019-03-03 11:07:42 [WARN] panerr (0x200000001)
2019-03-03 11:07:42 [WARN] request error (0x200000001): https://pan.baidu.com/api/quota {"errno":1,"request_id":1425515358753091618}
2019-03-03 11:26:51 [WARN] panerr (0x200000001)
2019-03-03 11:26:51 [WARN] request error (0x200000001): https://pan.baidu.com/api/quota {"errno":1,"request_id":1425823934719326297}
2019-03-03 13:00:12 [WARN] panerr (0x200000001)
2019-03-03 13:00:12 [WARN] request error (0x200000001): https://pan.baidu.com/api/quota {"errno":1,"request_id":1427327460494809094}
2019-03-03 13:07:43 [WARN] panerr (0x200000001)
2019-03-03 13:07:43 [WARN] request error (0x200000001): https://pan.baidu.com/api/quota {"errno":1,"request_id":1427448498556017124}
2019-03-03 13:10:15 [WARN] panerr (0x200000001)
2019-03-03 13:10:15 [WARN] request error (0x200000001): https://pan.baidu.com/api/quota {"errno":1,"request_id":1427489128206092082}
2019-03-03 14:18:44 [WARN] panerr (0x200000001)
2019-03-03 14:18:47 [WARN] request error (0x200000001): https://pan.baidu.com/api/quota {"errno":1,"request_id":1428592314140501988}
2019-03-03 15:11:30 [WARN] panerr (0x200000001)
2019-03-03 15:11:30 [WARN] request error (0x200000001): https://pan.baidu.com/api/quota {"errno":1,"request_id":1429442134908585456}
2019-03-03 15:11:56 [WARN] panerr (0x200000001)
2019-03-03 15:11:56 [WARN] request error (0x200000001): https://pan.baidu.com/api/quota {"errno":1,"request_id":1429449210252868052}
2019-03-03 15:49:42 [WARN] panerr (0x200000001)
2019-03-03 15:49:42 [WARN] request error (0x200000001): https://pan.baidu.com/api/quota {"errno":1,"request_id":1430057573643901228}
2019-03-03 16:00:58 [WARN] rpc error (0): request error 28
2019-03-03 16:00:59 [WARN] rpc error (0): request error 28
2019-03-03 16:01:01 [WARN] rpc error (0): request error 28
2019-03-03 16:01:02 [WARN] rpc error (0): request error 28
2019-03-03 16:01:03 [WARN] rpc error (0): request error 28
2019-03-03 16:01:05 [WARN] rpc error (0): request error 28
2019-03-03 16:01:06 [WARN] rpc error (0): request error 28
2019-03-03 16:01:07 [WARN] rpc error (0): request error 28
2019-03-03 16:01:09 [WARN] rpc error (0): request error 28
2019-03-03 16:01:11 [WARN] rpc error (0): request error 28
2019-03-03 16:01:13 [WARN] rpc error (0): request error 28
2019-03-03 16:01:15 [WARN] rpc error (0): request error 28
2019-03-03 16:01:18 [WARN] rpc error (0): request error 28
2019-03-03 16:01:19 [WARN] rpc error (0): request error 28
2019-03-03 16:01:20 [WARN] rpc error (0): request error 28
2019-03-03 16:01:21 [WARN] rpc error (0): request error 28
2019-03-03 16:01:23 [WARN] rpc error (0): request error 28
2019-03-03 16:01:24 [WARN] rpc error (0): request error 28
2019-03-03 16:01:27 [WARN] rpc error (0): request error 28
2019-03-03 16:01:29 [WARN] rpc error (0): request error 28
2019-03-03 16:01:31 [WARN] rpc error (0): request error 28
2019-03-03 16:01:32 [WARN] rpc error (0): request error 28
2019-03-03 16:01:34 [WARN] rpc error (0): request error 28
2019-03-03 16:01:35 [WARN] rpc error (0): request error 28
2019-03-03 16:01:36 [WARN] rpc error (0): request error 28
2019-03-03 16:01:37 [WARN] rpc error (0): request error 28
2019-03-03 16:01:38 [WARN] rpc error (0): request error 28
2019-03-03 16:01:39 [WARN] rpc error (0): request error 28
2019-03-03 16:01:41 [WARN] rpc error (0): request error 28
2019-03-03 16:01:42 [WARN] rpc error (0): request error 28
2019-03-03 16:01:44 [WARN] rpc error (0): request error 28
2019-03-03 16:01:46 [WARN] rpc error (0): request error 28
2019-03-03 16:01:47 [WARN] rpc error (0): request error 28
2019-03-03 16:01:48 [WARN] rpc error (0): request error 28
2019-03-03 16:01:49 [WARN] rpc error (0): request error 28
2019-03-03 16:01:51 [WARN] rpc error (0): request error 28
2019-03-03 16:01:52 [WARN] rpc error (0): request error 28
2019-03-03 16:01:53 [WARN] rpc error (0): request error 28
2019-03-03 16:01:55 [WARN] rpc error (0): request error 28
2019-03-03 16:01:56 [WARN] rpc error (0): request error 28
2019-03-03 16:01:57 [WARN] rpc error (0): request error 28
2019-03-03 16:01:58 [WARN] rpc error (0): request error 28
2019-03-03 16:02:00 [WARN] rpc error (0): request error 28
2019-03-03 16:02:01 [WARN] rpc error (0): request error 28
2019-03-03 16:02:03 [WARN] rpc error (0): request error 28
2019-03-03 16:02:04 [WARN] rpc error (0): request error 28
2019-03-03 16:02:07 [WARN] rpc error (0): request error 28
2019-03-03 16:02:08 [WARN] rpc error (0): request error 28
2019-03-03 16:02:10 [WARN] rpc error (0): request error 28
2019-03-03 16:02:11 [WARN] rpc error (0): request error 28
2019-03-03 16:02:12 [WARN] rpc error (0): request error 28
2019-03-03 16:02:13 [WARN] rpc error (0): request error 28
2019-03-03 16:02:14 [WARN] rpc error (0): request error 28
2019-03-03 16:02:16 [WARN] rpc error (0): request error 28
2019-03-03 16:02:17 [WARN] rpc error (0): request error 28
2019-03-03 16:02:18 [WARN] rpc error (0): request error 28
2019-03-03 16:02:20 [WARN] rpc error (0): request error 28
2019-03-03 16:02:21 [WARN] rpc error (0): request error 28
2019-03-03 16:02:25 [WARN] rpc error (0): request error 28
2019-03-03 16:02:27 [WARN] rpc error (0): request error 28
2019-03-03 16:02:28 [WARN] rpc error (0): request error 28
2019-03-03 16:02:29 [WARN] rpc error (0): request error 28
2019-03-03 16:02:31 [WARN] rpc error (0): request error 28
2019-03-03 16:02:32 [WARN] rpc error (0): request error 28
2019-03-03 16:02:33 [WARN] rpc error (0): request error 28
2019-03-03 16:02:34 [WARN] rpc error (0): request error 28
2019-03-03 16:02:36 [WARN] rpc error (0): request error 28
2019-03-03 16:02:37 [WARN] rpc error (0): request error 28
2019-03-03 16:02:38 [WARN] rpc error (0): request error 28
2019-03-03 16:02:39 [WARN] rpc error (0): request error 28
2019-03-03 16:02:40 [WARN] rpc error (0): request error 28
2019-03-03 16:08:30 [WARN] rpc error (0): request error 28
2019-03-03 16:08:31 [WARN] rpc error (0): request error 28
2019-03-03 16:08:33 [WARN] rpc error (0): request error 28
2019-03-03 16:08:34 [WARN] rpc error (0): request error 28
2019-03-03 16:08:35 [WARN] rpc error (0): request error 28
2019-03-03 16:08:36 [WARN] rpc error (0): request error 28
2019-03-03 16:08:38 [WARN] rpc error (0): request error 28
2019-03-03 16:08:39 [WARN] rpc error (0): request error 28
2019-03-03 16:08:40 [WARN] rpc error (0): request error 28
2019-03-03 16:08:42 [WARN] rpc error (0): request error 28
2019-03-03 16:08:44 [WARN] rpc error (0): request error 28
2019-03-03 16:08:46 [WARN] rpc error (0): request error 28
2019-03-03 16:08:48 [WARN] rpc error (0): request error 28
2019-03-03 16:08:49 [WARN] rpc error (0): request error 28
2019-03-03 16:08:51 [WARN] rpc error (0): request error 28
2019-03-03 16:08:52 [WARN] rpc error (0): request error 28
2019-03-03 16:08:54 [WARN] rpc error (0): request error 28
2019-03-03 16:08:55 [WARN] rpc error (0): request error 28
2019-03-03 16:08:56 [WARN] rpc error (0): request error 28
2019-03-03 16:08:58 [WARN] rpc error (0): request error 28
2019-03-03 16:08:59 [WARN] rpc error (0): request error 28
2019-03-03 16:09:00 [WARN] rpc error (0): request error 28
2019-03-03 16:09:03 [WARN] rpc error (0): request error 28
2019-03-03 16:09:04 [WARN] rpc error (0): request error 28
2019-03-03 16:09:06 [WARN] rpc error (0): request error 28
2019-03-03 16:09:08 [WARN] rpc error (0): request error 28
2019-03-03 16:09:09 [WARN] rpc error (0): request error 28
2019-03-03 16:09:10 [WARN] rpc error (0): request error 28
2019-03-03 16:09:11 [WARN] rpc error (0): request error 28
2019-03-03 16:09:13 [WARN] rpc error (0): request error 28
2019-03-03 16:09:14 [WARN] rpc error (0): request error 28
2019-03-03 16:09:15 [WARN] rpc error (0): request error 28
2019-03-03 16:26:44 [WARN] panerr (0x200000001)
2019-03-03 16:26:44 [WARN] request error (0x200000001): https://pan.baidu.com/api/quota {"errno":1,"request_id":1430653789733351705}
