2019-04-28 10:12:22 [INFO] pandownload version: 2.0.6
2019-04-28 10:12:24 [WARN] aria2 websocket connection failed, state: 3 (websocketpp.transport:2 - Underlying Transport Error)
	local close code: 1006 (Abnormal close), local close reason: Underlying Transport Error
	remote close code: 1006 (Abnormal close), remote close reason: 
2019-04-28 10:12:24 [WARN] rpc error (0): connecting
2019-04-28 10:12:25 [INFO] aria2 websocket connection opened
2019-04-28 10:12:25 [INFO] aria2 version: 1.34.0
2019-04-28 10:12:25 [INFO] aria2 json-rpc path: http://token:pandownload@127.0.0.1:6808/jsonrpc
2019-04-28 10:12:25 [INFO] create main window
2019-04-28 10:12:25 [INFO] verify cookie (620)
2019-04-28 10:12:27 [INFO] user login success (1379078960): 1246725901a
2019-04-28 12:06:18 [WARN] request error (0x200000001): https://pan.baidu.com/api/quota {"errno":1,"request_id":2725257168605061976}
2019-04-28 14:53:31 [WARN] request error (0x200000001): https://pan.baidu.com/api/quota {"errno":1,"request_id":2727950360621456587}
2019-04-28 16:07:14 [WARN] request error (0x200000001): https://pan.baidu.com/api/quota {"errno":1,"request_id":2729137758013253466}
2019-04-28 19:54:17 [WARN] request error (0x200000001): https://pan.baidu.com/api/quota {"errno":1,"request_id":2732794561112134576}
2019-04-28 22:59:08 [WARN] request error (0x100000006): https://pan.baidu.com/api/quota 
2019-04-28 22:59:28 [WARN] request error (0x100000006): https://pan.baidu.com/api/quota 
2019-04-28 22:59:48 [WARN] request error (0x100000006): https://pan.baidu.com/api/quota 
2019-04-28 23:00:08 [WARN] request error (0x100000006): https://pan.baidu.com/api/quota 
2019-04-28 23:00:28 [WARN] request error (0x100000006): https://pan.baidu.com/api/quota 
2019-04-28 23:00:48 [WARN] request error (0x100000006): https://pan.baidu.com/api/quota 
2019-04-28 23:01:00 [INFO] close main window
2019-04-28 23:01:00 [WARN] aria2 websocket connection closed, code: 1000 (Normal close), reason: aria2 shutdown
2019-04-28 23:01:01 [INFO] websocket client stop
2019-04-28 23:01:01 [INFO] exit
