2019-03-02 18:23:36 [INFO] pandownload version: 2.0.5
2019-03-02 18:23:39 [WARN] rpc error (0): request error 28
2019-03-02 18:23:40 [WARN] rpc error (0): request error 28
2019-03-02 18:23:41 [INFO] aria2 version: 1.34.0
2019-03-02 18:23:41 [INFO] aria2 json-rpc path: http://token:pandownload@127.0.0.1:6808/jsonrpc
2019-03-02 18:23:41 [INFO] create main window
2019-03-02 18:23:41 [INFO] verify cookie (621)
2019-03-02 18:23:46 [INFO] user login success (1379078960): 1246725901a
2019-03-02 18:24:42 [WARN] rpc error (0): request error 28
2019-03-02 18:24:43 [WARN] rpc error (0): request error 28
2019-03-02 18:24:44 [WARN] rpc error (0): request error 28
2019-03-02 18:24:45 [WARN] rpc error (0): request error 28
2019-03-02 18:25:42 [WARN] rpc error (0): request error 28
2019-03-02 18:25:43 [WARN] rpc error (0): request error 28
2019-03-02 18:25:44 [WARN] rpc error (0): request error 28
2019-03-02 18:25:45 [WARN] rpc error (0): request error 28
2019-03-02 18:25:46 [WARN] rpc error (0): request error 28
2019-03-02 18:25:47 [WARN] rpc error (0): request error 28
2019-03-02 18:25:49 [WARN] rpc error (0): request error 28
2019-03-02 18:25:50 [WARN] rpc error (0): request error 28
2019-03-02 18:25:51 [WARN] rpc error (0): request error 28
2019-03-02 18:25:52 [WARN] rpc error (0): request error 28
2019-03-02 18:25:53 [WARN] rpc error (0): request error 28
2019-03-02 18:25:54 [WARN] rpc error (0): request error 28
2019-03-02 18:26:42 [WARN] rpc error (0): request error 28
2019-03-02 18:26:43 [WARN] rpc error (0): request error 28
2019-03-02 18:26:44 [WARN] rpc error (0): request error 28
2019-03-02 18:26:45 [WARN] rpc error (0): request error 28
2019-03-02 18:26:46 [WARN] rpc error (0): request error 28
2019-03-02 18:26:47 [WARN] rpc error (0): request error 28
2019-03-02 18:26:48 [WARN] rpc error (0): request error 28
2019-03-02 18:26:49 [WARN] rpc error (0): request error 28
2019-03-02 18:26:50 [WARN] rpc error (0): request error 28
2019-03-02 18:26:51 [WARN] rpc error (0): request error 28
2019-03-02 18:26:53 [WARN] rpc error (0): request error 28
2019-03-02 18:26:54 [WARN] rpc error (0): request error 28
2019-03-02 18:26:55 [WARN] rpc error (0): request error 28
2019-03-02 18:26:56 [WARN] rpc error (0): request error 28
2019-03-02 18:26:57 [WARN] rpc error (0): request error 28
2019-03-02 18:26:58 [WARN] rpc error (0): request error 28
2019-03-02 18:27:42 [WARN] rpc error (0): request error 28
2019-03-02 18:27:43 [WARN] rpc error (0): request error 28
2019-03-02 18:27:44 [WARN] rpc error (0): request error 28
2019-03-02 18:27:45 [WARN] rpc error (0): request error 28
2019-03-02 18:27:46 [WARN] rpc error (0): request error 28
2019-03-02 18:27:47 [WARN] rpc error (0): request error 28
2019-03-02 18:27:48 [WARN] rpc error (0): request error 28
2019-03-02 18:27:49 [WARN] rpc error (0): request error 28
2019-03-02 18:27:50 [WARN] rpc error (0): request error 28
2019-03-02 18:27:51 [WARN] rpc error (0): request error 28
2019-03-02 18:27:53 [WARN] rpc error (0): request error 28
2019-03-02 18:27:54 [WARN] rpc error (0): request error 28
2019-03-02 18:27:55 [WARN] rpc error (0): request error 28
2019-03-02 18:27:56 [WARN] rpc error (0): request error 28
2019-03-02 18:27:57 [WARN] rpc error (0): request error 28
2019-03-02 18:27:58 [WARN] rpc error (0): request error 28
2019-03-02 18:27:59 [WARN] rpc error (0): request error 28
2019-03-02 18:28:42 [WARN] rpc error (0): request error 28
2019-03-02 18:28:43 [WARN] rpc error (0): request error 28
2019-03-02 18:28:44 [WARN] rpc error (0): request error 28
2019-03-02 18:28:45 [WARN] rpc error (0): request error 28
2019-03-02 18:28:46 [WARN] rpc error (0): request error 28
2019-03-02 18:28:47 [WARN] rpc error (0): request error 28
2019-03-02 18:28:48 [WARN] rpc error (0): request error 28
2019-03-02 18:28:49 [WARN] rpc error (0): request error 28
2019-03-02 18:28:51 [WARN] rpc error (0): request error 28
2019-03-02 18:28:52 [WARN] rpc error (0): request error 28
2019-03-02 18:28:53 [WARN] rpc error (0): request error 28
2019-03-02 18:28:54 [WARN] rpc error (0): request error 28
2019-03-02 18:28:55 [WARN] rpc error (0): request error 28
2019-03-02 18:28:56 [WARN] rpc error (0): request error 28
2019-03-02 18:29:42 [WARN] rpc error (0): request error 28
2019-03-02 18:29:43 [WARN] rpc error (0): request error 28
2019-03-02 18:29:44 [WARN] rpc error (0): request error 28
2019-03-02 18:29:45 [WARN] rpc error (0): request error 28
2019-03-02 18:29:46 [WARN] rpc error (0): request error 28
2019-03-02 18:29:47 [WARN] rpc error (0): request error 28
2019-03-02 18:29:48 [WARN] rpc error (0): request error 28
2019-03-02 18:29:49 [WARN] rpc error (0): request error 28
2019-03-02 18:29:50 [WARN] rpc error (0): request error 28
2019-03-02 18:29:51 [WARN] rpc error (0): request error 28
2019-03-02 18:29:53 [WARN] rpc error (0): request error 28
2019-03-02 18:29:54 [WARN] rpc error (0): request error 28
2019-03-02 18:29:55 [WARN] rpc error (0): request error 28
2019-03-02 18:29:56 [WARN] rpc error (0): request error 28
2019-03-02 18:29:57 [WARN] rpc error (0): request error 28
2019-03-02 18:29:58 [WARN] rpc error (0): request error 28
2019-03-02 18:29:59 [WARN] rpc error (0): request error 28
2019-03-02 18:30:00 [WARN] rpc error (0): request error 28
2019-03-02 18:30:42 [WARN] rpc error (0): request error 28
2019-03-02 18:30:43 [WARN] rpc error (0): request error 28
2019-03-02 18:30:44 [WARN] rpc error (0): request error 28
2019-03-02 18:30:45 [WARN] rpc error (0): request error 28
2019-03-02 18:30:46 [WARN] rpc error (0): request error 28
2019-03-02 18:30:47 [WARN] rpc error (0): request error 28
2019-03-02 18:30:48 [WARN] rpc error (0): request error 28
2019-03-02 18:30:49 [WARN] rpc error (0): request error 28
2019-03-02 18:30:51 [WARN] rpc error (0): request error 28
2019-03-02 18:30:52 [WARN] rpc error (0): request error 28
2019-03-02 18:30:53 [WARN] rpc error (0): request error 28
2019-03-02 18:30:54 [WARN] rpc error (0): request error 28
2019-03-02 18:30:55 [WARN] rpc error (0): request error 28
2019-03-02 18:30:56 [WARN] rpc error (0): request error 28
2019-03-02 18:30:57 [WARN] rpc error (0): request error 28
2019-03-02 18:30:58 [WARN] rpc error (0): request error 28
2019-03-02 18:30:59 [WARN] rpc error (0): request error 28
2019-03-02 18:31:00 [WARN] rpc error (0): request error 28
2019-03-02 18:31:02 [WARN] rpc error (0): request error 28
2019-03-02 18:31:03 [WARN] rpc error (0): request error 28
2019-03-02 18:31:04 [WARN] rpc error (0): request error 28
2019-03-02 18:31:05 [WARN] rpc error (0): request error 28
2019-03-02 18:31:06 [WARN] rpc error (0): request error 28
2019-03-02 18:31:07 [WARN] rpc error (0): request error 28
2019-03-02 18:31:08 [WARN] rpc error (0): request error 28
2019-03-02 18:31:09 [WARN] rpc error (0): request error 28
2019-03-02 18:31:42 [WARN] rpc error (0): request error 28
2019-03-02 18:31:43 [WARN] rpc error (0): request error 28
2019-03-02 18:31:44 [WARN] rpc error (0): request error 28
2019-03-02 18:31:45 [WARN] rpc error (0): request error 28
2019-03-02 18:31:46 [WARN] rpc error (0): request error 28
2019-03-02 18:31:47 [WARN] rpc error (0): request error 28
2019-03-02 18:31:48 [WARN] rpc error (0): request error 28
2019-03-02 18:31:49 [WARN] rpc error (0): request error 28
2019-03-02 18:31:51 [WARN] rpc error (0): request error 28
2019-03-02 18:31:52 [WARN] rpc error (0): request error 28
2019-03-02 18:31:53 [WARN] rpc error (0): request error 28
2019-03-02 18:31:54 [WARN] rpc error (0): request error 28
2019-03-02 18:32:42 [WARN] rpc error (0): request error 28
2019-03-02 18:32:43 [WARN] rpc error (0): request error 28
2019-03-02 18:32:44 [WARN] rpc error (0): request error 28
2019-03-02 18:32:45 [WARN] rpc error (0): request error 28
2019-03-02 18:32:46 [WARN] rpc error (0): request error 28
2019-03-02 18:32:47 [WARN] rpc error (0): request error 28
2019-03-02 18:32:48 [WARN] rpc error (0): request error 28
2019-03-02 18:32:49 [WARN] rpc error (0): request error 28
2019-03-02 18:32:50 [WARN] rpc error (0): request error 28
2019-03-02 18:32:51 [WARN] rpc error (0): request error 28
2019-03-02 18:32:53 [WARN] rpc error (0): request error 28
2019-03-02 18:32:54 [WARN] rpc error (0): request error 28
2019-03-02 18:32:55 [WARN] rpc error (0): request error 28
2019-03-02 18:32:56 [WARN] rpc error (0): request error 28
2019-03-02 18:33:42 [WARN] rpc error (0): request error 28
2019-03-02 18:33:43 [WARN] rpc error (0): request error 28
2019-03-02 18:33:45 [WARN] rpc error (0): request error 28
2019-03-02 18:33:46 [WARN] rpc error (0): request error 28
2019-03-02 18:33:47 [WARN] rpc error (0): request error 28
2019-03-02 18:33:48 [WARN] rpc error (0): request error 28
2019-03-02 18:33:49 [WARN] rpc error (0): request error 28
2019-03-02 18:33:50 [WARN] rpc error (0): request error 28
2019-03-02 18:33:51 [WARN] rpc error (0): request error 28
2019-03-02 18:33:52 [WARN] rpc error (0): request error 28
2019-03-02 18:33:53 [WARN] rpc error (0): request error 28
2019-03-02 18:33:54 [WARN] rpc error (0): request error 28
2019-03-02 18:33:56 [WARN] rpc error (0): request error 28
2019-03-02 18:33:57 [WARN] rpc error (0): request error 28
2019-03-02 18:33:58 [WARN] rpc error (0): request error 28
2019-03-02 18:33:59 [WARN] rpc error (0): request error 28
2019-03-02 18:34:00 [WARN] rpc error (0): request error 28
2019-03-02 18:34:42 [WARN] rpc error (0): request error 28
2019-03-02 18:34:43 [WARN] rpc error (0): request error 28
2019-03-02 18:34:44 [WARN] rpc error (0): request error 28
2019-03-02 18:34:45 [WARN] rpc error (0): request error 28
2019-03-02 18:34:46 [WARN] rpc error (0): request error 28
2019-03-02 18:34:47 [WARN] rpc error (0): request error 28
2019-03-02 18:34:49 [WARN] rpc error (0): request error 28
2019-03-02 18:34:50 [WARN] rpc error (0): request error 28
2019-03-02 18:34:51 [WARN] rpc error (0): request error 28
2019-03-02 18:34:52 [WARN] rpc error (0): request error 28
2019-03-02 18:34:53 [WARN] rpc error (0): request error 28
2019-03-02 18:34:54 [WARN] rpc error (0): request error 28
2019-03-02 18:34:55 [WARN] rpc error (0): request error 28
2019-03-02 18:34:56 [WARN] rpc error (0): request error 28
2019-03-02 18:35:42 [WARN] rpc error (0): request error 28
2019-03-02 18:35:43 [WARN] rpc error (0): request error 28
2019-03-02 18:35:44 [WARN] rpc error (0): request error 28
2019-03-02 18:35:45 [WARN] rpc error (0): request error 28
2019-03-02 18:35:46 [WARN] rpc error (0): request error 28
2019-03-02 18:35:47 [WARN] rpc error (0): request error 28
2019-03-02 18:35:49 [WARN] rpc error (0): request error 28
2019-03-02 18:35:50 [WARN] rpc error (0): request error 28
2019-03-02 18:35:51 [WARN] rpc error (0): request error 28
2019-03-02 18:35:52 [WARN] rpc error (0): request error 28
2019-03-02 18:35:53 [WARN] rpc error (0): request error 28
2019-03-02 18:35:54 [WARN] rpc error (0): request error 28
2019-03-02 18:35:55 [WARN] rpc error (0): request error 28
2019-03-02 18:35:56 [WARN] rpc error (0): request error 28
2019-03-02 18:36:42 [WARN] rpc error (0): request error 28
2019-03-02 18:36:43 [WARN] rpc error (0): request error 28
2019-03-02 18:36:44 [WARN] rpc error (0): request error 28
2019-03-02 18:36:45 [WARN] rpc error (0): request error 28
2019-03-02 18:36:46 [WARN] rpc error (0): request error 28
2019-03-02 18:36:47 [WARN] rpc error (0): request error 28
2019-03-02 18:36:49 [WARN] rpc error (0): request error 28
2019-03-02 18:36:50 [WARN] rpc error (0): request error 28
2019-03-02 18:36:51 [WARN] rpc error (0): request error 28
2019-03-02 18:36:52 [WARN] rpc error (0): request error 28
2019-03-02 18:36:53 [WARN] rpc error (0): request error 28
2019-03-02 18:36:54 [WARN] rpc error (0): request error 28
2019-03-02 18:36:55 [WARN] rpc error (0): request error 28
2019-03-02 18:36:56 [WARN] rpc error (0): request error 28
2019-03-02 18:36:57 [WARN] rpc error (0): request error 28
2019-03-02 18:36:58 [WARN] rpc error (0): request error 28
2019-03-02 18:37:00 [WARN] rpc error (0): request error 28
2019-03-02 18:37:01 [WARN] rpc error (0): request error 28
2019-03-02 18:37:02 [WARN] rpc error (0): request error 28
2019-03-02 18:37:03 [WARN] rpc error (0): request error 28
2019-03-02 18:37:04 [WARN] rpc error (0): request error 28
2019-03-02 18:37:05 [WARN] rpc error (0): request error 28
2019-03-02 18:37:06 [WARN] rpc error (0): request error 28
2019-03-02 18:37:07 [WARN] rpc error (0): request error 28
2019-03-02 18:37:42 [WARN] rpc error (0): request error 28
2019-03-02 18:37:43 [WARN] rpc error (0): request error 28
2019-03-02 18:37:44 [WARN] rpc error (0): request error 28
2019-03-02 18:37:45 [WARN] rpc error (0): request error 28
2019-03-02 18:37:46 [WARN] rpc error (0): request error 28
2019-03-02 18:37:47 [WARN] rpc error (0): request error 28
2019-03-02 18:37:48 [WARN] rpc error (0): request error 28
2019-03-02 18:37:49 [WARN] rpc error (0): request error 28
2019-03-02 18:37:51 [WARN] rpc error (0): request error 28
2019-03-02 18:37:52 [WARN] rpc error (0): request error 28
2019-03-02 18:37:53 [WARN] rpc error (0): request error 28
2019-03-02 18:37:54 [WARN] rpc error (0): request error 28
2019-03-02 18:37:55 [WARN] rpc error (0): request error 28
2019-03-02 18:37:56 [WARN] rpc error (0): request error 28
2019-03-02 18:37:57 [WARN] rpc error (0): request error 28
2019-03-02 18:37:58 [WARN] rpc error (0): request error 28
2019-03-02 18:38:42 [WARN] rpc error (0): request error 28
2019-03-02 18:38:43 [WARN] rpc error (0): request error 28
2019-03-02 18:38:44 [WARN] rpc error (0): request error 28
2019-03-02 18:38:45 [WARN] rpc error (0): request error 28
2019-03-02 18:38:47 [WARN] rpc error (0): request error 28
2019-03-02 18:38:48 [WARN] rpc error (0): request error 28
2019-03-02 18:38:49 [WARN] rpc error (0): request error 28
2019-03-02 18:38:50 [WARN] rpc error (0): request error 28
2019-03-02 18:38:51 [WARN] rpc error (0): request error 28
2019-03-02 18:38:52 [WARN] rpc error (0): request error 28
2019-03-02 18:38:53 [WARN] rpc error (0): request error 28
2019-03-02 18:38:54 [WARN] rpc error (0): request error 28
2019-03-02 18:38:55 [WARN] rpc error (0): request error 28
2019-03-02 18:38:57 [WARN] rpc error (0): request error 28
2019-03-02 18:38:58 [WARN] rpc error (0): request error 28
2019-03-02 18:39:42 [WARN] rpc error (0): request error 28
2019-03-02 18:39:43 [WARN] rpc error (0): request error 28
2019-03-02 18:39:44 [WARN] rpc error (0): request error 28
2019-03-02 18:39:45 [WARN] rpc error (0): request error 28
2019-03-02 18:39:46 [WARN] rpc error (0): request error 28
2019-03-02 18:39:47 [WARN] rpc error (0): request error 28
2019-03-02 18:39:49 [WARN] rpc error (0): request error 28
2019-03-02 18:39:50 [WARN] rpc error (0): request error 28
2019-03-02 18:39:51 [WARN] rpc error (0): request error 28
2019-03-02 18:39:52 [WARN] rpc error (0): request error 28
2019-03-02 18:39:53 [WARN] rpc error (0): request error 28
2019-03-02 18:39:54 [WARN] rpc error (0): request error 28
2019-03-02 18:39:55 [WARN] rpc error (0): request error 28
2019-03-02 18:39:56 [WARN] rpc error (0): request error 28
2019-03-02 18:39:57 [WARN] rpc error (0): request error 28
2019-03-02 18:39:58 [WARN] rpc error (0): request error 28
2019-03-02 18:40:00 [WARN] rpc error (0): request error 28
2019-03-02 18:40:01 [WARN] rpc error (0): request error 28
2019-03-02 18:40:02 [WARN] rpc error (0): request error 28
2019-03-02 18:40:03 [WARN] rpc error (0): request error 28
2019-03-02 18:40:04 [WARN] rpc error (0): request error 28
2019-03-02 18:40:42 [WARN] rpc error (0): request error 28
2019-03-02 18:40:43 [WARN] rpc error (0): request error 28
2019-03-02 18:40:44 [WARN] rpc error (0): request error 28
2019-03-02 18:40:45 [WARN] rpc error (0): request error 28
2019-03-02 18:40:47 [WARN] rpc error (0): request error 28
2019-03-02 18:40:48 [WARN] rpc error (0): request error 28
2019-03-02 18:40:49 [WARN] rpc error (0): request error 28
2019-03-02 18:40:50 [WARN] rpc error (0): request error 28
2019-03-02 18:40:51 [WARN] rpc error (0): request error 28
2019-03-02 18:40:52 [WARN] rpc error (0): request error 28
2019-03-02 18:40:53 [WARN] rpc error (0): request error 28
2019-03-02 18:40:54 [WARN] rpc error (0): request error 28
2019-03-02 18:40:55 [WARN] rpc error (0): request error 28
2019-03-02 18:40:56 [WARN] rpc error (0): request error 28
2019-03-02 18:40:58 [WARN] rpc error (0): request error 28
2019-03-02 18:40:59 [WARN] rpc error (0): request error 28
2019-03-02 18:41:00 [WARN] rpc error (0): request error 28
2019-03-02 18:41:42 [WARN] rpc error (0): request error 28
2019-03-02 18:41:43 [WARN] rpc error (0): request error 28
2019-03-02 18:41:44 [WARN] rpc error (0): request error 28
2019-03-02 18:41:45 [WARN] rpc error (0): request error 28
2019-03-02 18:41:47 [WARN] rpc error (0): request error 28
2019-03-02 18:41:48 [WARN] rpc error (0): request error 28
2019-03-02 18:41:49 [WARN] rpc error (0): request error 28
2019-03-02 18:41:50 [WARN] rpc error (0): request error 28
2019-03-02 18:41:51 [WARN] rpc error (0): request error 28
2019-03-02 18:41:52 [WARN] rpc error (0): request error 28
2019-03-02 18:41:53 [WARN] rpc error (0): request error 28
2019-03-02 18:41:54 [WARN] rpc error (0): request error 28
2019-03-02 18:41:55 [WARN] rpc error (0): request error 28
2019-03-02 18:41:56 [WARN] rpc error (0): request error 28
2019-03-02 18:41:58 [WARN] rpc error (0): request error 28
2019-03-02 18:42:42 [WARN] rpc error (0): request error 28
2019-03-02 18:42:43 [WARN] rpc error (0): request error 28
2019-03-02 18:42:44 [WARN] rpc error (0): request error 28
2019-03-02 18:42:45 [WARN] rpc error (0): request error 28
2019-03-02 18:42:47 [WARN] rpc error (0): request error 28
2019-03-02 18:42:48 [WARN] rpc error (0): request error 28
2019-03-02 18:42:49 [WARN] rpc error (0): request error 28
2019-03-02 18:42:50 [WARN] rpc error (0): request error 28
2019-03-02 18:42:51 [WARN] rpc error (0): request error 28
2019-03-02 18:42:52 [WARN] rpc error (0): request error 28
2019-03-02 18:42:53 [WARN] rpc error (0): request error 28
2019-03-02 18:42:54 [WARN] rpc error (0): request error 28
2019-03-02 18:42:55 [WARN] rpc error (0): request error 28
2019-03-02 18:42:56 [WARN] rpc error (0): request error 28
2019-03-02 18:42:58 [WARN] rpc error (0): request error 28
2019-03-02 18:42:59 [WARN] rpc error (0): request error 28
2019-03-02 18:43:00 [WARN] rpc error (0): request error 28
2019-03-02 18:43:01 [WARN] rpc error (0): request error 28
2019-03-02 18:43:02 [WARN] rpc error (0): request error 28
2019-03-02 18:43:03 [WARN] rpc error (0): request error 28
2019-03-02 18:43:04 [WARN] rpc error (0): request error 28
2019-03-02 18:43:05 [WARN] rpc error (0): request error 28
2019-03-02 18:43:07 [WARN] rpc error (0): request error 28
2019-03-02 18:43:42 [WARN] rpc error (0): request error 28
2019-03-02 18:43:43 [WARN] rpc error (0): request error 28
2019-03-02 18:43:45 [WARN] rpc error (0): request error 28
2019-03-02 18:43:46 [WARN] rpc error (0): request error 28
2019-03-02 18:43:47 [WARN] rpc error (0): request error 28
2019-03-02 18:43:48 [WARN] rpc error (0): request error 28
2019-03-02 18:43:49 [WARN] rpc error (0): request error 28
2019-03-02 18:43:50 [WARN] rpc error (0): request error 28
2019-03-02 18:43:51 [WARN] rpc error (0): request error 28
2019-03-02 18:43:52 [WARN] rpc error (0): request error 28
2019-03-02 18:43:53 [WARN] rpc error (0): request error 28
2019-03-02 18:43:54 [WARN] rpc error (0): request error 28
2019-03-02 18:43:56 [WARN] rpc error (0): request error 28
2019-03-02 18:43:57 [WARN] rpc error (0): request error 28
2019-03-02 18:43:58 [WARN] rpc error (0): request error 28
2019-03-02 18:43:59 [WARN] rpc error (0): request error 28
2019-03-02 18:44:00 [WARN] rpc error (0): request error 28
2019-03-02 18:44:01 [WARN] rpc error (0): request error 28
2019-03-02 18:44:42 [WARN] rpc error (0): request error 28
2019-03-02 18:44:43 [WARN] rpc error (0): request error 28
2019-03-02 18:44:44 [WARN] rpc error (0): request error 28
2019-03-02 18:44:45 [WARN] rpc error (0): request error 28
2019-03-02 18:44:46 [WARN] rpc error (0): request error 28
2019-03-02 18:44:47 [WARN] rpc error (0): request error 28
2019-03-02 18:44:48 [WARN] rpc error (0): request error 28
2019-03-02 18:44:49 [WARN] rpc error (0): request error 28
2019-03-02 18:44:50 [WARN] rpc error (0): request error 28
2019-03-02 18:44:51 [WARN] rpc error (0): request error 28
2019-03-02 18:44:53 [WARN] rpc error (0): request error 28
2019-03-02 18:44:54 [WARN] rpc error (0): request error 28
2019-03-02 18:44:55 [WARN] rpc error (0): request error 28
2019-03-02 18:44:56 [WARN] rpc error (0): request error 28
2019-03-02 18:44:57 [WARN] rpc error (0): request error 28
2019-03-02 18:44:58 [WARN] rpc error (0): request error 28
2019-03-02 18:44:59 [WARN] rpc error (0): request error 28
2019-03-02 18:45:00 [WARN] rpc error (0): request error 28
2019-03-02 18:45:01 [WARN] rpc error (0): request error 28
2019-03-02 18:45:02 [WARN] rpc error (0): request error 28
2019-03-02 18:45:04 [WARN] rpc error (0): request error 28
2019-03-02 18:45:05 [WARN] rpc error (0): request error 28
2019-03-02 18:45:06 [WARN] rpc error (0): request error 28
2019-03-02 18:45:42 [WARN] rpc error (0): request error 28
2019-03-02 18:45:43 [WARN] rpc error (0): request error 28
2019-03-02 18:45:45 [WARN] rpc error (0): request error 28
2019-03-02 18:45:46 [WARN] rpc error (0): request error 28
2019-03-02 18:45:47 [WARN] rpc error (0): request error 28
2019-03-02 18:45:48 [WARN] rpc error (0): request error 28
2019-03-02 18:45:49 [WARN] rpc error (0): request error 28
2019-03-02 18:45:50 [WARN] rpc error (0): request error 28
2019-03-02 18:45:51 [WARN] rpc error (0): request error 28
2019-03-02 18:45:52 [WARN] rpc error (0): request error 28
2019-03-02 18:45:53 [WARN] rpc error (0): request error 28
2019-03-02 18:45:54 [WARN] rpc error (0): request error 28
2019-03-02 18:46:42 [WARN] rpc error (0): request error 28
2019-03-02 18:46:43 [WARN] rpc error (0): request error 28
2019-03-02 18:46:44 [WARN] rpc error (0): request error 28
2019-03-02 18:46:45 [WARN] rpc error (0): request error 28
2019-03-02 18:46:46 [WARN] rpc error (0): request error 28
2019-03-02 18:46:47 [WARN] rpc error (0): request error 28
2019-03-02 18:46:49 [WARN] rpc error (0): request error 28
2019-03-02 18:46:50 [WARN] rpc error (0): request error 28
2019-03-02 18:46:51 [WARN] rpc error (0): request error 28
2019-03-02 18:46:52 [WARN] rpc error (0): request error 28
2019-03-02 18:46:53 [WARN] rpc error (0): request error 28
2019-03-02 18:46:54 [WARN] rpc error (0): request error 28
2019-03-02 18:46:55 [WARN] rpc error (0): request error 28
2019-03-02 18:46:56 [WARN] rpc error (0): request error 28
2019-03-02 18:46:57 [WARN] rpc error (0): request error 28
2019-03-02 18:46:58 [WARN] rpc error (0): request error 28
2019-03-02 18:47:00 [WARN] rpc error (0): request error 28
2019-03-02 18:47:42 [WARN] rpc error (0): request error 28
2019-03-02 18:47:43 [WARN] rpc error (0): request error 28
2019-03-02 18:47:45 [WARN] rpc error (0): request error 28
2019-03-02 18:47:46 [WARN] rpc error (0): request error 28
2019-03-02 18:47:47 [WARN] rpc error (0): request error 28
2019-03-02 18:47:48 [WARN] rpc error (0): request error 28
2019-03-02 18:47:49 [WARN] rpc error (0): request error 28
2019-03-02 18:47:50 [WARN] rpc error (0): request error 28
2019-03-02 18:47:51 [WARN] rpc error (0): request error 28
2019-03-02 18:47:52 [WARN] rpc error (0): request error 28
2019-03-02 18:47:53 [WARN] rpc error (0): request error 28
2019-03-02 18:47:54 [WARN] rpc error (0): request error 28
2019-03-02 18:47:56 [WARN] rpc error (0): request error 28
2019-03-02 18:47:57 [WARN] rpc error (0): request error 28
2019-03-02 18:47:58 [WARN] rpc error (0): request error 28
2019-03-02 18:47:59 [WARN] rpc error (0): request error 28
2019-03-02 18:48:00 [WARN] rpc error (0): request error 28
2019-03-02 18:48:01 [WARN] rpc error (0): request error 28
2019-03-02 18:48:42 [WARN] rpc error (0): request error 28
2019-03-02 18:48:43 [WARN] rpc error (0): request error 28
2019-03-02 18:48:44 [WARN] rpc error (0): request error 28
2019-03-02 18:48:45 [WARN] rpc error (0): request error 28
2019-03-02 18:48:46 [WARN] rpc error (0): request error 28
2019-03-02 18:48:47 [WARN] rpc error (0): request error 28
2019-03-02 18:48:48 [WARN] rpc error (0): request error 28
2019-03-02 18:48:49 [WARN] rpc error (0): request error 28
2019-03-02 18:48:50 [WARN] rpc error (0): request error 28
2019-03-02 18:48:51 [WARN] rpc error (0): request error 28
2019-03-02 18:48:53 [WARN] rpc error (0): request error 28
2019-03-02 18:48:54 [WARN] rpc error (0): request error 28
2019-03-02 18:48:55 [WARN] rpc error (0): request error 28
2019-03-02 18:48:56 [WARN] rpc error (0): request error 28
2019-03-02 18:48:57 [WARN] rpc error (0): request error 28
2019-03-02 18:48:58 [WARN] rpc error (0): request error 28
2019-03-02 18:48:59 [WARN] rpc error (0): request error 28
2019-03-02 18:49:00 [WARN] rpc error (0): request error 28
2019-03-02 18:49:01 [WARN] rpc error (0): request error 28
2019-03-02 18:49:02 [WARN] rpc error (0): request error 28
2019-03-02 18:49:33 [WARN] rpc error (0): request error 28
2019-03-02 18:49:34 [WARN] rpc error (0): request error 28
2019-03-02 18:49:35 [WARN] rpc error (0): request error 28
2019-03-02 18:49:36 [WARN] rpc error (0): request error 28
2019-03-02 18:49:37 [WARN] rpc error (0): request error 28
2019-03-02 18:49:38 [WARN] rpc error (0): request error 28
2019-03-02 18:56:23 [WARN] panerr (0x200008cb3)
2019-03-02 18:57:21 [INFO] verify cookie (45)
2019-03-02 18:57:21 [WARN] panerr (0x400000000)
2019-03-02 19:03:47 [INFO] verify cookie (625)
2019-03-02 19:03:52 [INFO] user login success (2285008211): 1246725901a5
