2019-01-26 22:05:18 [INFO] pandownload version: 2.0.5
2019-01-26 22:05:21 [INFO] aria2 version: 1.34.0
2019-01-26 22:05:21 [INFO] aria2 json-rpc path: http://token:pandownload@127.0.0.1:6808/jsonrpc
2019-01-26 22:05:21 [INFO] create main window
2019-01-26 22:05:21 [INFO] verify cookie (619)
2019-01-26 22:05:21 [INFO] verify cookie (642)
2019-01-26 22:05:22 [INFO] user login success (1379078960): 1246725901a
2019-01-26 22:05:22 [INFO] user login success (2285008211): 1246725901a5
2019-01-26 23:45:54 [WARN] ID#1 - No URI available.(22) FILE="C:/Users/asus/Desktop/WorldCreator/World Creator 2 RC13.5 Standalone Win FULL 独立免安装版.rar" SIZE="1958012104"
2019-01-26 23:52:24 [WARN] panerr (0x200000001)
2019-01-26 23:52:24 [WARN] request error (0x200000001): https://pan.baidu.com/api/quota {"errno":1,"request_id":602890604360714273}
2019-01-27 01:15:25 [WARN] panerr (0x200000001)
2019-01-27 01:15:25 [WARN] request error (0x200000001): https://pan.baidu.com/api/quota {"errno":1,"request_id":604227864952026807}
2019-01-27 01:15:48 [WARN] panerr (0x200000001)
2019-01-27 01:15:48 [WARN] request error (0x200000001): https://pan.baidu.com/api/quota {"errno":1,"request_id":604234077031212267}
2019-01-27 10:36:56 [WARN] panerr (0x100000006)
2019-01-27 10:36:56 [WARN] request error (0x100000006): https://pan.baidu.com/api/quota 
2019-01-27 10:36:56 [WARN] panerr (0x100000006)
2019-01-27 10:36:56 [WARN] panerr (0x100000006)
2019-01-27 10:36:56 [WARN] request error (0x100000006): https://pan.baidu.com/api/quota 
2019-01-27 10:36:56 [WARN] panerr (0x100000006)
2019-01-27 19:04:28 [WARN] panerr (0x100000006)
2019-01-27 19:04:28 [WARN] request error (0x100000006): https://pan.baidu.com/api/quota 
2019-01-27 19:04:34 [WARN] panerr (0x100000006)
2019-01-27 19:04:34 [WARN] request error (0x100000006): https://pan.baidu.com/api/quota 
2019-01-27 19:08:09 [INFO] close main window
2019-01-27 19:08:09 [INFO] exit
