2019-02-19 14:17:20 [INFO] pandownload version: 2.0.5
2019-02-19 14:17:22 [WARN] rpc error (0): request error 28
2019-02-19 14:17:24 [WARN] rpc error (0): request error 28
2019-02-19 14:17:24 [INFO] aria2 version: 1.34.0
2019-02-19 14:17:24 [INFO] aria2 json-rpc path: http://token:pandownload@127.0.0.1:6808/jsonrpc
2019-02-19 14:17:24 [INFO] create main window
2019-02-19 14:17:24 [INFO] verify cookie (619)
2019-02-19 14:17:24 [INFO] verify cookie (642)
2019-02-19 14:17:26 [INFO] user login success (1379078960): 1246725901a
2019-02-19 14:17:26 [INFO] user login success (2285008211): 1246725901a5
2019-02-19 14:26:01 [WARN] panerr (0x10000001c)
2019-02-19 14:29:33 [WARN] ID#3 - No URI available.(24) FILE="C:/Users/asus/Desktop/红警3/RA3_D2.cab" SIZE="1707186585"
2019-02-19 14:29:37 [WARN] ID#4 - No URI available.(24) FILE="C:/Users/asus/Desktop/红警3/RA3_D3.cab" SIZE="1707186585"
2019-02-19 14:30:30 [WARN] ID#2 - No URI available.(24) FILE="C:/Users/asus/Desktop/红警3/RA3_D1.cab" SIZE="1707186585"
2019-02-19 14:39:03 [WARN] panerr (0x10000001c)
2019-02-19 14:45:49 [WARN] panerr (0x10000001c)
2019-02-19 14:51:53 [WARN] ID#6 - The response status is not successful. status=403(22) FILE="C:/Users/asus/Desktop/红警3/RA3_D5.cab" SIZE="675885278"
2019-02-19 14:51:55 [WARN] ID#6 - The response status is not successful. status=403(22) FILE="C:/Users/asus/Desktop/红警3/RA3_D5.cab" SIZE="675885278"
2019-02-19 14:51:58 [WARN] ID#6 - The response status is not successful. status=403(22) FILE="C:/Users/asus/Desktop/红警3/RA3_D5.cab" SIZE="675885278"
2019-02-19 14:52:01 [WARN] ID#7 - The response status is not successful. status=403(22) FILE="C:/Users/asus/Desktop/红警3/RA3_Data.msi" SIZE="2404864"
2019-02-19 14:52:03 [WARN] ID#7 - The response status is not successful. status=403(22) FILE="C:/Users/asus/Desktop/红警3/RA3_Data.msi" SIZE="2404864"
2019-02-19 14:52:05 [WARN] ID#7 - The response status is not successful. status=403(22) FILE="C:/Users/asus/Desktop/红警3/RA3_Data.msi" SIZE="2404864"
2019-02-19 15:07:41 [WARN] ID#6 - The response status is not successful. status=403(22) FILE="C:/Users/asus/Desktop/红警3/RA3_D5.cab" SIZE="675885278"
2019-02-19 15:07:43 [WARN] ID#7 - The response status is not successful. status=403(22) FILE="C:/Users/asus/Desktop/红警3/RA3_Data.msi" SIZE="2404864"
2019-02-19 15:07:43 [WARN] ID#6 - The response status is not successful. status=403(22) FILE="C:/Users/asus/Desktop/红警3/RA3_D5.cab" SIZE="675885278"
2019-02-19 15:07:44 [WARN] ID#7 - The response status is not successful. status=403(22) FILE="C:/Users/asus/Desktop/红警3/RA3_Data.msi" SIZE="2404864"
2019-02-19 15:07:45 [WARN] ID#7 - The response status is not successful. status=403(22) FILE="C:/Users/asus/Desktop/红警3/RA3_Data.msi" SIZE="2404864"
2019-02-19 15:07:45 [WARN] ID#6 - The response status is not successful. status=403(22) FILE="C:/Users/asus/Desktop/红警3/RA3_D5.cab" SIZE="675885278"
2019-02-19 16:00:13 [WARN] panerr (0x200000001)
2019-02-19 16:00:13 [WARN] request error (0x200000001): https://pan.baidu.com/api/quota {"errno":1,"request_id":1151912954762282596}
2019-02-19 16:05:29 [WARN] panerr (0x200000064)
2019-02-19 16:05:29 [WARN] request error (0x200000064): https://pan.baidu.com/api/quota {"errno":100,"request_id":1151998883634862882}
2019-02-19 16:14:16 [WARN] panerr (0x200000001)
2019-02-19 16:14:16 [WARN] request error (0x200000001): https://pan.baidu.com/api/quota {"errno":1,"request_id":1152139687249822673}
2019-02-19 16:24:47 [WARN] ID#6 - The response status is not successful. status=403(22) FILE="C:/Users/asus/Desktop/红警3/RA3_D5.cab" SIZE="675885278"
2019-02-19 16:24:48 [WARN] ID#7 - The response status is not successful. status=403(22) FILE="C:/Users/asus/Desktop/红警3/RA3_Data.msi" SIZE="2404864"
2019-02-19 16:24:49 [WARN] ID#6 - The response status is not successful. status=403(22) FILE="C:/Users/asus/Desktop/红警3/RA3_D5.cab" SIZE="675885278"
2019-02-19 16:24:50 [WARN] ID#7 - The response status is not successful. status=403(22) FILE="C:/Users/asus/Desktop/红警3/RA3_Data.msi" SIZE="2404864"
2019-02-19 16:24:50 [WARN] ID#6 - The response status is not successful. status=403(22) FILE="C:/Users/asus/Desktop/红警3/RA3_D5.cab" SIZE="675885278"
2019-02-19 16:24:52 [WARN] ID#7 - The response status is not successful. status=403(22) FILE="C:/Users/asus/Desktop/红警3/RA3_Data.msi" SIZE="2404864"
2019-02-19 18:00:07 [WARN] panerr (0x200000001)
2019-02-19 18:00:07 [WARN] request error (0x200000001): https://pan.baidu.com/api/quota {"errno":1,"request_id":1153844438451451988}
2019-02-20 09:10:52 [WARN] panerr (0x100000006)
2019-02-20 09:10:52 [WARN] request error (0x100000006): https://pan.baidu.com/api/quota 
2019-02-20 09:10:52 [WARN] panerr (0x100000006)
2019-02-20 09:10:52 [WARN] request error (0x100000006): https://pan.baidu.com/api/quota 
2019-02-20 09:10:53 [WARN] rpc error (0): request error 28
2019-02-20 09:10:54 [WARN] rpc error (0): request error 28
2019-02-20 09:10:55 [WARN] rpc error (0): request error 28
2019-02-20 09:10:56 [WARN] rpc error (0): request error 28
2019-02-20 09:10:58 [WARN] rpc error (0): request error 28
2019-02-20 09:10:59 [WARN] rpc error (0): request error 28
2019-02-20 09:11:26 [WARN] rpc error (0): request error 28
2019-02-20 09:11:32 [WARN] ID#5 - The response status is not successful. status=403(22) FILE="C:/Users/asus/Desktop/红警3/RA3_D4.cab" SIZE="1707186585"
2019-02-20 09:11:35 [WARN] rpc error (0): request error 28
2019-02-20 09:11:53 [WARN] rpc error (0): request error 28
2019-02-20 09:13:17 [WARN] rpc error (0): request error 28
2019-02-20 09:14:58 [WARN] rpc error (0): request error 28
2019-02-20 09:14:59 [WARN] rpc error (0): request error 28
2019-02-20 09:24:03 [WARN] ID#2 - No URI available.(22) FILE="C:/Users/asus/Desktop/RA3_D5.cab" SIZE="675885278"
2019-02-20 09:25:59 [WARN] ID#1 - No URI available.(22) FILE="C:/Users/asus/Desktop/RA3_D4.cab" SIZE="1707186585"
2019-02-20 10:16:34 [WARN] panerr (0x10000001c)
2019-02-20 10:16:34 [WARN] request error (0x10000001c): https://pan.baidu.com/api/quota 
2019-02-20 10:26:02 [WARN] panerr (0x100000023)
2019-02-20 10:26:02 [WARN] request error (0x100000023): https://pan.baidu.com/api/quota 
2019-02-20 11:21:04 [WARN] panerr (0x100000006)
2019-02-20 11:21:04 [WARN] request error (0x100000006): https://pan.baidu.com/api/quota 
2019-02-20 13:00:06 [WARN] panerr (0x200000001)
2019-02-20 13:00:06 [WARN] request error (0x200000001): https://pan.baidu.com/api/quota {"errno":1,"request_id":1172205075738338693}
2019-02-20 13:05:21 [WARN] panerr (0x200000001)
2019-02-20 13:05:21 [WARN] request error (0x200000001): https://pan.baidu.com/api/quota {"errno":1,"request_id":1172289600616722824}
2019-02-20 13:26:55 [WARN] panerr (0x10000001c)
2019-02-20 13:26:55 [WARN] request error (0x10000001c): https://pan.baidu.com/api/quota 
2019-02-20 13:27:45 [WARN] panerr (0x10000001c)
2019-02-20 13:27:45 [WARN] request error (0x10000001c): https://pan.baidu.com/api/quota 
2019-02-20 13:28:51 [WARN] panerr (0x100000007)
2019-02-20 13:29:06 [WARN] panerr (0x100000006)
2019-02-20 13:29:06 [WARN] request error (0x100000006): https://pan.baidu.com/api/quota 
2019-02-20 13:29:06 [WARN] panerr (0x100000006)
2019-02-20 13:29:26 [WARN] panerr (0x100000006)
2019-02-20 13:29:26 [WARN] request error (0x100000006): https://pan.baidu.com/api/quota 
2019-02-20 13:29:26 [WARN] panerr (0x100000006)
2019-02-20 13:29:26 [WARN] request error (0x100000006): https://pan.baidu.com/api/quota 
2019-02-20 13:29:46 [WARN] panerr (0x100000006)
2019-02-20 13:29:46 [WARN] request error (0x100000006): https://pan.baidu.com/api/quota 
2019-02-20 13:29:46 [WARN] panerr (0x100000006)
2019-02-20 13:29:46 [WARN] request error (0x100000006): https://pan.baidu.com/api/quota 
2019-02-20 13:30:06 [WARN] panerr (0x100000006)
2019-02-20 13:30:06 [WARN] request error (0x100000006): https://pan.baidu.com/api/quota 
2019-02-20 13:30:06 [WARN] panerr (0x100000006)
2019-02-20 13:30:06 [WARN] request error (0x100000006): https://pan.baidu.com/api/quota 
2019-02-20 13:30:26 [WARN] panerr (0x100000006)
2019-02-20 13:30:26 [WARN] request error (0x100000006): https://pan.baidu.com/api/quota 
2019-02-20 13:30:26 [WARN] panerr (0x100000006)
2019-02-20 13:30:26 [WARN] panerr (0x100000006)
2019-02-20 13:30:26 [WARN] request error (0x100000006): https://pan.baidu.com/api/quota 
2019-02-20 13:30:26 [WARN] panerr (0x100000006)
2019-02-20 13:30:46 [WARN] panerr (0x100000006)
2019-02-20 13:30:46 [WARN] request error (0x100000006): https://pan.baidu.com/api/quota 
2019-02-20 13:30:46 [WARN] panerr (0x100000006)
2019-02-20 13:30:46 [WARN] request error (0x100000006): https://pan.baidu.com/api/quota 
2019-02-20 13:31:06 [WARN] panerr (0x100000006)
2019-02-20 13:31:06 [WARN] request error (0x100000006): https://pan.baidu.com/api/quota 
2019-02-20 13:31:06 [WARN] panerr (0x100000006)
2019-02-20 13:31:06 [WARN] request error (0x100000006): https://pan.baidu.com/api/quota 
2019-02-20 13:31:26 [WARN] panerr (0x100000006)
2019-02-20 13:31:26 [WARN] request error (0x100000006): https://pan.baidu.com/api/quota 
2019-02-20 13:31:26 [WARN] panerr (0x100000006)
2019-02-20 13:31:26 [WARN] request error (0x100000006): https://pan.baidu.com/api/quota 
2019-02-20 13:31:46 [WARN] panerr (0x100000006)
2019-02-20 13:31:46 [WARN] request error (0x100000006): https://pan.baidu.com/api/quota 
2019-02-20 13:31:46 [WARN] panerr (0x100000006)
2019-02-20 13:31:46 [WARN] panerr (0x100000006)
2019-02-20 13:31:46 [WARN] request error (0x100000006): https://pan.baidu.com/api/quota 
2019-02-20 13:31:46 [WARN] panerr (0x100000006)
2019-02-20 13:32:06 [WARN] panerr (0x100000006)
2019-02-20 13:32:06 [WARN] request error (0x100000006): https://pan.baidu.com/api/quota 
2019-02-20 13:32:06 [WARN] panerr (0x100000006)
2019-02-20 13:32:06 [WARN] request error (0x100000006): https://pan.baidu.com/api/quota 
2019-02-20 13:32:26 [WARN] panerr (0x100000006)
2019-02-20 13:32:26 [WARN] request error (0x100000006): https://pan.baidu.com/api/quota 
2019-02-20 13:32:26 [WARN] panerr (0x100000006)
2019-02-20 13:32:26 [WARN] request error (0x100000006): https://pan.baidu.com/api/quota 
2019-02-20 13:32:46 [WARN] panerr (0x100000006)
2019-02-20 13:32:46 [WARN] request error (0x100000006): https://pan.baidu.com/api/quota 
2019-02-20 13:32:46 [WARN] panerr (0x100000006)
2019-02-20 13:32:46 [WARN] request error (0x100000006): https://pan.baidu.com/api/quota 
2019-02-20 13:33:07 [WARN] panerr (0x100000006)
2019-02-20 13:33:07 [WARN] request error (0x100000006): https://pan.baidu.com/api/quota 
2019-02-20 13:33:07 [WARN] panerr (0x100000006)
2019-02-20 13:33:07 [WARN] panerr (0x100000006)
2019-02-20 13:33:07 [WARN] request error (0x100000006): https://pan.baidu.com/api/quota 
2019-02-20 13:33:07 [WARN] panerr (0x100000006)
2019-02-20 13:33:27 [WARN] panerr (0x100000006)
2019-02-20 13:33:27 [WARN] request error (0x100000006): https://pan.baidu.com/api/quota 
2019-02-20 13:33:27 [WARN] panerr (0x100000006)
2019-02-20 13:33:27 [WARN] request error (0x100000006): https://pan.baidu.com/api/quota 
2019-02-20 13:33:47 [WARN] panerr (0x100000006)
2019-02-20 13:33:47 [WARN] request error (0x100000006): https://pan.baidu.com/api/quota 
2019-02-20 13:33:47 [WARN] panerr (0x100000006)
2019-02-20 13:33:47 [WARN] request error (0x100000006): https://pan.baidu.com/api/quota 
2019-02-20 13:34:07 [WARN] panerr (0x100000006)
2019-02-20 13:34:07 [WARN] request error (0x100000006): https://pan.baidu.com/api/quota 
2019-02-20 13:34:07 [WARN] panerr (0x100000006)
2019-02-20 13:34:07 [WARN] request error (0x100000006): https://pan.baidu.com/api/quota 
2019-02-20 13:34:27 [WARN] panerr (0x100000006)
2019-02-20 13:34:27 [WARN] request error (0x100000006): https://pan.baidu.com/api/quota 
2019-02-20 13:34:27 [WARN] panerr (0x100000006)
2019-02-20 13:34:27 [WARN] panerr (0x100000006)
2019-02-20 13:34:27 [WARN] request error (0x100000006): https://pan.baidu.com/api/quota 
2019-02-20 13:34:27 [WARN] panerr (0x100000006)
2019-02-20 13:34:47 [WARN] panerr (0x100000006)
2019-02-20 13:34:47 [WARN] request error (0x100000006): https://pan.baidu.com/api/quota 
2019-02-20 13:34:47 [WARN] panerr (0x100000006)
2019-02-20 13:34:47 [WARN] request error (0x100000006): https://pan.baidu.com/api/quota 
2019-02-20 13:35:07 [WARN] panerr (0x100000006)
2019-02-20 13:35:07 [WARN] request error (0x100000006): https://pan.baidu.com/api/quota 
2019-02-20 13:35:07 [WARN] panerr (0x100000006)
2019-02-20 13:35:07 [WARN] request error (0x100000006): https://pan.baidu.com/api/quota 
2019-02-20 13:35:27 [WARN] panerr (0x100000006)
2019-02-20 13:35:27 [WARN] request error (0x100000006): https://pan.baidu.com/api/quota 
2019-02-20 13:35:27 [WARN] panerr (0x100000006)
2019-02-20 13:35:27 [WARN] request error (0x100000006): https://pan.baidu.com/api/quota 
2019-02-20 13:35:47 [WARN] panerr (0x100000006)
2019-02-20 13:35:47 [WARN] request error (0x100000006): https://pan.baidu.com/api/quota 
2019-02-20 13:35:47 [WARN] panerr (0x100000006)
2019-02-20 13:35:47 [WARN] panerr (0x100000006)
2019-02-20 13:35:47 [WARN] request error (0x100000006): https://pan.baidu.com/api/quota 
2019-02-20 13:35:47 [WARN] panerr (0x100000006)
2019-02-20 13:36:07 [WARN] panerr (0x100000006)
2019-02-20 13:36:07 [WARN] request error (0x100000006): https://pan.baidu.com/api/quota 
2019-02-20 13:36:07 [WARN] panerr (0x100000006)
2019-02-20 13:36:07 [WARN] request error (0x100000006): https://pan.baidu.com/api/quota 
2019-02-20 13:36:27 [WARN] panerr (0x100000006)
2019-02-20 13:36:27 [WARN] request error (0x100000006): https://pan.baidu.com/api/quota 
2019-02-20 13:36:27 [WARN] panerr (0x100000006)
2019-02-20 13:36:27 [WARN] request error (0x100000006): https://pan.baidu.com/api/quota 
2019-02-20 13:36:47 [WARN] panerr (0x100000006)
2019-02-20 13:36:47 [WARN] request error (0x100000006): https://pan.baidu.com/api/quota 
2019-02-20 13:36:47 [WARN] panerr (0x100000006)
2019-02-20 13:36:47 [WARN] request error (0x100000006): https://pan.baidu.com/api/quota 
2019-02-20 13:37:07 [WARN] panerr (0x100000006)
2019-02-20 13:37:07 [WARN] request error (0x100000006): https://pan.baidu.com/api/quota 
2019-02-20 13:37:07 [WARN] panerr (0x100000006)
2019-02-20 13:37:07 [WARN] panerr (0x100000006)
2019-02-20 13:37:07 [WARN] request error (0x100000006): https://pan.baidu.com/api/quota 
2019-02-20 13:37:07 [WARN] panerr (0x100000006)
2019-02-20 13:37:27 [WARN] panerr (0x100000006)
2019-02-20 13:37:27 [WARN] request error (0x100000006): https://pan.baidu.com/api/quota 
2019-02-20 13:37:27 [WARN] panerr (0x100000006)
2019-02-20 13:37:27 [WARN] request error (0x100000006): https://pan.baidu.com/api/quota 
2019-02-20 13:37:47 [WARN] panerr (0x100000006)
2019-02-20 13:37:47 [WARN] request error (0x100000006): https://pan.baidu.com/api/quota 
2019-02-20 13:37:47 [WARN] panerr (0x100000006)
2019-02-20 13:37:47 [WARN] request error (0x100000006): https://pan.baidu.com/api/quota 
2019-02-20 13:38:07 [WARN] panerr (0x100000006)
2019-02-20 13:38:07 [WARN] request error (0x100000006): https://pan.baidu.com/api/quota 
2019-02-20 13:38:07 [WARN] panerr (0x100000006)
2019-02-20 13:38:07 [WARN] request error (0x100000006): https://pan.baidu.com/api/quota 
2019-02-20 13:38:27 [WARN] panerr (0x100000006)
2019-02-20 13:38:27 [WARN] request error (0x100000006): https://pan.baidu.com/api/quota 
2019-02-20 13:38:27 [WARN] panerr (0x100000006)
2019-02-20 13:38:27 [WARN] panerr (0x100000006)
2019-02-20 13:38:27 [WARN] request error (0x100000006): https://pan.baidu.com/api/quota 
2019-02-20 13:38:27 [WARN] panerr (0x100000006)
2019-02-20 13:38:47 [WARN] panerr (0x100000006)
2019-02-20 13:38:47 [WARN] request error (0x100000006): https://pan.baidu.com/api/quota 
2019-02-20 13:38:47 [WARN] panerr (0x100000006)
2019-02-20 13:38:47 [WARN] request error (0x100000006): https://pan.baidu.com/api/quota 
2019-02-20 13:39:07 [WARN] panerr (0x100000006)
2019-02-20 13:39:07 [WARN] request error (0x100000006): https://pan.baidu.com/api/quota 
2019-02-20 13:39:07 [WARN] panerr (0x100000006)
2019-02-20 13:39:07 [WARN] request error (0x100000006): https://pan.baidu.com/api/quota 
2019-02-20 13:39:27 [WARN] panerr (0x100000006)
2019-02-20 13:39:27 [WARN] request error (0x100000006): https://pan.baidu.com/api/quota 
2019-02-20 13:39:27 [WARN] panerr (0x100000006)
2019-02-20 13:39:27 [WARN] request error (0x100000006): https://pan.baidu.com/api/quota 
2019-02-20 13:39:47 [WARN] panerr (0x100000006)
2019-02-20 13:39:47 [WARN] request error (0x100000006): https://pan.baidu.com/api/quota 
2019-02-20 13:39:47 [WARN] panerr (0x100000006)
2019-02-20 13:39:47 [WARN] panerr (0x100000006)
2019-02-20 13:39:47 [WARN] request error (0x100000006): https://pan.baidu.com/api/quota 
2019-02-20 13:39:47 [WARN] panerr (0x100000006)
2019-02-20 13:40:07 [WARN] panerr (0x100000006)
2019-02-20 13:40:07 [WARN] request error (0x100000006): https://pan.baidu.com/api/quota 
2019-02-20 13:40:07 [WARN] panerr (0x100000006)
2019-02-20 13:40:07 [WARN] request error (0x100000006): https://pan.baidu.com/api/quota 
2019-02-20 13:40:27 [WARN] panerr (0x100000006)
2019-02-20 13:40:27 [WARN] request error (0x100000006): https://pan.baidu.com/api/quota 
2019-02-20 13:40:27 [WARN] panerr (0x100000006)
2019-02-20 13:40:27 [WARN] request error (0x100000006): https://pan.baidu.com/api/quota 
2019-02-20 13:40:47 [WARN] panerr (0x100000006)
2019-02-20 13:40:47 [WARN] request error (0x100000006): https://pan.baidu.com/api/quota 
2019-02-20 13:40:47 [WARN] panerr (0x100000006)
2019-02-20 13:40:47 [WARN] request error (0x100000006): https://pan.baidu.com/api/quota 
2019-02-20 13:41:07 [WARN] panerr (0x100000006)
2019-02-20 13:41:07 [WARN] request error (0x100000006): https://pan.baidu.com/api/quota 
2019-02-20 13:41:07 [WARN] panerr (0x100000006)
2019-02-20 13:41:07 [WARN] panerr (0x100000006)
2019-02-20 13:41:07 [WARN] request error (0x100000006): https://pan.baidu.com/api/quota 
2019-02-20 13:41:07 [WARN] panerr (0x100000006)
2019-02-20 13:41:27 [WARN] panerr (0x100000006)
2019-02-20 13:41:27 [WARN] request error (0x100000006): https://pan.baidu.com/api/quota 
2019-02-20 13:41:27 [WARN] panerr (0x100000006)
2019-02-20 13:41:27 [WARN] request error (0x100000006): https://pan.baidu.com/api/quota 
2019-02-20 13:41:47 [WARN] panerr (0x100000006)
2019-02-20 13:41:47 [WARN] request error (0x100000006): https://pan.baidu.com/api/quota 
2019-02-20 13:41:47 [WARN] panerr (0x100000006)
2019-02-20 13:41:47 [WARN] request error (0x100000006): https://pan.baidu.com/api/quota 
2019-02-20 13:42:07 [WARN] panerr (0x100000006)
2019-02-20 13:42:07 [WARN] request error (0x100000006): https://pan.baidu.com/api/quota 
2019-02-20 13:42:07 [WARN] panerr (0x100000006)
2019-02-20 13:42:07 [WARN] request error (0x100000006): https://pan.baidu.com/api/quota 
2019-02-20 13:42:27 [WARN] panerr (0x100000006)
2019-02-20 13:42:27 [WARN] request error (0x100000006): https://pan.baidu.com/api/quota 
2019-02-20 13:42:27 [WARN] panerr (0x100000006)
2019-02-20 13:42:27 [WARN] panerr (0x100000006)
2019-02-20 13:42:27 [WARN] request error (0x100000006): https://pan.baidu.com/api/quota 
2019-02-20 13:42:27 [WARN] panerr (0x100000006)
2019-02-20 13:42:47 [WARN] panerr (0x100000006)
2019-02-20 13:42:47 [WARN] request error (0x100000006): https://pan.baidu.com/api/quota 
2019-02-20 13:42:47 [WARN] panerr (0x100000006)
2019-02-20 13:42:47 [WARN] request error (0x100000006): https://pan.baidu.com/api/quota 
2019-02-20 13:43:07 [WARN] panerr (0x100000006)
2019-02-20 13:43:07 [WARN] request error (0x100000006): https://pan.baidu.com/api/quota 
2019-02-20 13:43:07 [WARN] panerr (0x100000006)
2019-02-20 13:43:07 [WARN] request error (0x100000006): https://pan.baidu.com/api/quota 
2019-02-20 13:43:27 [WARN] panerr (0x100000006)
2019-02-20 13:43:27 [WARN] request error (0x100000006): https://pan.baidu.com/api/quota 
2019-02-20 13:43:27 [WARN] panerr (0x100000006)
2019-02-20 13:43:27 [WARN] request error (0x100000006): https://pan.baidu.com/api/quota 
2019-02-20 13:43:47 [WARN] panerr (0x100000006)
2019-02-20 13:43:47 [WARN] request error (0x100000006): https://pan.baidu.com/api/quota 
2019-02-20 13:43:47 [WARN] panerr (0x100000006)
2019-02-20 13:43:47 [WARN] panerr (0x100000006)
2019-02-20 13:43:47 [WARN] request error (0x100000006): https://pan.baidu.com/api/quota 
2019-02-20 13:43:47 [WARN] panerr (0x100000006)
2019-02-20 13:44:07 [WARN] panerr (0x100000006)
2019-02-20 13:44:07 [WARN] request error (0x100000006): https://pan.baidu.com/api/quota 
2019-02-20 13:44:07 [WARN] panerr (0x100000006)
2019-02-20 13:44:07 [WARN] request error (0x100000006): https://pan.baidu.com/api/quota 
2019-02-20 13:44:27 [WARN] panerr (0x100000006)
2019-02-20 13:44:27 [WARN] request error (0x100000006): https://pan.baidu.com/api/quota 
2019-02-20 13:44:27 [WARN] panerr (0x100000006)
2019-02-20 13:44:27 [WARN] request error (0x100000006): https://pan.baidu.com/api/quota 
2019-02-20 13:44:47 [WARN] panerr (0x100000006)
2019-02-20 13:44:47 [WARN] request error (0x100000006): https://pan.baidu.com/api/quota 
2019-02-20 13:44:47 [WARN] panerr (0x100000006)
2019-02-20 13:44:47 [WARN] request error (0x100000006): https://pan.baidu.com/api/quota 
2019-02-20 13:45:07 [WARN] panerr (0x100000006)
2019-02-20 13:45:07 [WARN] request error (0x100000006): https://pan.baidu.com/api/quota 
2019-02-20 13:45:07 [WARN] panerr (0x100000006)
2019-02-20 13:45:07 [WARN] panerr (0x100000006)
2019-02-20 13:45:07 [WARN] request error (0x100000006): https://pan.baidu.com/api/quota 
2019-02-20 13:45:07 [WARN] panerr (0x100000006)
2019-02-20 13:45:27 [WARN] panerr (0x100000006)
2019-02-20 13:45:27 [WARN] request error (0x100000006): https://pan.baidu.com/api/quota 
2019-02-20 13:45:27 [WARN] panerr (0x100000006)
2019-02-20 13:45:27 [WARN] request error (0x100000006): https://pan.baidu.com/api/quota 
2019-02-20 13:45:47 [WARN] panerr (0x100000006)
2019-02-20 13:45:47 [WARN] request error (0x100000006): https://pan.baidu.com/api/quota 
2019-02-20 13:45:47 [WARN] panerr (0x100000006)
2019-02-20 13:45:47 [WARN] request error (0x100000006): https://pan.baidu.com/api/quota 
2019-02-20 13:46:07 [WARN] panerr (0x100000006)
2019-02-20 13:46:07 [WARN] request error (0x100000006): https://pan.baidu.com/api/quota 
2019-02-20 13:46:07 [WARN] panerr (0x100000006)
2019-02-20 13:46:07 [WARN] request error (0x100000006): https://pan.baidu.com/api/quota 
2019-02-20 13:46:27 [WARN] panerr (0x100000006)
2019-02-20 13:46:27 [WARN] request error (0x100000006): https://pan.baidu.com/api/quota 
2019-02-20 13:46:27 [WARN] panerr (0x100000006)
2019-02-20 13:46:27 [WARN] panerr (0x100000006)
2019-02-20 13:46:27 [WARN] request error (0x100000006): https://pan.baidu.com/api/quota 
2019-02-20 13:46:27 [WARN] panerr (0x100000006)
2019-02-20 13:46:47 [WARN] panerr (0x100000006)
2019-02-20 13:46:47 [WARN] request error (0x100000006): https://pan.baidu.com/api/quota 
2019-02-20 13:46:47 [WARN] panerr (0x100000006)
2019-02-20 13:46:47 [WARN] request error (0x100000006): https://pan.baidu.com/api/quota 
2019-02-20 13:47:07 [WARN] panerr (0x100000006)
2019-02-20 13:47:07 [WARN] request error (0x100000006): https://pan.baidu.com/api/quota 
2019-02-20 13:47:07 [WARN] panerr (0x100000006)
2019-02-20 13:47:07 [WARN] request error (0x100000006): https://pan.baidu.com/api/quota 
2019-02-20 13:47:27 [WARN] panerr (0x100000006)
2019-02-20 13:47:27 [WARN] request error (0x100000006): https://pan.baidu.com/api/quota 
2019-02-20 13:47:27 [WARN] panerr (0x100000006)
2019-02-20 13:47:27 [WARN] request error (0x100000006): https://pan.baidu.com/api/quota 
2019-02-20 13:47:47 [WARN] panerr (0x100000006)
2019-02-20 13:47:47 [WARN] request error (0x100000006): https://pan.baidu.com/api/quota 
2019-02-20 13:47:47 [WARN] panerr (0x100000006)
2019-02-20 13:47:47 [WARN] panerr (0x100000006)
2019-02-20 13:47:47 [WARN] request error (0x100000006): https://pan.baidu.com/api/quota 
2019-02-20 13:47:47 [WARN] panerr (0x100000006)
2019-02-20 13:48:07 [WARN] panerr (0x100000006)
2019-02-20 13:48:07 [WARN] request error (0x100000006): https://pan.baidu.com/api/quota 
2019-02-20 13:48:07 [WARN] panerr (0x100000006)
2019-02-20 13:48:07 [WARN] request error (0x100000006): https://pan.baidu.com/api/quota 
2019-02-20 13:48:27 [WARN] panerr (0x100000006)
2019-02-20 13:48:27 [WARN] request error (0x100000006): https://pan.baidu.com/api/quota 
2019-02-20 13:48:27 [WARN] panerr (0x100000006)
2019-02-20 13:48:27 [WARN] request error (0x100000006): https://pan.baidu.com/api/quota 
2019-02-20 13:48:47 [WARN] panerr (0x100000006)
2019-02-20 13:48:47 [WARN] request error (0x100000006): https://pan.baidu.com/api/quota 
2019-02-20 13:48:47 [WARN] panerr (0x100000006)
2019-02-20 13:48:47 [WARN] request error (0x100000006): https://pan.baidu.com/api/quota 
2019-02-20 13:49:07 [WARN] panerr (0x100000006)
2019-02-20 13:49:07 [WARN] request error (0x100000006): https://pan.baidu.com/api/quota 
2019-02-20 13:49:07 [WARN] panerr (0x100000006)
2019-02-20 13:49:07 [WARN] panerr (0x100000006)
2019-02-20 13:49:07 [WARN] request error (0x100000006): https://pan.baidu.com/api/quota 
2019-02-20 13:49:07 [WARN] panerr (0x100000006)
2019-02-20 13:49:27 [WARN] panerr (0x100000006)
2019-02-20 13:49:27 [WARN] request error (0x100000006): https://pan.baidu.com/api/quota 
2019-02-20 13:49:27 [WARN] panerr (0x100000006)
2019-02-20 13:49:27 [WARN] request error (0x100000006): https://pan.baidu.com/api/quota 
2019-02-20 13:49:47 [WARN] panerr (0x100000006)
2019-02-20 13:49:47 [WARN] request error (0x100000006): https://pan.baidu.com/api/quota 
2019-02-20 13:49:47 [WARN] panerr (0x100000006)
2019-02-20 13:49:47 [WARN] request error (0x100000006): https://pan.baidu.com/api/quota 
2019-02-20 13:50:07 [WARN] panerr (0x100000006)
2019-02-20 13:50:07 [WARN] request error (0x100000006): https://pan.baidu.com/api/quota 
2019-02-20 13:50:07 [WARN] panerr (0x100000006)
2019-02-20 13:50:07 [WARN] request error (0x100000006): https://pan.baidu.com/api/quota 
2019-02-20 13:50:27 [WARN] panerr (0x100000006)
2019-02-20 13:50:27 [WARN] request error (0x100000006): https://pan.baidu.com/api/quota 
2019-02-20 13:50:27 [WARN] panerr (0x100000006)
2019-02-20 13:50:27 [WARN] panerr (0x100000006)
2019-02-20 13:50:27 [WARN] request error (0x100000006): https://pan.baidu.com/api/quota 
2019-02-20 13:50:27 [WARN] panerr (0x100000006)
2019-02-20 13:50:47 [WARN] panerr (0x100000006)
2019-02-20 13:50:47 [WARN] request error (0x100000006): https://pan.baidu.com/api/quota 
2019-02-20 13:50:47 [WARN] panerr (0x100000006)
2019-02-20 13:50:47 [WARN] request error (0x100000006): https://pan.baidu.com/api/quota 
2019-02-20 13:51:07 [WARN] panerr (0x100000006)
2019-02-20 13:51:07 [WARN] request error (0x100000006): https://pan.baidu.com/api/quota 
2019-02-20 13:51:07 [WARN] panerr (0x100000006)
2019-02-20 13:51:07 [WARN] request error (0x100000006): https://pan.baidu.com/api/quota 
2019-02-20 13:51:27 [WARN] panerr (0x100000006)
2019-02-20 13:51:27 [WARN] request error (0x100000006): https://pan.baidu.com/api/quota 
2019-02-20 13:51:27 [WARN] panerr (0x100000006)
2019-02-20 13:51:27 [WARN] request error (0x100000006): https://pan.baidu.com/api/quota 
2019-02-20 13:51:47 [WARN] panerr (0x100000006)
2019-02-20 13:51:47 [WARN] request error (0x100000006): https://pan.baidu.com/api/quota 
2019-02-20 13:51:47 [WARN] panerr (0x100000006)
2019-02-20 13:51:47 [WARN] panerr (0x100000006)
2019-02-20 13:51:47 [WARN] request error (0x100000006): https://pan.baidu.com/api/quota 
2019-02-20 13:51:47 [WARN] panerr (0x100000006)
2019-02-20 13:52:07 [WARN] panerr (0x100000006)
2019-02-20 13:52:07 [WARN] request error (0x100000006): https://pan.baidu.com/api/quota 
2019-02-20 13:52:07 [WARN] panerr (0x100000006)
2019-02-20 13:52:07 [WARN] request error (0x100000006): https://pan.baidu.com/api/quota 
2019-02-20 13:52:27 [WARN] panerr (0x100000006)
2019-02-20 13:52:27 [WARN] request error (0x100000006): https://pan.baidu.com/api/quota 
2019-02-20 13:52:27 [WARN] panerr (0x100000006)
2019-02-20 13:52:27 [WARN] request error (0x100000006): https://pan.baidu.com/api/quota 
2019-02-20 13:52:47 [WARN] panerr (0x100000006)
2019-02-20 13:52:47 [WARN] request error (0x100000006): https://pan.baidu.com/api/quota 
2019-02-20 13:52:47 [WARN] panerr (0x100000006)
2019-02-20 13:52:47 [WARN] request error (0x100000006): https://pan.baidu.com/api/quota 
2019-02-20 13:53:07 [WARN] panerr (0x100000006)
2019-02-20 13:53:07 [WARN] request error (0x100000006): https://pan.baidu.com/api/quota 
2019-02-20 13:53:07 [WARN] panerr (0x100000006)
2019-02-20 13:53:07 [WARN] panerr (0x100000006)
2019-02-20 13:53:07 [WARN] request error (0x100000006): https://pan.baidu.com/api/quota 
2019-02-20 13:53:07 [WARN] panerr (0x100000006)
2019-02-20 13:53:27 [WARN] panerr (0x100000006)
2019-02-20 13:53:27 [WARN] request error (0x100000006): https://pan.baidu.com/api/quota 
2019-02-20 13:53:27 [WARN] panerr (0x100000006)
2019-02-20 13:53:27 [WARN] request error (0x100000006): https://pan.baidu.com/api/quota 
2019-02-20 13:53:47 [WARN] panerr (0x100000006)
2019-02-20 13:53:47 [WARN] request error (0x100000006): https://pan.baidu.com/api/quota 
2019-02-20 13:53:47 [WARN] panerr (0x100000006)
2019-02-20 13:53:47 [WARN] request error (0x100000006): https://pan.baidu.com/api/quota 
2019-02-20 13:54:07 [WARN] panerr (0x100000006)
2019-02-20 13:54:07 [WARN] request error (0x100000006): https://pan.baidu.com/api/quota 
2019-02-20 13:54:07 [WARN] panerr (0x100000006)
2019-02-20 13:54:07 [WARN] request error (0x100000006): https://pan.baidu.com/api/quota 
2019-02-20 13:54:27 [WARN] panerr (0x100000006)
2019-02-20 13:54:27 [WARN] request error (0x100000006): https://pan.baidu.com/api/quota 
2019-02-20 13:54:27 [WARN] panerr (0x100000006)
2019-02-20 13:54:27 [WARN] panerr (0x100000006)
2019-02-20 13:54:27 [WARN] request error (0x100000006): https://pan.baidu.com/api/quota 
2019-02-20 13:54:27 [WARN] panerr (0x100000006)
2019-02-20 13:54:47 [WARN] panerr (0x100000006)
2019-02-20 13:54:47 [WARN] request error (0x100000006): https://pan.baidu.com/api/quota 
2019-02-20 13:54:47 [WARN] panerr (0x100000006)
2019-02-20 13:54:47 [WARN] request error (0x100000006): https://pan.baidu.com/api/quota 
2019-02-20 13:55:07 [WARN] panerr (0x100000006)
2019-02-20 13:55:07 [WARN] request error (0x100000006): https://pan.baidu.com/api/quota 
2019-02-20 13:55:07 [WARN] panerr (0x100000006)
2019-02-20 13:55:07 [WARN] request error (0x100000006): https://pan.baidu.com/api/quota 
2019-02-20 13:55:27 [WARN] panerr (0x100000006)
2019-02-20 13:55:27 [WARN] request error (0x100000006): https://pan.baidu.com/api/quota 
2019-02-20 13:55:27 [WARN] panerr (0x100000006)
2019-02-20 13:55:27 [WARN] request error (0x100000006): https://pan.baidu.com/api/quota 
2019-02-20 13:55:47 [WARN] panerr (0x100000006)
2019-02-20 13:55:47 [WARN] request error (0x100000006): https://pan.baidu.com/api/quota 
2019-02-20 13:55:47 [WARN] panerr (0x100000006)
2019-02-20 13:55:47 [WARN] panerr (0x100000006)
2019-02-20 13:55:47 [WARN] request error (0x100000006): https://pan.baidu.com/api/quota 
2019-02-20 13:55:47 [WARN] panerr (0x100000006)
2019-02-20 13:56:07 [WARN] panerr (0x100000006)
2019-02-20 13:56:07 [WARN] request error (0x100000006): https://pan.baidu.com/api/quota 
2019-02-20 13:56:07 [WARN] panerr (0x100000006)
2019-02-20 13:56:07 [WARN] request error (0x100000006): https://pan.baidu.com/api/quota 
2019-02-20 13:56:27 [WARN] panerr (0x100000006)
2019-02-20 13:56:27 [WARN] request error (0x100000006): https://pan.baidu.com/api/quota 
2019-02-20 13:56:27 [WARN] panerr (0x100000006)
2019-02-20 13:56:27 [WARN] request error (0x100000006): https://pan.baidu.com/api/quota 
2019-02-20 13:56:47 [WARN] panerr (0x100000006)
2019-02-20 13:56:47 [WARN] request error (0x100000006): https://pan.baidu.com/api/quota 
2019-02-20 13:56:47 [WARN] panerr (0x100000006)
2019-02-20 13:56:47 [WARN] request error (0x100000006): https://pan.baidu.com/api/quota 
2019-02-20 13:57:07 [WARN] panerr (0x100000006)
2019-02-20 13:57:07 [WARN] request error (0x100000006): https://pan.baidu.com/api/quota 
2019-02-20 13:57:07 [WARN] panerr (0x100000006)
2019-02-20 13:57:07 [WARN] panerr (0x100000006)
2019-02-20 13:57:07 [WARN] request error (0x100000006): https://pan.baidu.com/api/quota 
2019-02-20 13:57:07 [WARN] panerr (0x100000006)
2019-02-20 13:57:27 [WARN] panerr (0x100000006)
2019-02-20 13:57:27 [WARN] request error (0x100000006): https://pan.baidu.com/api/quota 
2019-02-20 13:57:27 [WARN] panerr (0x100000006)
2019-02-20 13:57:27 [WARN] request error (0x100000006): https://pan.baidu.com/api/quota 
2019-02-20 13:57:47 [WARN] panerr (0x100000006)
2019-02-20 13:57:47 [WARN] request error (0x100000006): https://pan.baidu.com/api/quota 
2019-02-20 13:57:47 [WARN] panerr (0x100000006)
2019-02-20 13:57:47 [WARN] request error (0x100000006): https://pan.baidu.com/api/quota 
2019-02-20 13:58:07 [WARN] panerr (0x100000006)
2019-02-20 13:58:07 [WARN] request error (0x100000006): https://pan.baidu.com/api/quota 
2019-02-20 13:58:07 [WARN] panerr (0x100000006)
2019-02-20 13:58:07 [WARN] request error (0x100000006): https://pan.baidu.com/api/quota 
2019-02-20 13:58:27 [WARN] panerr (0x100000006)
2019-02-20 13:58:27 [WARN] request error (0x100000006): https://pan.baidu.com/api/quota 
2019-02-20 13:58:27 [WARN] panerr (0x100000006)
2019-02-20 13:58:27 [WARN] panerr (0x100000006)
2019-02-20 13:58:27 [WARN] request error (0x100000006): https://pan.baidu.com/api/quota 
2019-02-20 13:58:27 [WARN] panerr (0x100000006)
2019-02-20 13:58:47 [WARN] panerr (0x100000006)
2019-02-20 13:58:47 [WARN] request error (0x100000006): https://pan.baidu.com/api/quota 
2019-02-20 13:58:47 [WARN] panerr (0x100000006)
2019-02-20 13:58:47 [WARN] request error (0x100000006): https://pan.baidu.com/api/quota 
2019-02-20 13:59:07 [WARN] panerr (0x100000006)
2019-02-20 13:59:07 [WARN] request error (0x100000006): https://pan.baidu.com/api/quota 
2019-02-20 13:59:07 [WARN] panerr (0x100000006)
2019-02-20 13:59:07 [WARN] request error (0x100000006): https://pan.baidu.com/api/quota 
2019-02-20 13:59:27 [WARN] panerr (0x100000006)
2019-02-20 13:59:27 [WARN] request error (0x100000006): https://pan.baidu.com/api/quota 
2019-02-20 13:59:27 [WARN] panerr (0x100000006)
2019-02-20 13:59:27 [WARN] request error (0x100000006): https://pan.baidu.com/api/quota 
2019-02-20 13:59:47 [WARN] panerr (0x100000006)
2019-02-20 13:59:47 [WARN] request error (0x100000006): https://pan.baidu.com/api/quota 
2019-02-20 13:59:47 [WARN] panerr (0x100000006)
2019-02-20 13:59:47 [WARN] panerr (0x100000006)
2019-02-20 13:59:47 [WARN] request error (0x100000006): https://pan.baidu.com/api/quota 
2019-02-20 13:59:47 [WARN] panerr (0x100000006)
2019-02-20 14:00:07 [WARN] panerr (0x100000006)
2019-02-20 14:00:07 [WARN] request error (0x100000006): https://pan.baidu.com/api/quota 
2019-02-20 14:00:07 [WARN] panerr (0x100000006)
2019-02-20 14:00:07 [WARN] request error (0x100000006): https://pan.baidu.com/api/quota 
2019-02-20 14:00:27 [WARN] panerr (0x100000006)
2019-02-20 14:00:27 [WARN] request error (0x100000006): https://pan.baidu.com/api/quota 
2019-02-20 14:00:27 [WARN] panerr (0x100000006)
2019-02-20 14:00:27 [WARN] request error (0x100000006): https://pan.baidu.com/api/quota 
2019-02-20 14:00:47 [WARN] panerr (0x100000006)
2019-02-20 14:00:47 [WARN] request error (0x100000006): https://pan.baidu.com/api/quota 
2019-02-20 14:00:47 [WARN] panerr (0x100000006)
2019-02-20 14:00:47 [WARN] request error (0x100000006): https://pan.baidu.com/api/quota 
2019-02-20 14:01:07 [WARN] panerr (0x100000006)
2019-02-20 14:01:07 [WARN] request error (0x100000006): https://pan.baidu.com/api/quota 
2019-02-20 14:01:07 [WARN] panerr (0x100000006)
2019-02-20 14:01:07 [WARN] panerr (0x100000006)
2019-02-20 14:01:07 [WARN] request error (0x100000006): https://pan.baidu.com/api/quota 
2019-02-20 14:01:07 [WARN] panerr (0x100000006)
2019-02-20 14:01:27 [WARN] panerr (0x100000006)
2019-02-20 14:01:27 [WARN] request error (0x100000006): https://pan.baidu.com/api/quota 
2019-02-20 14:01:27 [WARN] panerr (0x100000006)
2019-02-20 14:01:27 [WARN] request error (0x100000006): https://pan.baidu.com/api/quota 
2019-02-20 14:01:47 [WARN] panerr (0x100000006)
2019-02-20 14:01:47 [WARN] request error (0x100000006): https://pan.baidu.com/api/quota 
2019-02-20 14:01:47 [WARN] panerr (0x100000006)
2019-02-20 14:01:47 [WARN] request error (0x100000006): https://pan.baidu.com/api/quota 
2019-02-20 14:02:07 [WARN] panerr (0x100000006)
2019-02-20 14:02:07 [WARN] request error (0x100000006): https://pan.baidu.com/api/quota 
2019-02-20 14:02:07 [WARN] panerr (0x100000006)
2019-02-20 14:02:07 [WARN] request error (0x100000006): https://pan.baidu.com/api/quota 
2019-02-20 14:02:27 [WARN] panerr (0x100000006)
2019-02-20 14:02:27 [WARN] request error (0x100000006): https://pan.baidu.com/api/quota 
2019-02-20 14:02:27 [WARN] panerr (0x100000006)
2019-02-20 14:02:27 [WARN] panerr (0x100000006)
2019-02-20 14:02:27 [WARN] request error (0x100000006): https://pan.baidu.com/api/quota 
2019-02-20 14:02:27 [WARN] panerr (0x100000006)
2019-02-20 14:02:47 [WARN] panerr (0x100000006)
2019-02-20 14:02:47 [WARN] request error (0x100000006): https://pan.baidu.com/api/quota 
2019-02-20 14:02:47 [WARN] panerr (0x100000006)
2019-02-20 14:02:47 [WARN] request error (0x100000006): https://pan.baidu.com/api/quota 
2019-02-20 14:03:07 [WARN] panerr (0x100000006)
2019-02-20 14:03:07 [WARN] request error (0x100000006): https://pan.baidu.com/api/quota 
2019-02-20 14:03:07 [WARN] panerr (0x100000006)
2019-02-20 14:03:07 [WARN] request error (0x100000006): https://pan.baidu.com/api/quota 
2019-02-20 14:03:27 [WARN] panerr (0x100000006)
2019-02-20 14:03:27 [WARN] request error (0x100000006): https://pan.baidu.com/api/quota 
2019-02-20 14:03:27 [WARN] panerr (0x100000006)
2019-02-20 14:03:27 [WARN] request error (0x100000006): https://pan.baidu.com/api/quota 
2019-02-20 14:03:47 [WARN] panerr (0x100000006)
2019-02-20 14:03:47 [WARN] request error (0x100000006): https://pan.baidu.com/api/quota 
2019-02-20 14:03:47 [WARN] panerr (0x100000006)
2019-02-20 14:03:47 [WARN] panerr (0x100000006)
2019-02-20 14:03:47 [WARN] request error (0x100000006): https://pan.baidu.com/api/quota 
2019-02-20 14:03:47 [WARN] panerr (0x100000006)
2019-02-20 14:04:07 [WARN] panerr (0x100000006)
2019-02-20 14:04:07 [WARN] request error (0x100000006): https://pan.baidu.com/api/quota 
2019-02-20 14:04:07 [WARN] panerr (0x100000006)
2019-02-20 14:04:07 [WARN] request error (0x100000006): https://pan.baidu.com/api/quota 
2019-02-20 14:04:27 [WARN] panerr (0x100000006)
2019-02-20 14:04:27 [WARN] request error (0x100000006): https://pan.baidu.com/api/quota 
2019-02-20 14:04:27 [WARN] panerr (0x100000006)
2019-02-20 14:04:27 [WARN] request error (0x100000006): https://pan.baidu.com/api/quota 
2019-02-20 14:04:47 [WARN] panerr (0x100000006)
2019-02-20 14:04:47 [WARN] request error (0x100000006): https://pan.baidu.com/api/quota 
2019-02-20 14:04:47 [WARN] panerr (0x100000006)
2019-02-20 14:04:47 [WARN] request error (0x100000006): https://pan.baidu.com/api/quota 
2019-02-20 14:05:07 [WARN] panerr (0x100000006)
2019-02-20 14:05:07 [WARN] request error (0x100000006): https://pan.baidu.com/api/quota 
2019-02-20 14:05:07 [WARN] panerr (0x100000006)
2019-02-20 14:05:07 [WARN] panerr (0x100000006)
2019-02-20 14:05:07 [WARN] request error (0x100000006): https://pan.baidu.com/api/quota 
2019-02-20 14:05:07 [WARN] panerr (0x100000006)
2019-02-20 14:05:27 [WARN] panerr (0x100000006)
2019-02-20 14:05:27 [WARN] request error (0x100000006): https://pan.baidu.com/api/quota 
2019-02-20 14:05:27 [WARN] panerr (0x100000006)
2019-02-20 14:05:27 [WARN] request error (0x100000006): https://pan.baidu.com/api/quota 
2019-02-20 14:05:47 [WARN] panerr (0x100000006)
2019-02-20 14:05:47 [WARN] request error (0x100000006): https://pan.baidu.com/api/quota 
2019-02-20 14:05:47 [WARN] panerr (0x100000006)
2019-02-20 14:05:47 [WARN] request error (0x100000006): https://pan.baidu.com/api/quota 
2019-02-20 14:06:07 [WARN] panerr (0x100000006)
2019-02-20 14:06:07 [WARN] request error (0x100000006): https://pan.baidu.com/api/quota 
2019-02-20 14:06:07 [WARN] panerr (0x100000006)
2019-02-20 14:06:07 [WARN] request error (0x100000006): https://pan.baidu.com/api/quota 
2019-02-20 14:06:27 [WARN] panerr (0x100000006)
2019-02-20 14:06:27 [WARN] request error (0x100000006): https://pan.baidu.com/api/quota 
2019-02-20 14:06:27 [WARN] panerr (0x100000006)
2019-02-20 14:06:27 [WARN] panerr (0x100000006)
2019-02-20 14:06:27 [WARN] request error (0x100000006): https://pan.baidu.com/api/quota 
2019-02-20 14:06:27 [WARN] panerr (0x100000006)
2019-02-20 14:06:47 [WARN] panerr (0x100000006)
2019-02-20 14:06:47 [WARN] request error (0x100000006): https://pan.baidu.com/api/quota 
2019-02-20 14:06:47 [WARN] panerr (0x100000006)
2019-02-20 14:06:47 [WARN] request error (0x100000006): https://pan.baidu.com/api/quota 
2019-02-20 14:07:07 [WARN] panerr (0x100000006)
2019-02-20 14:07:07 [WARN] request error (0x100000006): https://pan.baidu.com/api/quota 
2019-02-20 14:07:07 [WARN] panerr (0x100000006)
2019-02-20 14:07:07 [WARN] request error (0x100000006): https://pan.baidu.com/api/quota 
2019-02-20 14:07:27 [WARN] panerr (0x100000006)
2019-02-20 14:07:27 [WARN] request error (0x100000006): https://pan.baidu.com/api/quota 
2019-02-20 14:07:27 [WARN] panerr (0x100000006)
2019-02-20 14:07:27 [WARN] request error (0x100000006): https://pan.baidu.com/api/quota 
2019-02-20 14:07:47 [WARN] panerr (0x100000006)
2019-02-20 14:07:47 [WARN] request error (0x100000006): https://pan.baidu.com/api/quota 
2019-02-20 14:07:47 [WARN] panerr (0x100000006)
2019-02-20 14:07:47 [WARN] panerr (0x100000006)
2019-02-20 14:07:47 [WARN] request error (0x100000006): https://pan.baidu.com/api/quota 
2019-02-20 14:07:47 [WARN] panerr (0x100000006)
2019-02-20 14:08:07 [WARN] panerr (0x100000006)
2019-02-20 14:08:07 [WARN] request error (0x100000006): https://pan.baidu.com/api/quota 
2019-02-20 14:08:07 [WARN] panerr (0x100000006)
2019-02-20 14:08:07 [WARN] request error (0x100000006): https://pan.baidu.com/api/quota 
2019-02-20 14:08:27 [WARN] panerr (0x100000006)
2019-02-20 14:08:27 [WARN] request error (0x100000006): https://pan.baidu.com/api/quota 
2019-02-20 14:08:27 [WARN] panerr (0x100000006)
2019-02-20 14:08:27 [WARN] request error (0x100000006): https://pan.baidu.com/api/quota 
2019-02-20 14:08:47 [WARN] panerr (0x100000006)
2019-02-20 14:08:47 [WARN] request error (0x100000006): https://pan.baidu.com/api/quota 
2019-02-20 14:08:47 [WARN] panerr (0x100000006)
2019-02-20 14:08:47 [WARN] request error (0x100000006): https://pan.baidu.com/api/quota 
2019-02-20 14:09:07 [WARN] panerr (0x100000006)
2019-02-20 14:09:07 [WARN] request error (0x100000006): https://pan.baidu.com/api/quota 
2019-02-20 14:09:07 [WARN] panerr (0x100000006)
2019-02-20 14:09:07 [WARN] panerr (0x100000006)
2019-02-20 14:09:07 [WARN] request error (0x100000006): https://pan.baidu.com/api/quota 
2019-02-20 14:09:07 [WARN] panerr (0x100000006)
2019-02-20 14:09:27 [WARN] panerr (0x100000006)
2019-02-20 14:09:27 [WARN] request error (0x100000006): https://pan.baidu.com/api/quota 
2019-02-20 14:09:27 [WARN] panerr (0x100000006)
2019-02-20 14:09:27 [WARN] request error (0x100000006): https://pan.baidu.com/api/quota 
2019-02-20 14:09:47 [WARN] panerr (0x100000006)
2019-02-20 14:09:47 [WARN] request error (0x100000006): https://pan.baidu.com/api/quota 
2019-02-20 14:09:47 [WARN] panerr (0x100000006)
2019-02-20 14:09:47 [WARN] request error (0x100000006): https://pan.baidu.com/api/quota 
2019-02-20 14:10:07 [WARN] panerr (0x100000006)
2019-02-20 14:10:07 [WARN] request error (0x100000006): https://pan.baidu.com/api/quota 
2019-02-20 14:10:07 [WARN] panerr (0x100000006)
2019-02-20 14:10:07 [WARN] request error (0x100000006): https://pan.baidu.com/api/quota 
2019-02-20 14:10:27 [WARN] panerr (0x100000006)
2019-02-20 14:10:27 [WARN] request error (0x100000006): https://pan.baidu.com/api/quota 
2019-02-20 14:10:27 [WARN] panerr (0x100000006)
2019-02-20 14:10:27 [WARN] panerr (0x100000006)
2019-02-20 14:10:27 [WARN] request error (0x100000006): https://pan.baidu.com/api/quota 
2019-02-20 14:10:27 [WARN] panerr (0x100000006)
2019-02-20 14:10:47 [WARN] panerr (0x100000006)
2019-02-20 14:10:47 [WARN] request error (0x100000006): https://pan.baidu.com/api/quota 
2019-02-20 14:10:47 [WARN] panerr (0x100000006)
2019-02-20 14:10:47 [WARN] request error (0x100000006): https://pan.baidu.com/api/quota 
2019-02-20 14:11:07 [WARN] panerr (0x100000006)
2019-02-20 14:11:07 [WARN] request error (0x100000006): https://pan.baidu.com/api/quota 
2019-02-20 14:11:07 [WARN] panerr (0x100000006)
2019-02-20 14:11:07 [WARN] request error (0x100000006): https://pan.baidu.com/api/quota 
2019-02-20 14:11:27 [WARN] panerr (0x100000006)
2019-02-20 14:11:27 [WARN] request error (0x100000006): https://pan.baidu.com/api/quota 
2019-02-20 14:11:27 [WARN] panerr (0x100000006)
2019-02-20 14:11:27 [WARN] request error (0x100000006): https://pan.baidu.com/api/quota 
2019-02-20 14:11:47 [WARN] panerr (0x100000006)
2019-02-20 14:11:47 [WARN] request error (0x100000006): https://pan.baidu.com/api/quota 
2019-02-20 14:11:47 [WARN] panerr (0x100000006)
2019-02-20 14:11:47 [WARN] panerr (0x100000006)
2019-02-20 14:11:47 [WARN] request error (0x100000006): https://pan.baidu.com/api/quota 
2019-02-20 14:11:47 [WARN] panerr (0x100000006)
2019-02-20 14:12:07 [WARN] panerr (0x100000006)
2019-02-20 14:12:07 [WARN] request error (0x100000006): https://pan.baidu.com/api/quota 
2019-02-20 14:12:07 [WARN] panerr (0x100000006)
2019-02-20 14:12:07 [WARN] request error (0x100000006): https://pan.baidu.com/api/quota 
2019-02-20 14:12:27 [WARN] panerr (0x100000006)
2019-02-20 14:12:27 [WARN] request error (0x100000006): https://pan.baidu.com/api/quota 
2019-02-20 14:12:28 [WARN] panerr (0x100000006)
2019-02-20 14:12:28 [WARN] request error (0x100000006): https://pan.baidu.com/api/quota 
2019-02-20 14:12:48 [WARN] panerr (0x100000006)
2019-02-20 14:12:48 [WARN] request error (0x100000006): https://pan.baidu.com/api/quota 
2019-02-20 14:12:48 [WARN] panerr (0x100000006)
2019-02-20 14:12:48 [WARN] request error (0x100000006): https://pan.baidu.com/api/quota 
2019-02-20 14:13:08 [WARN] panerr (0x100000006)
2019-02-20 14:13:08 [WARN] request error (0x100000006): https://pan.baidu.com/api/quota 
2019-02-20 14:13:08 [WARN] panerr (0x100000006)
2019-02-20 14:13:08 [WARN] panerr (0x100000006)
2019-02-20 14:13:08 [WARN] request error (0x100000006): https://pan.baidu.com/api/quota 
2019-02-20 14:13:08 [WARN] panerr (0x100000006)
2019-02-20 14:13:28 [WARN] panerr (0x100000006)
2019-02-20 14:13:28 [WARN] request error (0x100000006): https://pan.baidu.com/api/quota 
2019-02-20 14:13:28 [WARN] panerr (0x100000006)
2019-02-20 14:13:28 [WARN] request error (0x100000006): https://pan.baidu.com/api/quota 
2019-02-20 14:13:48 [WARN] panerr (0x100000006)
2019-02-20 14:13:48 [WARN] request error (0x100000006): https://pan.baidu.com/api/quota 
2019-02-20 14:13:48 [WARN] panerr (0x100000006)
2019-02-20 14:13:48 [WARN] request error (0x100000006): https://pan.baidu.com/api/quota 
2019-02-20 14:14:08 [WARN] panerr (0x100000006)
2019-02-20 14:14:08 [WARN] request error (0x100000006): https://pan.baidu.com/api/quota 
2019-02-20 14:14:08 [WARN] panerr (0x100000006)
2019-02-20 14:14:08 [WARN] request error (0x100000006): https://pan.baidu.com/api/quota 
2019-02-20 14:14:28 [WARN] panerr (0x100000006)
2019-02-20 14:14:28 [WARN] request error (0x100000006): https://pan.baidu.com/api/quota 
2019-02-20 14:14:28 [WARN] panerr (0x100000006)
2019-02-20 14:14:28 [WARN] panerr (0x100000006)
2019-02-20 14:14:28 [WARN] request error (0x100000006): https://pan.baidu.com/api/quota 
2019-02-20 14:14:28 [WARN] panerr (0x100000006)
2019-02-20 14:14:48 [WARN] panerr (0x100000006)
2019-02-20 14:14:48 [WARN] request error (0x100000006): https://pan.baidu.com/api/quota 
2019-02-20 14:14:48 [WARN] panerr (0x100000006)
2019-02-20 14:14:48 [WARN] request error (0x100000006): https://pan.baidu.com/api/quota 
2019-02-20 14:15:08 [WARN] panerr (0x100000006)
2019-02-20 14:15:08 [WARN] request error (0x100000006): https://pan.baidu.com/api/quota 
2019-02-20 14:15:08 [WARN] panerr (0x100000006)
2019-02-20 14:15:08 [WARN] request error (0x100000006): https://pan.baidu.com/api/quota 
2019-02-20 14:15:28 [WARN] panerr (0x100000006)
2019-02-20 14:15:28 [WARN] request error (0x100000006): https://pan.baidu.com/api/quota 
2019-02-20 14:15:28 [WARN] panerr (0x100000006)
2019-02-20 14:15:28 [WARN] request error (0x100000006): https://pan.baidu.com/api/quota 
2019-02-20 14:15:48 [WARN] panerr (0x100000006)
2019-02-20 14:15:48 [WARN] request error (0x100000006): https://pan.baidu.com/api/quota 
2019-02-20 14:15:48 [WARN] panerr (0x100000006)
2019-02-20 14:15:48 [WARN] panerr (0x100000006)
2019-02-20 14:15:48 [WARN] request error (0x100000006): https://pan.baidu.com/api/quota 
2019-02-20 14:15:48 [WARN] panerr (0x100000006)
2019-02-20 14:16:08 [WARN] panerr (0x100000006)
2019-02-20 14:16:08 [WARN] request error (0x100000006): https://pan.baidu.com/api/quota 
2019-02-20 14:16:08 [WARN] panerr (0x100000006)
2019-02-20 14:16:08 [WARN] request error (0x100000006): https://pan.baidu.com/api/quota 
2019-02-20 14:16:28 [WARN] panerr (0x100000006)
2019-02-20 14:16:28 [WARN] request error (0x100000006): https://pan.baidu.com/api/quota 
2019-02-20 14:16:28 [WARN] panerr (0x100000006)
2019-02-20 14:16:28 [WARN] request error (0x100000006): https://pan.baidu.com/api/quota 
2019-02-20 14:16:48 [WARN] panerr (0x100000006)
2019-02-20 14:16:48 [WARN] request error (0x100000006): https://pan.baidu.com/api/quota 
2019-02-20 14:16:48 [WARN] panerr (0x100000006)
2019-02-20 14:16:48 [WARN] request error (0x100000006): https://pan.baidu.com/api/quota 
2019-02-20 14:17:08 [WARN] panerr (0x100000006)
2019-02-20 14:17:08 [WARN] request error (0x100000006): https://pan.baidu.com/api/quota 
2019-02-20 14:17:08 [WARN] panerr (0x100000006)
2019-02-20 14:17:08 [WARN] panerr (0x100000006)
2019-02-20 14:17:08 [WARN] request error (0x100000006): https://pan.baidu.com/api/quota 
2019-02-20 14:17:08 [WARN] panerr (0x100000006)
2019-02-20 14:17:28 [WARN] panerr (0x100000006)
2019-02-20 14:17:28 [WARN] request error (0x100000006): https://pan.baidu.com/api/quota 
2019-02-20 14:17:28 [WARN] panerr (0x100000006)
2019-02-20 14:17:28 [WARN] request error (0x100000006): https://pan.baidu.com/api/quota 
2019-02-20 14:17:48 [WARN] panerr (0x100000006)
2019-02-20 14:17:48 [WARN] request error (0x100000006): https://pan.baidu.com/api/quota 
2019-02-20 14:17:48 [WARN] panerr (0x100000006)
2019-02-20 14:17:48 [WARN] request error (0x100000006): https://pan.baidu.com/api/quota 
2019-02-20 14:18:08 [WARN] panerr (0x100000006)
2019-02-20 14:18:08 [WARN] request error (0x100000006): https://pan.baidu.com/api/quota 
2019-02-20 14:18:08 [WARN] panerr (0x100000006)
2019-02-20 14:18:08 [WARN] request error (0x100000006): https://pan.baidu.com/api/quota 
2019-02-20 14:18:28 [WARN] panerr (0x100000006)
2019-02-20 14:18:28 [WARN] request error (0x100000006): https://pan.baidu.com/api/quota 
2019-02-20 14:18:28 [WARN] panerr (0x100000006)
2019-02-20 14:18:28 [WARN] panerr (0x100000006)
2019-02-20 14:18:28 [WARN] request error (0x100000006): https://pan.baidu.com/api/quota 
2019-02-20 14:18:28 [WARN] panerr (0x100000006)
2019-02-20 14:18:48 [WARN] panerr (0x100000006)
2019-02-20 14:18:48 [WARN] request error (0x100000006): https://pan.baidu.com/api/quota 
2019-02-20 14:18:48 [WARN] panerr (0x100000006)
2019-02-20 14:18:48 [WARN] request error (0x100000006): https://pan.baidu.com/api/quota 
2019-02-20 14:19:08 [WARN] panerr (0x100000006)
2019-02-20 14:19:08 [WARN] request error (0x100000006): https://pan.baidu.com/api/quota 
2019-02-20 14:19:08 [WARN] panerr (0x100000006)
2019-02-20 14:19:08 [WARN] request error (0x100000006): https://pan.baidu.com/api/quota 
2019-02-20 14:19:28 [WARN] panerr (0x100000006)
2019-02-20 14:19:28 [WARN] request error (0x100000006): https://pan.baidu.com/api/quota 
2019-02-20 14:19:28 [WARN] panerr (0x100000006)
2019-02-20 14:19:28 [WARN] request error (0x100000006): https://pan.baidu.com/api/quota 
2019-02-20 14:19:48 [WARN] panerr (0x100000006)
2019-02-20 14:19:48 [WARN] request error (0x100000006): https://pan.baidu.com/api/quota 
2019-02-20 14:19:48 [WARN] panerr (0x100000006)
2019-02-20 14:19:48 [WARN] panerr (0x100000006)
2019-02-20 14:19:48 [WARN] request error (0x100000006): https://pan.baidu.com/api/quota 
2019-02-20 14:19:48 [WARN] panerr (0x100000006)
2019-02-20 14:20:08 [WARN] panerr (0x100000006)
2019-02-20 14:20:08 [WARN] request error (0x100000006): https://pan.baidu.com/api/quota 
2019-02-20 14:20:08 [WARN] panerr (0x100000006)
2019-02-20 14:20:08 [WARN] request error (0x100000006): https://pan.baidu.com/api/quota 
2019-02-20 14:20:28 [WARN] panerr (0x100000006)
2019-02-20 14:20:28 [WARN] request error (0x100000006): https://pan.baidu.com/api/quota 
2019-02-20 14:20:28 [WARN] panerr (0x100000006)
2019-02-20 14:20:28 [WARN] request error (0x100000006): https://pan.baidu.com/api/quota 
2019-02-20 14:20:48 [WARN] panerr (0x100000006)
2019-02-20 14:20:48 [WARN] request error (0x100000006): https://pan.baidu.com/api/quota 
2019-02-20 14:20:48 [WARN] panerr (0x100000006)
2019-02-20 14:20:48 [WARN] request error (0x100000006): https://pan.baidu.com/api/quota 
2019-02-20 14:21:08 [WARN] panerr (0x100000006)
2019-02-20 14:21:08 [WARN] request error (0x100000006): https://pan.baidu.com/api/quota 
2019-02-20 14:21:08 [WARN] panerr (0x100000006)
2019-02-20 14:21:08 [WARN] panerr (0x100000006)
2019-02-20 14:21:08 [WARN] request error (0x100000006): https://pan.baidu.com/api/quota 
2019-02-20 14:21:08 [WARN] panerr (0x100000006)
2019-02-20 14:21:28 [WARN] panerr (0x100000006)
2019-02-20 14:21:28 [WARN] request error (0x100000006): https://pan.baidu.com/api/quota 
2019-02-20 14:21:28 [WARN] panerr (0x100000006)
2019-02-20 14:21:28 [WARN] request error (0x100000006): https://pan.baidu.com/api/quota 
2019-02-20 14:21:48 [WARN] panerr (0x100000006)
2019-02-20 14:21:48 [WARN] request error (0x100000006): https://pan.baidu.com/api/quota 
2019-02-20 14:21:48 [WARN] panerr (0x100000006)
2019-02-20 14:21:48 [WARN] request error (0x100000006): https://pan.baidu.com/api/quota 
2019-02-20 14:22:08 [WARN] panerr (0x100000006)
2019-02-20 14:22:08 [WARN] request error (0x100000006): https://pan.baidu.com/api/quota 
2019-02-20 14:22:08 [WARN] panerr (0x100000006)
2019-02-20 14:22:08 [WARN] request error (0x100000006): https://pan.baidu.com/api/quota 
2019-02-20 14:22:28 [WARN] panerr (0x100000006)
2019-02-20 14:22:28 [WARN] request error (0x100000006): https://pan.baidu.com/api/quota 
2019-02-20 14:22:28 [WARN] panerr (0x100000006)
2019-02-20 14:22:28 [WARN] panerr (0x100000006)
2019-02-20 14:22:28 [WARN] request error (0x100000006): https://pan.baidu.com/api/quota 
2019-02-20 14:22:28 [WARN] panerr (0x100000006)
2019-02-20 14:22:48 [WARN] panerr (0x100000006)
2019-02-20 14:22:48 [WARN] request error (0x100000006): https://pan.baidu.com/api/quota 
2019-02-20 14:22:48 [WARN] panerr (0x100000006)
2019-02-20 14:22:48 [WARN] request error (0x100000006): https://pan.baidu.com/api/quota 
2019-02-20 14:23:08 [WARN] panerr (0x100000006)
2019-02-20 14:23:08 [WARN] request error (0x100000006): https://pan.baidu.com/api/quota 
2019-02-20 14:23:08 [WARN] panerr (0x100000006)
2019-02-20 14:23:08 [WARN] request error (0x100000006): https://pan.baidu.com/api/quota 
2019-02-20 14:23:28 [WARN] panerr (0x100000006)
2019-02-20 14:23:28 [WARN] request error (0x100000006): https://pan.baidu.com/api/quota 
2019-02-20 14:23:28 [WARN] panerr (0x100000006)
2019-02-20 14:23:28 [WARN] request error (0x100000006): https://pan.baidu.com/api/quota 
2019-02-20 14:23:48 [WARN] panerr (0x100000006)
2019-02-20 14:23:48 [WARN] request error (0x100000006): https://pan.baidu.com/api/quota 
2019-02-20 14:23:48 [WARN] panerr (0x100000006)
2019-02-20 14:23:48 [WARN] panerr (0x100000006)
2019-02-20 14:23:48 [WARN] request error (0x100000006): https://pan.baidu.com/api/quota 
2019-02-20 14:23:48 [WARN] panerr (0x100000006)
2019-02-20 14:24:08 [WARN] panerr (0x100000006)
2019-02-20 14:24:08 [WARN] request error (0x100000006): https://pan.baidu.com/api/quota 
2019-02-20 14:24:08 [WARN] panerr (0x100000006)
2019-02-20 14:24:08 [WARN] request error (0x100000006): https://pan.baidu.com/api/quota 
2019-02-20 14:24:28 [WARN] panerr (0x100000006)
2019-02-20 14:24:28 [WARN] request error (0x100000006): https://pan.baidu.com/api/quota 
2019-02-20 14:24:28 [WARN] panerr (0x100000006)
2019-02-20 14:24:28 [WARN] request error (0x100000006): https://pan.baidu.com/api/quota 
2019-02-20 14:24:48 [WARN] panerr (0x100000006)
2019-02-20 14:24:48 [WARN] request error (0x100000006): https://pan.baidu.com/api/quota 
2019-02-20 14:24:48 [WARN] panerr (0x100000006)
2019-02-20 14:24:48 [WARN] request error (0x100000006): https://pan.baidu.com/api/quota 
2019-02-20 14:25:08 [WARN] panerr (0x100000006)
2019-02-20 14:25:08 [WARN] request error (0x100000006): https://pan.baidu.com/api/quota 
2019-02-20 14:25:08 [WARN] panerr (0x100000006)
2019-02-20 14:25:08 [WARN] panerr (0x100000006)
2019-02-20 14:25:08 [WARN] request error (0x100000006): https://pan.baidu.com/api/quota 
2019-02-20 14:25:08 [WARN] panerr (0x100000006)
2019-02-20 14:25:28 [WARN] panerr (0x100000006)
2019-02-20 14:25:28 [WARN] request error (0x100000006): https://pan.baidu.com/api/quota 
2019-02-20 14:25:28 [WARN] panerr (0x100000006)
2019-02-20 14:25:28 [WARN] request error (0x100000006): https://pan.baidu.com/api/quota 
2019-02-20 14:25:48 [WARN] panerr (0x100000006)
2019-02-20 14:25:48 [WARN] request error (0x100000006): https://pan.baidu.com/api/quota 
2019-02-20 14:25:48 [WARN] panerr (0x100000006)
2019-02-20 14:25:48 [WARN] request error (0x100000006): https://pan.baidu.com/api/quota 
2019-02-20 14:26:08 [WARN] panerr (0x100000006)
2019-02-20 14:26:08 [WARN] request error (0x100000006): https://pan.baidu.com/api/quota 
2019-02-20 14:26:08 [WARN] panerr (0x100000006)
2019-02-20 14:26:08 [WARN] request error (0x100000006): https://pan.baidu.com/api/quota 
2019-02-20 14:26:28 [WARN] panerr (0x100000006)
2019-02-20 14:26:28 [WARN] request error (0x100000006): https://pan.baidu.com/api/quota 
2019-02-20 14:26:28 [WARN] panerr (0x100000006)
2019-02-20 14:26:28 [WARN] panerr (0x100000006)
2019-02-20 14:26:28 [WARN] request error (0x100000006): https://pan.baidu.com/api/quota 
2019-02-20 14:26:28 [WARN] panerr (0x100000006)
2019-02-20 14:26:48 [WARN] panerr (0x100000006)
2019-02-20 14:26:48 [WARN] request error (0x100000006): https://pan.baidu.com/api/quota 
2019-02-20 14:26:48 [WARN] panerr (0x100000006)
2019-02-20 14:26:48 [WARN] request error (0x100000006): https://pan.baidu.com/api/quota 
2019-02-20 14:27:08 [WARN] panerr (0x100000006)
2019-02-20 14:27:08 [WARN] request error (0x100000006): https://pan.baidu.com/api/quota 
2019-02-20 14:27:08 [WARN] panerr (0x100000006)
2019-02-20 14:27:08 [WARN] request error (0x100000006): https://pan.baidu.com/api/quota 
2019-02-20 14:27:28 [WARN] panerr (0x100000006)
2019-02-20 14:27:28 [WARN] request error (0x100000006): https://pan.baidu.com/api/quota 
2019-02-20 14:27:28 [WARN] panerr (0x100000006)
2019-02-20 14:27:28 [WARN] request error (0x100000006): https://pan.baidu.com/api/quota 
2019-02-20 14:27:48 [WARN] panerr (0x100000006)
2019-02-20 14:27:48 [WARN] request error (0x100000006): https://pan.baidu.com/api/quota 
2019-02-20 14:27:48 [WARN] panerr (0x100000006)
2019-02-20 14:27:48 [WARN] panerr (0x100000006)
2019-02-20 14:27:48 [WARN] request error (0x100000006): https://pan.baidu.com/api/quota 
2019-02-20 14:27:48 [WARN] panerr (0x100000006)
2019-02-20 14:28:08 [WARN] panerr (0x100000006)
2019-02-20 14:28:08 [WARN] request error (0x100000006): https://pan.baidu.com/api/quota 
2019-02-20 14:28:08 [WARN] panerr (0x100000006)
2019-02-20 14:28:08 [WARN] request error (0x100000006): https://pan.baidu.com/api/quota 
2019-02-20 14:28:28 [WARN] panerr (0x100000006)
2019-02-20 14:28:28 [WARN] request error (0x100000006): https://pan.baidu.com/api/quota 
2019-02-20 14:28:28 [WARN] panerr (0x100000006)
2019-02-20 14:28:28 [WARN] request error (0x100000006): https://pan.baidu.com/api/quota 
2019-02-20 14:28:48 [WARN] panerr (0x100000006)
2019-02-20 14:28:48 [WARN] request error (0x100000006): https://pan.baidu.com/api/quota 
2019-02-20 14:28:48 [WARN] panerr (0x100000006)
2019-02-20 14:28:48 [WARN] request error (0x100000006): https://pan.baidu.com/api/quota 
2019-02-20 14:29:08 [WARN] panerr (0x100000006)
2019-02-20 14:29:08 [WARN] request error (0x100000006): https://pan.baidu.com/api/quota 
2019-02-20 14:29:08 [WARN] panerr (0x100000006)
2019-02-20 14:29:08 [WARN] panerr (0x100000006)
2019-02-20 14:29:08 [WARN] request error (0x100000006): https://pan.baidu.com/api/quota 
2019-02-20 14:29:08 [WARN] panerr (0x100000006)
2019-02-20 14:29:28 [WARN] panerr (0x100000006)
2019-02-20 14:29:28 [WARN] request error (0x100000006): https://pan.baidu.com/api/quota 
2019-02-20 14:29:28 [WARN] panerr (0x100000006)
2019-02-20 14:29:28 [WARN] request error (0x100000006): https://pan.baidu.com/api/quota 
2019-02-20 14:29:48 [WARN] panerr (0x100000006)
2019-02-20 14:29:48 [WARN] request error (0x100000006): https://pan.baidu.com/api/quota 
2019-02-20 14:29:48 [WARN] panerr (0x100000006)
2019-02-20 14:29:48 [WARN] request error (0x100000006): https://pan.baidu.com/api/quota 
2019-02-20 14:30:08 [WARN] panerr (0x100000006)
2019-02-20 14:30:08 [WARN] request error (0x100000006): https://pan.baidu.com/api/quota 
2019-02-20 14:30:08 [WARN] panerr (0x100000006)
2019-02-20 14:30:08 [WARN] request error (0x100000006): https://pan.baidu.com/api/quota 
2019-02-20 14:30:28 [WARN] panerr (0x100000006)
2019-02-20 14:30:28 [WARN] request error (0x100000006): https://pan.baidu.com/api/quota 
2019-02-20 14:30:28 [WARN] panerr (0x100000006)
2019-02-20 14:30:28 [WARN] panerr (0x100000006)
2019-02-20 14:30:28 [WARN] request error (0x100000006): https://pan.baidu.com/api/quota 
2019-02-20 14:30:28 [WARN] panerr (0x100000006)
2019-02-20 14:30:48 [WARN] panerr (0x100000006)
2019-02-20 14:30:48 [WARN] request error (0x100000006): https://pan.baidu.com/api/quota 
2019-02-20 14:30:48 [WARN] panerr (0x100000006)
2019-02-20 14:30:48 [WARN] request error (0x100000006): https://pan.baidu.com/api/quota 
2019-02-20 14:31:08 [WARN] panerr (0x100000006)
2019-02-20 14:31:08 [WARN] request error (0x100000006): https://pan.baidu.com/api/quota 
2019-02-20 14:31:08 [WARN] panerr (0x100000006)
2019-02-20 14:31:08 [WARN] request error (0x100000006): https://pan.baidu.com/api/quota 
2019-02-20 14:31:28 [WARN] panerr (0x100000006)
2019-02-20 14:31:28 [WARN] request error (0x100000006): https://pan.baidu.com/api/quota 
2019-02-20 14:31:28 [WARN] panerr (0x100000006)
2019-02-20 14:31:28 [WARN] request error (0x100000006): https://pan.baidu.com/api/quota 
2019-02-20 14:31:48 [WARN] panerr (0x100000006)
2019-02-20 14:31:48 [WARN] request error (0x100000006): https://pan.baidu.com/api/quota 
2019-02-20 14:31:48 [WARN] panerr (0x100000006)
2019-02-20 14:31:48 [WARN] panerr (0x100000006)
2019-02-20 14:31:48 [WARN] request error (0x100000006): https://pan.baidu.com/api/quota 
2019-02-20 14:31:48 [WARN] panerr (0x100000006)
2019-02-20 14:32:08 [WARN] panerr (0x100000006)
2019-02-20 14:32:08 [WARN] request error (0x100000006): https://pan.baidu.com/api/quota 
2019-02-20 14:32:08 [WARN] panerr (0x100000006)
2019-02-20 14:32:08 [WARN] request error (0x100000006): https://pan.baidu.com/api/quota 
2019-02-20 14:32:28 [WARN] panerr (0x100000006)
2019-02-20 14:32:28 [WARN] request error (0x100000006): https://pan.baidu.com/api/quota 
2019-02-20 14:32:28 [WARN] panerr (0x100000006)
2019-02-20 14:32:28 [WARN] request error (0x100000006): https://pan.baidu.com/api/quota 
2019-02-20 14:32:48 [WARN] panerr (0x100000006)
2019-02-20 14:32:48 [WARN] request error (0x100000006): https://pan.baidu.com/api/quota 
2019-02-20 14:32:48 [WARN] panerr (0x100000006)
2019-02-20 14:32:48 [WARN] request error (0x100000006): https://pan.baidu.com/api/quota 
2019-02-20 14:33:08 [WARN] panerr (0x100000006)
2019-02-20 14:33:08 [WARN] request error (0x100000006): https://pan.baidu.com/api/quota 
2019-02-20 14:33:08 [WARN] panerr (0x100000006)
2019-02-20 14:33:08 [WARN] panerr (0x100000006)
2019-02-20 14:33:08 [WARN] request error (0x100000006): https://pan.baidu.com/api/quota 
2019-02-20 14:33:08 [WARN] panerr (0x100000006)
2019-02-20 14:33:28 [WARN] panerr (0x100000006)
2019-02-20 14:33:28 [WARN] request error (0x100000006): https://pan.baidu.com/api/quota 
2019-02-20 14:33:28 [WARN] panerr (0x100000006)
2019-02-20 14:33:28 [WARN] request error (0x100000006): https://pan.baidu.com/api/quota 
2019-02-20 14:33:48 [WARN] panerr (0x100000006)
2019-02-20 14:33:48 [WARN] request error (0x100000006): https://pan.baidu.com/api/quota 
2019-02-20 14:33:48 [WARN] panerr (0x100000006)
2019-02-20 14:33:48 [WARN] request error (0x100000006): https://pan.baidu.com/api/quota 
2019-02-20 14:34:08 [WARN] panerr (0x100000006)
2019-02-20 14:34:08 [WARN] request error (0x100000006): https://pan.baidu.com/api/quota 
2019-02-20 14:34:08 [WARN] panerr (0x100000006)
2019-02-20 14:34:08 [WARN] request error (0x100000006): https://pan.baidu.com/api/quota 
2019-02-20 14:34:28 [WARN] panerr (0x100000006)
2019-02-20 14:34:28 [WARN] request error (0x100000006): https://pan.baidu.com/api/quota 
2019-02-20 14:34:28 [WARN] panerr (0x100000006)
2019-02-20 14:34:28 [WARN] panerr (0x100000006)
2019-02-20 14:34:28 [WARN] request error (0x100000006): https://pan.baidu.com/api/quota 
2019-02-20 14:34:28 [WARN] panerr (0x100000006)
2019-02-20 14:34:48 [WARN] panerr (0x100000006)
2019-02-20 14:34:48 [WARN] request error (0x100000006): https://pan.baidu.com/api/quota 
2019-02-20 14:34:48 [WARN] panerr (0x100000006)
2019-02-20 14:34:48 [WARN] request error (0x100000006): https://pan.baidu.com/api/quota 
2019-02-20 14:35:08 [WARN] panerr (0x100000006)
2019-02-20 14:35:08 [WARN] request error (0x100000006): https://pan.baidu.com/api/quota 
2019-02-20 14:35:08 [WARN] panerr (0x100000006)
2019-02-20 14:35:08 [WARN] request error (0x100000006): https://pan.baidu.com/api/quota 
2019-02-20 14:35:28 [WARN] panerr (0x100000006)
2019-02-20 14:35:28 [WARN] request error (0x100000006): https://pan.baidu.com/api/quota 
2019-02-20 14:35:28 [WARN] panerr (0x100000006)
2019-02-20 14:35:28 [WARN] request error (0x100000006): https://pan.baidu.com/api/quota 
2019-02-20 14:35:48 [WARN] panerr (0x100000006)
2019-02-20 14:35:48 [WARN] request error (0x100000006): https://pan.baidu.com/api/quota 
2019-02-20 14:35:48 [WARN] panerr (0x100000006)
2019-02-20 14:35:48 [WARN] panerr (0x100000006)
2019-02-20 14:35:48 [WARN] request error (0x100000006): https://pan.baidu.com/api/quota 
2019-02-20 14:35:48 [WARN] panerr (0x100000006)
2019-02-20 14:36:08 [WARN] panerr (0x100000006)
2019-02-20 14:36:08 [WARN] request error (0x100000006): https://pan.baidu.com/api/quota 
2019-02-20 14:36:08 [WARN] panerr (0x100000006)
2019-02-20 14:36:08 [WARN] request error (0x100000006): https://pan.baidu.com/api/quota 
2019-02-20 14:36:28 [WARN] panerr (0x100000006)
2019-02-20 14:36:28 [WARN] request error (0x100000006): https://pan.baidu.com/api/quota 
2019-02-20 14:36:28 [WARN] panerr (0x100000006)
2019-02-20 14:36:28 [WARN] request error (0x100000006): https://pan.baidu.com/api/quota 
2019-02-20 14:36:48 [WARN] panerr (0x100000006)
2019-02-20 14:36:48 [WARN] request error (0x100000006): https://pan.baidu.com/api/quota 
2019-02-20 14:36:48 [WARN] panerr (0x100000006)
2019-02-20 14:36:48 [WARN] request error (0x100000006): https://pan.baidu.com/api/quota 
2019-02-20 14:37:08 [WARN] panerr (0x100000006)
2019-02-20 14:37:08 [WARN] request error (0x100000006): https://pan.baidu.com/api/quota 
2019-02-20 14:37:08 [WARN] panerr (0x100000006)
2019-02-20 14:37:08 [WARN] panerr (0x100000006)
2019-02-20 14:37:08 [WARN] request error (0x100000006): https://pan.baidu.com/api/quota 
2019-02-20 14:37:08 [WARN] panerr (0x100000006)
2019-02-20 14:37:28 [WARN] panerr (0x100000006)
2019-02-20 14:37:28 [WARN] request error (0x100000006): https://pan.baidu.com/api/quota 
2019-02-20 14:37:28 [WARN] panerr (0x100000006)
2019-02-20 14:37:28 [WARN] request error (0x100000006): https://pan.baidu.com/api/quota 
2019-02-20 14:37:48 [WARN] panerr (0x100000006)
2019-02-20 14:37:48 [WARN] request error (0x100000006): https://pan.baidu.com/api/quota 
2019-02-20 14:37:48 [WARN] panerr (0x100000006)
2019-02-20 14:37:48 [WARN] request error (0x100000006): https://pan.baidu.com/api/quota 
2019-02-20 14:38:08 [WARN] panerr (0x100000006)
2019-02-20 14:38:08 [WARN] request error (0x100000006): https://pan.baidu.com/api/quota 
2019-02-20 14:38:08 [WARN] panerr (0x100000006)
2019-02-20 14:38:08 [WARN] request error (0x100000006): https://pan.baidu.com/api/quota 
2019-02-20 14:38:28 [WARN] panerr (0x100000006)
2019-02-20 14:38:28 [WARN] request error (0x100000006): https://pan.baidu.com/api/quota 
2019-02-20 14:38:28 [WARN] panerr (0x100000006)
2019-02-20 14:38:28 [WARN] panerr (0x100000006)
2019-02-20 14:38:28 [WARN] request error (0x100000006): https://pan.baidu.com/api/quota 
2019-02-20 14:38:28 [WARN] panerr (0x100000006)
2019-02-20 14:38:48 [WARN] panerr (0x100000006)
2019-02-20 14:38:48 [WARN] request error (0x100000006): https://pan.baidu.com/api/quota 
2019-02-20 14:38:48 [WARN] panerr (0x100000006)
2019-02-20 14:38:48 [WARN] request error (0x100000006): https://pan.baidu.com/api/quota 
2019-02-20 14:39:08 [WARN] panerr (0x100000006)
2019-02-20 14:39:08 [WARN] request error (0x100000006): https://pan.baidu.com/api/quota 
2019-02-20 14:39:08 [WARN] panerr (0x100000006)
2019-02-20 14:39:08 [WARN] request error (0x100000006): https://pan.baidu.com/api/quota 
2019-02-20 14:39:28 [WARN] panerr (0x100000006)
2019-02-20 14:39:28 [WARN] request error (0x100000006): https://pan.baidu.com/api/quota 
2019-02-20 14:39:28 [WARN] panerr (0x100000006)
2019-02-20 14:39:28 [WARN] request error (0x100000006): https://pan.baidu.com/api/quota 
2019-02-20 14:39:48 [WARN] panerr (0x100000006)
2019-02-20 14:39:48 [WARN] request error (0x100000006): https://pan.baidu.com/api/quota 
2019-02-20 14:39:48 [WARN] panerr (0x100000006)
2019-02-20 14:39:48 [WARN] panerr (0x100000006)
2019-02-20 14:39:48 [WARN] request error (0x100000006): https://pan.baidu.com/api/quota 
2019-02-20 14:39:48 [WARN] panerr (0x100000006)
2019-02-20 14:40:08 [WARN] panerr (0x100000006)
2019-02-20 14:40:08 [WARN] request error (0x100000006): https://pan.baidu.com/api/quota 
2019-02-20 14:40:08 [WARN] panerr (0x100000006)
2019-02-20 14:40:08 [WARN] request error (0x100000006): https://pan.baidu.com/api/quota 
2019-02-20 14:40:28 [WARN] panerr (0x100000006)
2019-02-20 14:40:28 [WARN] request error (0x100000006): https://pan.baidu.com/api/quota 
2019-02-20 14:40:28 [WARN] panerr (0x100000006)
2019-02-20 14:40:28 [WARN] request error (0x100000006): https://pan.baidu.com/api/quota 
2019-02-20 14:40:48 [WARN] panerr (0x100000006)
2019-02-20 14:40:48 [WARN] request error (0x100000006): https://pan.baidu.com/api/quota 
2019-02-20 14:40:48 [WARN] panerr (0x100000006)
2019-02-20 14:40:48 [WARN] request error (0x100000006): https://pan.baidu.com/api/quota 
2019-02-20 14:41:08 [WARN] panerr (0x100000006)
2019-02-20 14:41:08 [WARN] request error (0x100000006): https://pan.baidu.com/api/quota 
2019-02-20 14:41:08 [WARN] panerr (0x100000006)
2019-02-20 14:41:08 [WARN] panerr (0x100000006)
2019-02-20 14:41:08 [WARN] request error (0x100000006): https://pan.baidu.com/api/quota 
2019-02-20 14:41:08 [WARN] panerr (0x100000006)
2019-02-20 14:41:28 [WARN] panerr (0x100000006)
2019-02-20 14:41:28 [WARN] request error (0x100000006): https://pan.baidu.com/api/quota 
2019-02-20 14:41:28 [WARN] panerr (0x100000006)
2019-02-20 14:41:28 [WARN] request error (0x100000006): https://pan.baidu.com/api/quota 
2019-02-20 14:41:48 [WARN] panerr (0x100000006)
2019-02-20 14:41:48 [WARN] request error (0x100000006): https://pan.baidu.com/api/quota 
2019-02-20 14:41:48 [WARN] panerr (0x100000006)
2019-02-20 14:41:48 [WARN] request error (0x100000006): https://pan.baidu.com/api/quota 
2019-02-20 14:42:08 [WARN] panerr (0x100000006)
2019-02-20 14:42:08 [WARN] request error (0x100000006): https://pan.baidu.com/api/quota 
2019-02-20 14:42:08 [WARN] panerr (0x100000006)
2019-02-20 14:42:08 [WARN] request error (0x100000006): https://pan.baidu.com/api/quota 
2019-02-20 14:42:28 [WARN] panerr (0x100000006)
2019-02-20 14:42:28 [WARN] request error (0x100000006): https://pan.baidu.com/api/quota 
2019-02-20 14:42:28 [WARN] panerr (0x100000006)
2019-02-20 14:42:28 [WARN] panerr (0x100000006)
2019-02-20 14:42:28 [WARN] request error (0x100000006): https://pan.baidu.com/api/quota 
2019-02-20 14:42:28 [WARN] panerr (0x100000006)
2019-02-20 14:42:48 [WARN] panerr (0x100000006)
2019-02-20 14:42:48 [WARN] request error (0x100000006): https://pan.baidu.com/api/quota 
2019-02-20 14:42:48 [WARN] panerr (0x100000006)
2019-02-20 14:42:48 [WARN] request error (0x100000006): https://pan.baidu.com/api/quota 
2019-02-20 14:43:08 [WARN] panerr (0x100000006)
2019-02-20 14:43:08 [WARN] request error (0x100000006): https://pan.baidu.com/api/quota 
2019-02-20 14:43:08 [WARN] panerr (0x100000006)
2019-02-20 14:43:08 [WARN] request error (0x100000006): https://pan.baidu.com/api/quota 
2019-02-20 14:43:28 [WARN] panerr (0x100000006)
2019-02-20 14:43:28 [WARN] request error (0x100000006): https://pan.baidu.com/api/quota 
2019-02-20 14:43:28 [WARN] panerr (0x100000006)
2019-02-20 14:43:28 [WARN] request error (0x100000006): https://pan.baidu.com/api/quota 
2019-02-20 14:43:48 [WARN] panerr (0x100000006)
2019-02-20 14:43:48 [WARN] request error (0x100000006): https://pan.baidu.com/api/quota 
2019-02-20 14:43:48 [WARN] panerr (0x100000006)
2019-02-20 14:43:48 [WARN] panerr (0x100000006)
2019-02-20 14:43:48 [WARN] request error (0x100000006): https://pan.baidu.com/api/quota 
2019-02-20 14:43:48 [WARN] panerr (0x100000006)
2019-02-20 14:44:08 [WARN] panerr (0x100000006)
2019-02-20 14:44:08 [WARN] request error (0x100000006): https://pan.baidu.com/api/quota 
2019-02-20 14:44:08 [WARN] panerr (0x100000006)
2019-02-20 14:44:08 [WARN] request error (0x100000006): https://pan.baidu.com/api/quota 
2019-02-20 14:44:28 [WARN] panerr (0x100000006)
2019-02-20 14:44:28 [WARN] request error (0x100000006): https://pan.baidu.com/api/quota 
2019-02-20 14:44:28 [WARN] panerr (0x100000006)
2019-02-20 14:44:28 [WARN] request error (0x100000006): https://pan.baidu.com/api/quota 
2019-02-20 14:44:48 [WARN] panerr (0x100000006)
2019-02-20 14:44:48 [WARN] request error (0x100000006): https://pan.baidu.com/api/quota 
2019-02-20 14:44:48 [WARN] panerr (0x100000006)
2019-02-20 14:44:48 [WARN] request error (0x100000006): https://pan.baidu.com/api/quota 
2019-02-20 14:45:08 [WARN] panerr (0x100000006)
2019-02-20 14:45:08 [WARN] request error (0x100000006): https://pan.baidu.com/api/quota 
2019-02-20 14:45:08 [WARN] panerr (0x100000006)
2019-02-20 14:45:08 [WARN] panerr (0x100000006)
2019-02-20 14:45:08 [WARN] request error (0x100000006): https://pan.baidu.com/api/quota 
2019-02-20 14:45:08 [WARN] panerr (0x100000006)
2019-02-20 14:45:28 [WARN] panerr (0x100000006)
2019-02-20 14:45:28 [WARN] request error (0x100000006): https://pan.baidu.com/api/quota 
2019-02-20 14:45:28 [WARN] panerr (0x100000006)
2019-02-20 14:45:28 [WARN] request error (0x100000006): https://pan.baidu.com/api/quota 
2019-02-20 14:45:48 [WARN] panerr (0x100000006)
2019-02-20 14:45:48 [WARN] request error (0x100000006): https://pan.baidu.com/api/quota 
2019-02-20 14:45:48 [WARN] panerr (0x100000006)
2019-02-20 14:45:48 [WARN] request error (0x100000006): https://pan.baidu.com/api/quota 
2019-02-20 14:46:08 [WARN] panerr (0x100000006)
2019-02-20 14:46:08 [WARN] request error (0x100000006): https://pan.baidu.com/api/quota 
2019-02-20 14:46:08 [WARN] panerr (0x100000006)
2019-02-20 14:46:08 [WARN] request error (0x100000006): https://pan.baidu.com/api/quota 
2019-02-20 14:46:28 [WARN] panerr (0x100000006)
2019-02-20 14:46:28 [WARN] request error (0x100000006): https://pan.baidu.com/api/quota 
2019-02-20 14:46:28 [WARN] panerr (0x100000006)
2019-02-20 14:46:28 [WARN] panerr (0x100000006)
2019-02-20 14:46:28 [WARN] request error (0x100000006): https://pan.baidu.com/api/quota 
2019-02-20 14:46:28 [WARN] panerr (0x100000006)
2019-02-20 14:46:48 [WARN] panerr (0x100000006)
2019-02-20 14:46:48 [WARN] request error (0x100000006): https://pan.baidu.com/api/quota 
2019-02-20 14:46:48 [WARN] panerr (0x100000006)
2019-02-20 14:46:48 [WARN] request error (0x100000006): https://pan.baidu.com/api/quota 
2019-02-20 14:47:08 [WARN] panerr (0x100000006)
2019-02-20 14:47:08 [WARN] request error (0x100000006): https://pan.baidu.com/api/quota 
2019-02-20 14:47:08 [WARN] panerr (0x100000006)
2019-02-20 14:47:08 [WARN] request error (0x100000006): https://pan.baidu.com/api/quota 
2019-02-20 14:47:28 [WARN] panerr (0x100000006)
2019-02-20 14:47:28 [WARN] request error (0x100000006): https://pan.baidu.com/api/quota 
2019-02-20 14:47:28 [WARN] panerr (0x100000006)
2019-02-20 14:47:28 [WARN] request error (0x100000006): https://pan.baidu.com/api/quota 
2019-02-20 14:47:48 [WARN] panerr (0x100000006)
2019-02-20 14:47:48 [WARN] request error (0x100000006): https://pan.baidu.com/api/quota 
2019-02-20 14:47:48 [WARN] panerr (0x100000006)
2019-02-20 14:47:48 [WARN] panerr (0x100000006)
2019-02-20 14:47:48 [WARN] request error (0x100000006): https://pan.baidu.com/api/quota 
2019-02-20 14:47:48 [WARN] panerr (0x100000006)
2019-02-20 16:50:52 [WARN] panerr (0x200000001)
2019-02-20 16:50:52 [WARN] request error (0x200000001): https://pan.baidu.com/api/quota {"errno":1,"request_id":1175921641654734064}
2019-02-20 16:57:37 [WARN] panerr (0x200000001)
2019-02-20 16:57:37 [WARN] request error (0x200000001): https://pan.baidu.com/api/quota {"errno":1,"request_id":1176030493743186781}
2019-02-20 22:30:47 [WARN] panerr (0x200000001)
2019-02-20 22:30:47 [WARN] request error (0x200000001): https://pan.baidu.com/api/quota {"errno":1,"request_id":1181396658360737774}
