2019-01-16 13:36:41 [INFO] pandownload version: 2.0.5
2019-01-16 13:36:43 [INFO] aria2 version: 1.34.0
2019-01-16 13:36:43 [INFO] aria2 json-rpc path: http://token:pandownload@127.0.0.1:6808/jsonrpc
2019-01-16 13:36:43 [INFO] create main window
2019-01-16 13:37:10 [INFO] verify cookie (619)
2019-01-16 13:37:12 [INFO] user login success (1379078960): 1246725901a
2019-01-16 13:40:56 [WARN] panerr (0x2ffffffeb)
2019-01-16 13:41:26 [INFO] verify cookie (645)
2019-01-16 13:41:49 [WARN] panerr (0x10000001c)
2019-01-16 13:42:56 [WARN] panerr (0x10000001c)
2019-01-16 13:44:59 [INFO] verify cookie (642)
2019-01-16 13:45:08 [INFO] user login success (2285008211): 1246725901a5
2019-01-16 13:45:15 [WARN] ID#4 - No URI available.(24) FILE="C:/Users/asus/Desktop/中国风教程系列/中国风（2）——主歌制作_超清.mp4" SIZE="348243641"
2019-01-16 13:46:14 [WARN] ID#3 - No URI available.(22) FILE="C:/Users/asus/Desktop/流行歌曲教程系列/流行歌曲教程系列.zip" SIZE="893122902"
2019-01-16 13:46:56 [WARN] panerr (0xa00000000)
2019-01-16 13:47:23 [WARN] panerr (0xa00000000)
2019-01-16 13:52:12 [WARN] ID#1 - No URI available.(22) FILE="C:/Users/asus/Desktop/电音教程系列/电音教程系列.zip" SIZE="1933301184"
2019-01-16 13:52:13 [WARN] panerr (0x2ffffffeb)
2019-01-16 13:54:27 [WARN] panerr (0x2fffffff9)
2019-01-16 13:54:27 [WARN] request error (0x2fffffff9): https://pan.baidu.com/api/create {"errno":-7,"path":"","request_id":361332507442015476}
2019-01-16 14:00:41 [WARN] panerr (0x20000084e)
2019-01-16 14:00:41 [WARN] request error (0x20000084e): http://pan.baidu.com/mbox/msg/send {"errno":2126,"request_id":361432901687183641,"ctime":1547618442484}
2019-01-16 14:04:04 [WARN] panerr (0x20000084e)
2019-01-16 14:04:04 [WARN] request error (0x20000084e): http://pan.baidu.com/mbox/msg/send {"errno":2126,"request_id":361486991772473616,"ctime":1547618643979}
2019-01-16 14:05:36 [WARN] panerr (0x200000001)
2019-01-16 14:05:36 [WARN] request error (0x200000001): https://pan.baidu.com/api/quota {"errno":1,"request_id":361511547408082451}
