2019-12-05 12:06:12 [INFO] pandownload version: 2.1.3
2019-12-05 12:06:13 [INFO] aria2 websocket connection opened (127.0.0.1:36929)
2019-12-05 12:06:14 [INFO] aria2 version: 1.34.0
2019-12-05 12:06:14 [INFO] aria2 json-rpc path: http://token:pandownload@127.0.0.1:36929/jsonrpc
2019-12-05 12:06:14 [INFO] create main window
2019-12-05 12:06:14 [INFO] verify cookie (622)
2019-12-05 12:06:14 [INFO] verify cookie (630)
2019-12-05 12:06:16 [INFO] user login success (1379078960): 1246725901a
2019-12-05 12:06:20 [INFO] user login success (2285008211): 1246725901a5
2019-12-05 12:34:47 [WARN] ID#11 - Size mismatch Expected:20277436416 Actual:0(1) FILE="E:/MathWorks MATLAB R2019a v9.6.0.1174912 x64/R2019a_Windows.iso" SIZE="20277436416"
2019-12-05 12:59:40 [WARN] request error (0x200000001): https://pan.baidu.com/api/quota {"errno":1,"request_id":7851731241225014444}
2019-12-05 14:50:37 [WARN] request error (0x200000001): https://pan.baidu.com/api/quota {"errno":1,"request_id":7853518148503155881}
2019-12-05 15:38:58 [WARN] request error (0x200000001): https://pan.baidu.com/api/quota {"errno":1,"request_id":7854296703120281578}
2019-12-05 15:42:50 [WARN] request error (0x200000001): https://pan.baidu.com/api/quota {"errno":1,"request_id":7854359239729293617}
2019-12-05 16:01:07 [WARN] request error (0x10000001c): https://pan.baidu.com/api/quota 
2019-12-05 16:05:12 [WARN] request error (0x10000001c): https://pan.baidu.com/api/quota 
2019-12-05 17:29:02 [INFO] close main window
2019-12-05 17:29:02 [WARN] aria2 websocket connection closed (127.0.0.1:36929), code: 1000 (Normal close), reason: aria2 shutdown
2019-12-05 17:29:03 [INFO] websocket client stop
2019-12-05 17:29:03 [INFO] exit
