2019-01-21 21:26:17 [INFO] pandownload version: 2.0.5
2019-01-21 21:26:19 [INFO] aria2 version: 1.34.0
2019-01-21 21:26:19 [INFO] aria2 json-rpc path: http://token:pandownload@127.0.0.1:6808/jsonrpc
2019-01-21 21:26:19 [INFO] create main window
2019-01-21 21:26:19 [INFO] verify cookie (619)
2019-01-21 21:26:19 [INFO] verify cookie (642)
2019-01-21 21:26:20 [INFO] user login success (1379078960): 1246725901a
2019-01-21 21:26:21 [INFO] user login success (2285008211): 1246725901a5
2019-01-21 21:30:46 [WARN] script log (默认): 
2019-01-21 21:30:46 [WARN] ID#5 - json解析失败(-2) FILE="C:/Users/asus/Desktop/win64_11gR2_database_2of2.zip" SIZE="1007988954"
2019-01-21 21:35:38 [WARN] ID#4 - No URI available.(22) FILE="C:/Users/asus/Desktop/Oracle(1)/win64_11gR2_database_1of2.zip" SIZE="1213501989"
2019-01-21 21:42:05 [WARN] panerr (0x200000001)
2019-01-21 21:42:05 [WARN] request error (0x200000001): https://pan.baidu.com/api/quota {"errno":1,"request_id":484827637173455005}
2019-01-21 21:45:59 [WARN] script log (默认): 
2019-01-21 21:45:59 [WARN] ID#5 - json解析失败(-2) FILE="C:/Users/asus/Desktop/win64_11gR2_database_2of2.zip" SIZE="1007988954"
2019-01-21 23:05:11 [WARN] panerr (0x200000001)
2019-01-21 23:05:11 [WARN] request error (0x200000001): https://pan.baidu.com/api/quota {"errno":1,"request_id":486166174719102633}
2019-01-21 23:48:55 [WARN] panerr (0x200000001)
2019-01-21 23:48:55 [WARN] request error (0x200000001): https://pan.baidu.com/api/quota {"errno":1,"request_id":486870353471863441}
2019-01-22 02:01:31 [INFO] close main window
2019-01-22 02:01:31 [INFO] exit
