2019-12-03 07:38:50 [INFO] pandownload version: 2.1.3
2019-12-03 07:38:52 [INFO] aria2 websocket connection opened (127.0.0.1:36956)
2019-12-03 07:38:52 [INFO] aria2 version: 1.34.0
2019-12-03 07:38:52 [INFO] aria2 json-rpc path: http://token:pandownload@127.0.0.1:36956/jsonrpc
2019-12-03 07:38:52 [INFO] create main window
2019-12-03 07:38:52 [INFO] verify cookie (622)
2019-12-03 07:38:52 [INFO] verify cookie (630)
2019-12-03 07:38:54 [INFO] user login success (2285008211): 1246725901a5
2019-12-03 07:38:54 [INFO] user login success (1379078960): 1246725901a
2019-12-03 07:39:18 [WARN] ID#11 - SSL/TLS handshake failure: Error: 远程主机强迫关闭了一个现有的连接。
(2746)(1) FILE="E:/MathWorks MATLAB R2019a v9.6.0.1174912 x64/R2019a_Windows.iso" SIZE="20277436416"
2019-12-03 13:38:23 [WARN] request error (0x200000001): https://pan.baidu.com/api/quota {"errno":1,"request_id":7805969195003838264}
2019-12-03 17:00:18 [WARN] request error (0x200000001): https://pan.baidu.com/api/quota {"errno":1,"request_id":7809221042582390894}
2019-12-03 19:44:26 [WARN] request error (0x200000001): https://pan.baidu.com/api/quota {"errno":1,"request_id":7811864674900711746}
2019-12-03 20:11:05 [WARN] request error (0x200000001): https://pan.baidu.com/api/quota {"errno":1,"request_id":7812293720352389836}
2019-12-03 20:32:29 [WARN] request error (0x200000001): https://pan.baidu.com/api/quota {"errno":1,"request_id":7812638375173915557}
2019-12-03 20:50:03 [WARN] request error (0x200000001): https://pan.baidu.com/api/quota {"errno":1,"request_id":7812922394566934726}
2019-12-03 21:01:09 [WARN] request error (0x200000001): https://pan.baidu.com/api/quota {"errno":1,"request_id":7813100330287291748}
2019-12-03 21:13:40 [WARN] request error (0x200000001): https://pan.baidu.com/api/quota {"errno":1,"request_id":7813301685860562820}
2019-12-03 21:46:57 [WARN] request error (0x200000001): https://pan.baidu.com/api/quota {"errno":1,"request_id":7813837826018918797}
2019-12-03 22:56:44 [INFO] close main window
2019-12-03 22:56:44 [WARN] aria2 websocket connection closed (127.0.0.1:36956), code: 1000 (Normal close), reason: aria2 shutdown
2019-12-03 22:56:45 [INFO] websocket client stop
2019-12-03 22:56:45 [INFO] exit
