2019-01-25 01:20:44 [INFO] pandownload version: 2.0.5
2019-01-25 01:20:51 [WARN] rpc error (0): request error 28
2019-01-25 01:20:53 [WARN] rpc error (0): request error 28
2019-01-25 01:20:54 [WARN] rpc error (0): request error 28
2019-01-25 01:20:55 [INFO] aria2 version: 1.34.0
2019-01-25 01:20:55 [INFO] aria2 json-rpc path: http://token:pandownload@127.0.0.1:6808/jsonrpc
2019-01-25 01:20:55 [INFO] create main window
2019-01-25 01:20:55 [INFO] verify cookie (619)
2019-01-25 01:20:55 [INFO] verify cookie (642)
2019-01-25 01:20:57 [INFO] user login success (2285008211): 1246725901a5
2019-01-25 01:20:57 [INFO] user login success (1379078960): 1246725901a
2019-01-25 01:22:30 [WARN] rpc error (0): request error 28
2019-01-25 01:22:31 [WARN] rpc error (0): request error 28
2019-01-25 01:22:32 [WARN] rpc error (0): request error 28
2019-01-25 01:22:51 [WARN] rpc error (0): request error 28
2019-01-25 01:22:56 [WARN] rpc error (0): request error 28
2019-01-25 01:24:57 [WARN] rpc error (0): request error 28
2019-01-25 01:25:57 [WARN] rpc error (0): request error 28
2019-01-25 01:25:58 [WARN] rpc error (0): request error 28
2019-01-25 01:25:59 [WARN] rpc error (0): request error 28
2019-01-25 01:37:57 [INFO] close main window
2019-01-25 01:37:57 [INFO] exit
