2019-03-02 17:16:38 [INFO] pandownload version: 2.0.5
2019-03-02 17:16:40 [WARN] rpc error (0): request error 28
2019-03-02 17:16:41 [WARN] rpc error (0): request error 28
2019-03-02 17:16:43 [WARN] rpc error (0): request error 28
2019-03-02 17:16:44 [WARN] rpc error (0): request error 28
2019-03-02 17:16:45 [INFO] aria2 version: 1.34.0
2019-03-02 17:16:45 [INFO] aria2 json-rpc path: http://token:pandownload@127.0.0.1:6808/jsonrpc
2019-03-02 17:16:45 [INFO] create main window
2019-03-02 17:16:45 [INFO] verify cookie (621)
2019-03-02 17:16:48 [INFO] user login success (1379078960): 1246725901a
2019-03-02 17:36:11 [WARN] ID#1 - No URI available.(22) FILE="C:/Users/asus/Desktop/EasyDrv7_Win7.x64_7.18.1018.3.iso" SIZE="4114110464"
2019-03-02 18:22:03 [WARN] rpc error (0): request error 28
2019-03-02 18:22:04 [WARN] rpc error (0): request error 28
2019-03-02 18:22:05 [WARN] rpc error (0): request error 28
2019-03-02 18:22:06 [WARN] rpc error (0): request error 28
2019-03-02 18:22:08 [WARN] rpc error (0): request error 28
2019-03-02 18:22:09 [WARN] rpc error (0): request error 28
2019-03-02 18:22:10 [WARN] rpc error (0): request error 28
2019-03-02 18:22:11 [WARN] rpc error (0): request error 28
2019-03-02 18:22:12 [WARN] rpc error (0): request error 28
2019-03-02 18:22:13 [WARN] rpc error (0): request error 28
2019-03-02 18:22:14 [WARN] rpc error (0): request error 28
2019-03-02 18:22:15 [WARN] rpc error (0): request error 28
2019-03-02 18:22:16 [WARN] rpc error (0): request error 28
2019-03-02 18:22:17 [WARN] rpc error (0): request error 28
2019-03-02 18:22:19 [WARN] rpc error (0): request error 28
2019-03-02 18:22:20 [WARN] rpc error (0): request error 28
2019-03-02 18:22:21 [WARN] rpc error (0): request error 28
2019-03-02 18:22:22 [WARN] rpc error (0): request error 28
2019-03-02 18:22:23 [WARN] rpc error (0): request error 28
2019-03-02 18:22:24 [WARN] rpc error (0): request error 28
2019-03-02 18:22:25 [WARN] rpc error (0): request error 28
2019-03-02 18:22:26 [WARN] rpc error (0): request error 28
2019-03-02 18:22:27 [WARN] rpc error (0): request error 28
2019-03-02 18:22:28 [WARN] rpc error (0): request error 28
2019-03-02 18:22:30 [WARN] rpc error (0): request error 28
2019-03-02 18:22:31 [WARN] rpc error (0): request error 28
2019-03-02 18:22:32 [WARN] rpc error (0): request error 28
2019-03-02 18:22:33 [WARN] rpc error (0): request error 28
2019-03-02 18:22:34 [WARN] rpc error (0): request error 28
2019-03-02 18:22:35 [WARN] rpc error (0): request error 28
2019-03-02 18:22:36 [WARN] rpc error (0): request error 28
2019-03-02 18:22:37 [WARN] rpc error (0): request error 28
2019-03-02 18:22:38 [WARN] rpc error (0): request error 28
2019-03-02 18:22:39 [WARN] rpc error (0): request error 28
2019-03-02 18:22:41 [WARN] rpc error (0): request error 28
2019-03-02 18:22:42 [WARN] rpc error (0): request error 28
2019-03-02 18:22:43 [WARN] rpc error (0): request error 28
2019-03-02 18:22:44 [WARN] rpc error (0): request error 28
2019-03-02 18:22:45 [WARN] rpc error (0): request error 28
2019-03-02 18:22:46 [WARN] rpc error (0): request error 28
2019-03-02 18:22:47 [WARN] rpc error (0): request error 28
2019-03-02 18:22:48 [WARN] rpc error (0): request error 28
2019-03-02 18:22:49 [WARN] rpc error (0): request error 28
2019-03-02 18:22:50 [WARN] rpc error (0): request error 28
2019-03-02 18:22:52 [WARN] rpc error (0): request error 28
2019-03-02 18:22:53 [WARN] rpc error (0): request error 28
2019-03-02 18:22:54 [WARN] rpc error (0): request error 28
2019-03-02 18:22:55 [WARN] rpc error (0): request error 28
2019-03-02 18:22:56 [WARN] rpc error (0): request error 28
2019-03-02 18:22:57 [WARN] rpc error (0): request error 28
2019-03-02 18:22:58 [WARN] rpc error (0): request error 28
2019-03-02 18:22:59 [WARN] rpc error (0): request error 28
2019-03-02 18:23:00 [WARN] rpc error (0): request error 28
2019-03-02 18:23:01 [WARN] rpc error (0): request error 28
2019-03-02 18:23:03 [WARN] rpc error (0): request error 28
2019-03-02 18:23:04 [WARN] rpc error (0): request error 28
2019-03-02 18:23:05 [WARN] rpc error (0): request error 28
2019-03-02 18:23:06 [WARN] rpc error (0): request error 28
2019-03-02 18:23:06 [WARN] rpc error (0): request error 28
2019-03-02 18:23:08 [WARN] rpc error (0): request error 28
2019-03-02 18:23:09 [WARN] rpc error (0): request error 28
2019-03-02 18:23:10 [WARN] rpc error (0): request error 28
2019-03-02 18:23:11 [WARN] rpc error (0): request error 28
2019-03-02 18:23:12 [WARN] rpc error (0): request error 28
2019-03-02 18:23:13 [WARN] rpc error (0): request error 28
2019-03-02 18:23:14 [WARN] rpc error (0): request error 28
2019-03-02 18:23:15 [WARN] rpc error (0): request error 28
2019-03-02 18:23:16 [WARN] rpc error (0): request error 28
2019-03-02 18:23:17 [WARN] rpc error (0): request error 28
2019-03-02 18:23:19 [WARN] rpc error (0): request error 28
2019-03-02 18:23:20 [WARN] rpc error (0): request error 28
2019-03-02 18:23:21 [WARN] rpc error (0): request error 28
2019-03-02 18:23:22 [INFO] close main window
2019-03-02 18:23:22 [WARN] rpc error (0): request error 28
2019-03-02 18:23:22 [WARN] rpc error (0): response code 400
2019-03-02 18:23:23 [INFO] exit
