2019-12-05 17:29:17 [INFO] pandownload version: 2.1.3
2019-12-05 17:29:18 [INFO] aria2 websocket connection opened (127.0.0.1:36998)
2019-12-05 17:29:18 [INFO] aria2 version: 1.34.0
2019-12-05 17:29:18 [INFO] aria2 json-rpc path: http://token:pandownload@127.0.0.1:36998/jsonrpc
2019-12-05 17:29:19 [INFO] create main window
2019-12-05 17:29:19 [INFO] verify cookie (622)
2019-12-05 17:29:19 [INFO] verify cookie (630)
2019-12-05 17:29:21 [WARN] ID#11 - 用户未登录(-1) FILE="E:/MathWorks MATLAB R2019a v9.6.0.1174912 x64/R2019a_Windows.iso" SIZE="20277436416"
2019-12-05 17:29:22 [WARN] ID#11 - 用户未登录(-1) FILE="E:/MathWorks MATLAB R2019a v9.6.0.1174912 x64/R2019a_Windows.iso" SIZE="20277436416"
2019-12-05 17:29:22 [INFO] user login success (2285008211): 1246725901a5
2019-12-05 17:29:22 [INFO] user login success (1379078960): 1246725901a
2019-12-05 17:29:22 [WARN] ID#11 - 用户未登录(-1) FILE="E:/MathWorks MATLAB R2019a v9.6.0.1174912 x64/R2019a_Windows.iso" SIZE="20277436416"
2019-12-05 19:59:01 [WARN] request error (0x200000001): https://pan.baidu.com/api/quota {"errno":1,"request_id":7858484980424928900}
2019-12-05 20:06:06 [WARN] request error (0x10000001c): https://pan.baidu.com/api/quota 
2019-12-05 20:07:30 [WARN] request error (0x10000001c): https://pan.baidu.com/api/quota 
2019-12-05 20:59:18 [WARN] request error (0x200000001): https://pan.baidu.com/api/quota {"errno":1,"request_id":7859456310917817559}
2019-12-05 21:12:03 [WARN] request error (0x200000001): https://pan.baidu.com/api/quota {"errno":1,"request_id":7859661700811778215}
2019-12-05 21:20:38 [WARN] request error (0x200000001): https://pan.baidu.com/api/quota {"errno":1,"request_id":7859799960385224038}
2019-12-05 21:29:03 [WARN] request error (0x200000001): https://pan.baidu.com/api/quota {"errno":1,"request_id":7859935555959444473}
2019-12-05 21:55:19 [WARN] request error (0x200000001): https://pan.baidu.com/api/quota {"errno":1,"request_id":7860358441929229334}
2019-12-05 22:43:54 [WARN] request error (0x200000001): https://pan.baidu.com/api/quota {"errno":1,"request_id":7861140973403791442}
2019-12-05 22:48:27 [WARN] request error (0x200000001): https://pan.baidu.com/api/quota {"errno":1,"request_id":7861214422727063466}
2019-12-05 22:49:12 [WARN] request error (0x200000001): https://pan.baidu.com/api/quota {"errno":1,"request_id":7861226452745709687}
2019-12-05 22:52:58 [INFO] close main window
2019-12-05 22:52:58 [WARN] aria2 websocket connection closed (127.0.0.1:36998), code: 1000 (Normal close), reason: aria2 shutdown
2019-12-05 22:52:59 [INFO] websocket client stop
2019-12-05 22:52:59 [INFO] exit
