2019-03-12 16:02:08 [INFO] pandownload version: 2.0.5
2019-03-12 16:02:10 [WARN] rpc error (0): request error 28
2019-03-12 16:02:11 [INFO] aria2 version: 1.34.0
2019-03-12 16:02:11 [INFO] aria2 json-rpc path: http://token:pandownload@127.0.0.1:6808/jsonrpc
2019-03-12 16:02:11 [INFO] create main window
2019-03-12 16:02:11 [INFO] verify cookie (620)
2019-03-12 16:02:11 [INFO] verify cookie (625)
2019-03-12 16:02:13 [INFO] user login success (1379078960): 1246725901a
2019-03-12 16:02:13 [INFO] user login success (2285008211): 1246725901a5
2019-03-12 16:14:39 [WARN] ID#2 - No URI available.(1) FILE="C:/Users/asus/Desktop/SolidWorks 2016/Solidworks2016SP00FullDVD2.iso" SIZE="2560528384"
2019-03-12 16:14:48 [WARN] ID#2 - The response status is not successful. status=403(22) FILE="C:/Users/asus/Desktop/SolidWorks 2016/Solidworks2016SP00FullDVD2.iso" SIZE="2560528384"
2019-03-12 16:14:50 [WARN] ID#2 - The response status is not successful. status=403(22) FILE="C:/Users/asus/Desktop/SolidWorks 2016/Solidworks2016SP00FullDVD2.iso" SIZE="2560528384"
2019-03-12 16:19:46 [WARN] ID#1 - No URI available.(24) FILE="C:/Users/asus/Desktop/SolidWorks 2016/Solidworks2016SP00FullDVD1.iso" SIZE="8615225344"
2019-03-12 16:19:49 [WARN] ID#1 - The response status is not successful. status=403(22) FILE="C:/Users/asus/Desktop/SolidWorks 2016/Solidworks2016SP00FullDVD1.iso" SIZE="8615225344"
2019-03-12 16:19:51 [WARN] ID#1 - The response status is not successful. status=403(22) FILE="C:/Users/asus/Desktop/SolidWorks 2016/Solidworks2016SP00FullDVD1.iso" SIZE="8615225344"
2019-03-12 17:08:30 [WARN] panerr (0x200000001)
2019-03-12 17:08:30 [WARN] request error (0x200000001): https://pan.baidu.com/api/quota {"errno":1,"request_id":1640062117717520638}
2019-03-12 17:10:50 [WARN] ID#1 - The response status is not successful. status=500(22) FILE="C:/Users/asus/Desktop/keyshot/855/keyshot7.3_855.zip" SIZE="1054096892"
2019-03-12 18:03:08 [WARN] panerr (0x200000001)
2019-03-12 18:03:08 [WARN] request error (0x200000001): https://pan.baidu.com/api/quota {"errno":1,"request_id":1640941801204822147}
2019-03-12 23:07:44 [WARN] ID#1 - The response status is not successful. status=403(22) FILE="C:/Users/asus/Desktop/RadStudioKeygen.exe" SIZE="2338816"
2019-03-12 23:07:52 [WARN] ID#1 - The response status is not successful. status=403(22) FILE="C:/Users/asus/Desktop/RadStudioKeygen.exe" SIZE="2338816"
2019-03-12 23:07:54 [WARN] ID#1 - The response status is not successful. status=403(22) FILE="C:/Users/asus/Desktop/RadStudioKeygen.exe" SIZE="2338816"
2019-03-12 23:08:02 [WARN] rpc error (0): request error 28
2019-03-12 23:08:04 [WARN] rpc error (0): request error 28
2019-03-12 23:08:05 [WARN] rpc error (0): request error 28
2019-03-12 23:08:06 [WARN] rpc error (0): request error 28
2019-03-12 23:08:07 [WARN] rpc error (0): request error 28
2019-03-12 23:08:07 [WARN] ID#1 - request error 28(0) FILE="C:/Users/asus/Desktop/RadStudioKeygen.exe" SIZE="2338816"
2019-03-12 23:08:08 [WARN] rpc error (0): request error 28
2019-03-12 23:13:26 [INFO] close main window
2019-03-12 23:13:27 [INFO] exit
