2019-03-25 11:59:48 [INFO] pandownload version: 2.0.5
2019-03-25 11:59:50 [WARN] rpc error (0): request error 28
2019-03-25 11:59:51 [INFO] aria2 version: 1.34.0
2019-03-25 11:59:51 [INFO] aria2 json-rpc path: http://token:pandownload@127.0.0.1:6808/jsonrpc
2019-03-25 11:59:51 [INFO] create main window
2019-03-25 11:59:51 [INFO] verify cookie (621)
2019-03-25 11:59:51 [INFO] verify cookie (627)
2019-03-25 11:59:54 [INFO] user login success (1379078960): 1246725901a
2019-03-25 11:59:54 [INFO] user login success (2285008211): 1246725901a5
2019-03-25 20:32:16 [WARN] panerr (0x200000001)
2019-03-25 20:32:16 [WARN] request error (0x200000001): https://pan.baidu.com/api/quota {"errno":1,"request_id":1944850792776241556}
2019-03-25 20:34:06 [WARN] panerr (0x200000001)
2019-03-25 20:34:06 [WARN] request error (0x200000001): https://pan.baidu.com/api/quota {"errno":1,"request_id":1944880353890811296}
2019-03-25 21:39:34 [WARN] panerr (0x200000001)
2019-03-25 21:39:34 [WARN] request error (0x200000001): https://pan.baidu.com/api/quota {"errno":1,"request_id":1945934763906211634}
2019-03-25 22:59:20 [WARN] panerr (0x100000006)
2019-03-25 22:59:20 [WARN] request error (0x100000006): https://pan.baidu.com/api/quota 
2019-03-25 22:59:20 [WARN] panerr (0x100000006)
2019-03-25 22:59:20 [WARN] request error (0x100000006): https://pan.baidu.com/api/quota 
2019-03-25 22:59:40 [WARN] panerr (0x100000006)
2019-03-25 22:59:40 [WARN] request error (0x100000006): https://pan.baidu.com/api/quota 
2019-03-25 22:59:40 [WARN] panerr (0x100000006)
2019-03-25 22:59:40 [WARN] request error (0x100000006): https://pan.baidu.com/api/quota 
2019-03-25 23:00:00 [WARN] panerr (0x100000006)
2019-03-25 23:00:00 [WARN] request error (0x100000006): https://pan.baidu.com/api/quota 
2019-03-25 23:00:00 [WARN] panerr (0x100000006)
2019-03-25 23:00:00 [WARN] request error (0x100000006): https://pan.baidu.com/api/quota 
2019-03-25 23:00:20 [WARN] panerr (0x100000006)
2019-03-25 23:00:20 [WARN] request error (0x100000006): https://pan.baidu.com/api/quota 
2019-03-25 23:00:20 [WARN] panerr (0x100000006)
2019-03-25 23:00:20 [WARN] panerr (0x100000006)
2019-03-25 23:00:20 [WARN] request error (0x100000006): https://pan.baidu.com/api/quota 
2019-03-25 23:00:20 [WARN] panerr (0x100000006)
2019-03-25 23:00:40 [WARN] panerr (0x100000006)
2019-03-25 23:00:40 [WARN] request error (0x100000006): https://pan.baidu.com/api/quota 
2019-03-25 23:00:40 [WARN] panerr (0x100000006)
2019-03-25 23:00:40 [WARN] request error (0x100000006): https://pan.baidu.com/api/quota 
2019-03-25 23:01:00 [WARN] panerr (0x100000006)
2019-03-25 23:01:00 [WARN] request error (0x100000006): https://pan.baidu.com/api/quota 
2019-03-25 23:01:00 [WARN] panerr (0x100000006)
2019-03-25 23:01:00 [WARN] request error (0x100000006): https://pan.baidu.com/api/quota 
2019-03-25 23:01:20 [WARN] panerr (0x100000006)
2019-03-25 23:01:20 [WARN] request error (0x100000006): https://pan.baidu.com/api/quota 
2019-03-25 23:01:20 [WARN] panerr (0x100000006)
2019-03-25 23:01:20 [WARN] request error (0x100000006): https://pan.baidu.com/api/quota 
2019-03-25 23:01:40 [WARN] panerr (0x100000006)
2019-03-25 23:01:40 [WARN] request error (0x100000006): https://pan.baidu.com/api/quota 
2019-03-25 23:01:40 [WARN] panerr (0x100000006)
2019-03-25 23:01:40 [WARN] panerr (0x100000006)
2019-03-25 23:01:40 [WARN] request error (0x100000006): https://pan.baidu.com/api/quota 
2019-03-25 23:01:40 [WARN] panerr (0x100000006)
2019-03-25 23:02:00 [WARN] panerr (0x100000006)
2019-03-25 23:02:00 [WARN] request error (0x100000006): https://pan.baidu.com/api/quota 
2019-03-25 23:02:00 [WARN] panerr (0x100000006)
2019-03-25 23:02:00 [WARN] request error (0x100000006): https://pan.baidu.com/api/quota 
2019-03-25 23:02:20 [WARN] panerr (0x100000006)
2019-03-25 23:02:20 [WARN] request error (0x100000006): https://pan.baidu.com/api/quota 
2019-03-25 23:02:20 [WARN] panerr (0x100000006)
2019-03-25 23:02:20 [WARN] request error (0x100000006): https://pan.baidu.com/api/quota 
2019-03-25 23:02:40 [WARN] panerr (0x100000006)
2019-03-25 23:02:40 [WARN] request error (0x100000006): https://pan.baidu.com/api/quota 
2019-03-25 23:02:40 [WARN] panerr (0x100000006)
2019-03-25 23:02:40 [WARN] request error (0x100000006): https://pan.baidu.com/api/quota 
2019-03-25 23:03:00 [WARN] panerr (0x100000006)
2019-03-25 23:03:00 [WARN] request error (0x100000006): https://pan.baidu.com/api/quota 
2019-03-25 23:03:00 [WARN] panerr (0x100000006)
2019-03-25 23:03:00 [WARN] panerr (0x100000006)
2019-03-25 23:03:00 [WARN] request error (0x100000006): https://pan.baidu.com/api/quota 
2019-03-25 23:03:00 [WARN] panerr (0x100000006)
2019-03-25 23:03:20 [WARN] panerr (0x100000006)
2019-03-25 23:03:20 [WARN] request error (0x100000006): https://pan.baidu.com/api/quota 
2019-03-25 23:03:20 [WARN] panerr (0x100000006)
2019-03-25 23:03:20 [WARN] request error (0x100000006): https://pan.baidu.com/api/quota 
2019-03-25 23:03:40 [WARN] panerr (0x100000006)
2019-03-25 23:03:40 [WARN] request error (0x100000006): https://pan.baidu.com/api/quota 
2019-03-25 23:03:40 [WARN] panerr (0x100000006)
2019-03-25 23:03:40 [WARN] request error (0x100000006): https://pan.baidu.com/api/quota 
2019-03-25 23:04:00 [WARN] panerr (0x100000006)
2019-03-25 23:04:00 [WARN] request error (0x100000006): https://pan.baidu.com/api/quota 
2019-03-25 23:04:00 [WARN] panerr (0x100000006)
2019-03-25 23:04:00 [WARN] request error (0x100000006): https://pan.baidu.com/api/quota 
2019-03-25 23:04:20 [WARN] panerr (0x100000006)
2019-03-25 23:04:20 [WARN] request error (0x100000006): https://pan.baidu.com/api/quota 
2019-03-25 23:04:20 [WARN] panerr (0x100000006)
2019-03-25 23:04:20 [WARN] panerr (0x100000006)
2019-03-25 23:04:20 [WARN] request error (0x100000006): https://pan.baidu.com/api/quota 
2019-03-25 23:04:20 [WARN] panerr (0x100000006)
2019-03-25 23:04:40 [WARN] panerr (0x100000006)
2019-03-25 23:04:40 [WARN] request error (0x100000006): https://pan.baidu.com/api/quota 
2019-03-25 23:04:40 [WARN] panerr (0x100000006)
2019-03-25 23:04:40 [WARN] request error (0x100000006): https://pan.baidu.com/api/quota 
2019-03-25 23:05:00 [WARN] panerr (0x100000006)
2019-03-25 23:05:00 [WARN] request error (0x100000006): https://pan.baidu.com/api/quota 
2019-03-25 23:05:00 [WARN] panerr (0x100000006)
2019-03-25 23:05:00 [WARN] request error (0x100000006): https://pan.baidu.com/api/quota 
2019-03-25 23:05:20 [WARN] panerr (0x100000006)
2019-03-25 23:05:20 [WARN] request error (0x100000006): https://pan.baidu.com/api/quota 
2019-03-25 23:05:20 [WARN] panerr (0x100000006)
2019-03-25 23:05:20 [WARN] request error (0x100000006): https://pan.baidu.com/api/quota 
2019-03-25 23:05:40 [WARN] panerr (0x100000006)
2019-03-25 23:05:40 [WARN] request error (0x100000006): https://pan.baidu.com/api/quota 
2019-03-25 23:05:40 [WARN] panerr (0x100000006)
2019-03-25 23:05:40 [WARN] panerr (0x100000006)
2019-03-25 23:05:40 [WARN] request error (0x100000006): https://pan.baidu.com/api/quota 
2019-03-25 23:05:40 [WARN] panerr (0x100000006)
2019-03-25 23:06:00 [WARN] panerr (0x100000006)
2019-03-25 23:06:00 [WARN] request error (0x100000006): https://pan.baidu.com/api/quota 
2019-03-25 23:06:00 [WARN] panerr (0x100000006)
2019-03-25 23:06:00 [WARN] request error (0x100000006): https://pan.baidu.com/api/quota 
2019-03-25 23:06:20 [WARN] panerr (0x100000006)
2019-03-25 23:06:20 [WARN] request error (0x100000006): https://pan.baidu.com/api/quota 
2019-03-25 23:06:20 [WARN] panerr (0x100000006)
2019-03-25 23:06:20 [WARN] request error (0x100000006): https://pan.baidu.com/api/quota 
2019-03-25 23:06:40 [WARN] panerr (0x100000006)
2019-03-25 23:06:40 [WARN] request error (0x100000006): https://pan.baidu.com/api/quota 
2019-03-25 23:06:40 [WARN] panerr (0x100000006)
2019-03-25 23:06:40 [WARN] request error (0x100000006): https://pan.baidu.com/api/quota 
2019-03-25 23:07:00 [WARN] panerr (0x100000006)
2019-03-25 23:07:00 [WARN] request error (0x100000006): https://pan.baidu.com/api/quota 
2019-03-25 23:07:00 [WARN] panerr (0x100000006)
2019-03-25 23:07:00 [WARN] panerr (0x100000006)
2019-03-25 23:07:00 [WARN] request error (0x100000006): https://pan.baidu.com/api/quota 
2019-03-25 23:07:00 [WARN] panerr (0x100000006)
2019-03-25 23:07:20 [WARN] panerr (0x100000006)
2019-03-25 23:07:20 [WARN] request error (0x100000006): https://pan.baidu.com/api/quota 
2019-03-25 23:07:20 [WARN] panerr (0x100000006)
2019-03-25 23:07:20 [WARN] request error (0x100000006): https://pan.baidu.com/api/quota 
2019-03-25 23:07:40 [WARN] panerr (0x100000006)
2019-03-25 23:07:40 [WARN] request error (0x100000006): https://pan.baidu.com/api/quota 
2019-03-25 23:07:40 [WARN] panerr (0x100000006)
2019-03-25 23:07:40 [WARN] request error (0x100000006): https://pan.baidu.com/api/quota 
2019-03-25 23:08:00 [WARN] panerr (0x100000006)
2019-03-25 23:08:00 [WARN] request error (0x100000006): https://pan.baidu.com/api/quota 
2019-03-25 23:08:00 [WARN] panerr (0x100000006)
2019-03-25 23:08:00 [WARN] request error (0x100000006): https://pan.baidu.com/api/quota 
2019-03-25 23:08:20 [WARN] panerr (0x100000006)
2019-03-25 23:08:20 [WARN] request error (0x100000006): https://pan.baidu.com/api/quota 
2019-03-25 23:08:20 [WARN] panerr (0x100000006)
2019-03-25 23:08:20 [WARN] panerr (0x100000006)
2019-03-25 23:08:20 [WARN] request error (0x100000006): https://pan.baidu.com/api/quota 
2019-03-25 23:08:20 [WARN] panerr (0x100000006)
2019-03-25 23:08:40 [WARN] panerr (0x100000006)
2019-03-25 23:08:40 [WARN] request error (0x100000006): https://pan.baidu.com/api/quota 
2019-03-25 23:08:40 [WARN] panerr (0x100000006)
2019-03-25 23:08:40 [WARN] request error (0x100000006): https://pan.baidu.com/api/quota 
2019-03-25 23:09:00 [WARN] panerr (0x100000006)
2019-03-25 23:09:00 [WARN] request error (0x100000006): https://pan.baidu.com/api/quota 
2019-03-25 23:09:00 [WARN] panerr (0x100000006)
2019-03-25 23:09:00 [WARN] request error (0x100000006): https://pan.baidu.com/api/quota 
2019-03-25 23:09:20 [WARN] panerr (0x100000006)
2019-03-25 23:09:20 [WARN] request error (0x100000006): https://pan.baidu.com/api/quota 
2019-03-25 23:09:20 [WARN] panerr (0x100000006)
2019-03-25 23:09:20 [WARN] request error (0x100000006): https://pan.baidu.com/api/quota 
2019-03-25 23:09:40 [WARN] panerr (0x100000006)
2019-03-25 23:09:40 [WARN] request error (0x100000006): https://pan.baidu.com/api/quota 
2019-03-25 23:09:41 [WARN] panerr (0x100000006)
2019-03-25 23:09:41 [WARN] panerr (0x100000006)
2019-03-25 23:09:41 [WARN] request error (0x100000006): https://pan.baidu.com/api/quota 
2019-03-25 23:09:41 [WARN] panerr (0x100000006)
2019-03-25 23:10:01 [WARN] panerr (0x100000006)
2019-03-25 23:10:01 [WARN] request error (0x100000006): https://pan.baidu.com/api/quota 
2019-03-25 23:10:01 [WARN] panerr (0x100000006)
2019-03-25 23:10:01 [WARN] request error (0x100000006): https://pan.baidu.com/api/quota 
2019-03-25 23:10:21 [WARN] panerr (0x100000006)
2019-03-25 23:10:21 [WARN] request error (0x100000006): https://pan.baidu.com/api/quota 
2019-03-25 23:10:21 [WARN] panerr (0x100000006)
2019-03-25 23:10:21 [WARN] request error (0x100000006): https://pan.baidu.com/api/quota 
2019-03-25 23:10:41 [WARN] panerr (0x100000006)
2019-03-25 23:10:41 [WARN] request error (0x100000006): https://pan.baidu.com/api/quota 
2019-03-25 23:10:41 [WARN] panerr (0x100000006)
2019-03-25 23:10:41 [WARN] request error (0x100000006): https://pan.baidu.com/api/quota 
2019-03-25 23:11:01 [WARN] panerr (0x100000006)
2019-03-25 23:11:01 [WARN] request error (0x100000006): https://pan.baidu.com/api/quota 
2019-03-25 23:11:01 [WARN] panerr (0x100000006)
2019-03-25 23:11:01 [WARN] panerr (0x100000006)
2019-03-25 23:11:01 [WARN] request error (0x100000006): https://pan.baidu.com/api/quota 
2019-03-25 23:11:01 [WARN] panerr (0x100000006)
2019-03-25 23:11:21 [WARN] panerr (0x100000006)
2019-03-25 23:11:21 [WARN] request error (0x100000006): https://pan.baidu.com/api/quota 
2019-03-25 23:11:21 [WARN] panerr (0x100000006)
2019-03-25 23:11:21 [WARN] request error (0x100000006): https://pan.baidu.com/api/quota 
2019-03-25 23:11:41 [WARN] panerr (0x100000006)
2019-03-25 23:11:41 [WARN] request error (0x100000006): https://pan.baidu.com/api/quota 
2019-03-25 23:11:41 [WARN] panerr (0x100000006)
2019-03-25 23:11:41 [WARN] request error (0x100000006): https://pan.baidu.com/api/quota 
2019-03-25 23:12:01 [WARN] panerr (0x100000006)
2019-03-25 23:12:01 [WARN] request error (0x100000006): https://pan.baidu.com/api/quota 
2019-03-25 23:12:01 [WARN] panerr (0x100000006)
2019-03-25 23:12:01 [WARN] request error (0x100000006): https://pan.baidu.com/api/quota 
2019-03-25 23:12:21 [WARN] panerr (0x100000006)
2019-03-25 23:12:21 [WARN] request error (0x100000006): https://pan.baidu.com/api/quota 
2019-03-25 23:12:21 [WARN] panerr (0x100000006)
2019-03-25 23:12:21 [WARN] panerr (0x100000006)
2019-03-25 23:12:21 [WARN] request error (0x100000006): https://pan.baidu.com/api/quota 
2019-03-25 23:12:21 [WARN] panerr (0x100000006)
2019-03-25 23:12:41 [WARN] panerr (0x100000006)
2019-03-25 23:12:41 [WARN] request error (0x100000006): https://pan.baidu.com/api/quota 
2019-03-25 23:12:41 [WARN] panerr (0x100000006)
2019-03-25 23:12:41 [WARN] request error (0x100000006): https://pan.baidu.com/api/quota 
2019-03-25 23:13:01 [WARN] panerr (0x100000006)
2019-03-25 23:13:01 [WARN] request error (0x100000006): https://pan.baidu.com/api/quota 
2019-03-25 23:13:01 [WARN] panerr (0x100000006)
2019-03-25 23:13:01 [WARN] request error (0x100000006): https://pan.baidu.com/api/quota 
2019-03-25 23:13:21 [WARN] panerr (0x100000006)
2019-03-25 23:13:21 [WARN] request error (0x100000006): https://pan.baidu.com/api/quota 
2019-03-25 23:13:21 [WARN] panerr (0x100000006)
2019-03-25 23:13:21 [WARN] request error (0x100000006): https://pan.baidu.com/api/quota 
2019-03-25 23:13:41 [WARN] panerr (0x100000006)
2019-03-25 23:13:41 [WARN] request error (0x100000006): https://pan.baidu.com/api/quota 
2019-03-25 23:13:41 [WARN] panerr (0x100000006)
2019-03-25 23:13:41 [WARN] panerr (0x100000006)
2019-03-25 23:13:41 [WARN] request error (0x100000006): https://pan.baidu.com/api/quota 
2019-03-25 23:13:41 [WARN] panerr (0x100000006)
2019-03-25 23:14:01 [WARN] panerr (0x100000006)
2019-03-25 23:14:01 [WARN] request error (0x100000006): https://pan.baidu.com/api/quota 
2019-03-25 23:14:01 [WARN] panerr (0x100000006)
2019-03-25 23:14:01 [WARN] request error (0x100000006): https://pan.baidu.com/api/quota 
2019-03-25 23:14:21 [WARN] panerr (0x100000006)
2019-03-25 23:14:21 [WARN] request error (0x100000006): https://pan.baidu.com/api/quota 
2019-03-25 23:14:21 [WARN] panerr (0x100000006)
2019-03-25 23:14:21 [WARN] request error (0x100000006): https://pan.baidu.com/api/quota 
2019-03-25 23:14:41 [WARN] panerr (0x100000006)
2019-03-25 23:14:41 [WARN] request error (0x100000006): https://pan.baidu.com/api/quota 
2019-03-25 23:14:41 [WARN] panerr (0x100000006)
2019-03-25 23:14:41 [WARN] request error (0x100000006): https://pan.baidu.com/api/quota 
2019-03-25 23:15:01 [WARN] panerr (0x100000006)
2019-03-25 23:15:01 [WARN] request error (0x100000006): https://pan.baidu.com/api/quota 
2019-03-25 23:15:01 [WARN] panerr (0x100000006)
2019-03-25 23:15:01 [WARN] panerr (0x100000006)
2019-03-25 23:15:01 [WARN] request error (0x100000006): https://pan.baidu.com/api/quota 
2019-03-25 23:15:01 [WARN] panerr (0x100000006)
2019-03-25 23:15:21 [WARN] panerr (0x100000006)
2019-03-25 23:15:21 [WARN] request error (0x100000006): https://pan.baidu.com/api/quota 
2019-03-25 23:15:21 [WARN] panerr (0x100000006)
2019-03-25 23:15:21 [WARN] request error (0x100000006): https://pan.baidu.com/api/quota 
2019-03-25 23:15:41 [WARN] panerr (0x100000006)
2019-03-25 23:15:41 [WARN] request error (0x100000006): https://pan.baidu.com/api/quota 
2019-03-25 23:15:41 [WARN] panerr (0x100000006)
2019-03-25 23:15:41 [WARN] request error (0x100000006): https://pan.baidu.com/api/quota 
2019-03-25 23:16:01 [WARN] panerr (0x100000006)
2019-03-25 23:16:01 [WARN] request error (0x100000006): https://pan.baidu.com/api/quota 
2019-03-25 23:16:01 [WARN] panerr (0x100000006)
2019-03-25 23:16:01 [WARN] request error (0x100000006): https://pan.baidu.com/api/quota 
2019-03-25 23:16:21 [WARN] panerr (0x100000006)
2019-03-25 23:16:21 [WARN] request error (0x100000006): https://pan.baidu.com/api/quota 
2019-03-25 23:16:21 [WARN] panerr (0x100000006)
2019-03-25 23:16:21 [WARN] panerr (0x100000006)
2019-03-25 23:16:21 [WARN] request error (0x100000006): https://pan.baidu.com/api/quota 
2019-03-25 23:16:21 [WARN] panerr (0x100000006)
2019-03-25 23:16:41 [WARN] panerr (0x100000006)
2019-03-25 23:16:41 [WARN] request error (0x100000006): https://pan.baidu.com/api/quota 
2019-03-25 23:16:41 [WARN] panerr (0x100000006)
2019-03-25 23:16:41 [WARN] request error (0x100000006): https://pan.baidu.com/api/quota 
2019-03-25 23:17:01 [WARN] panerr (0x100000006)
2019-03-25 23:17:01 [WARN] request error (0x100000006): https://pan.baidu.com/api/quota 
2019-03-25 23:17:01 [WARN] panerr (0x100000006)
2019-03-25 23:17:01 [WARN] request error (0x100000006): https://pan.baidu.com/api/quota 
2019-03-25 23:17:21 [WARN] panerr (0x100000006)
2019-03-25 23:17:21 [WARN] request error (0x100000006): https://pan.baidu.com/api/quota 
2019-03-25 23:17:21 [WARN] panerr (0x100000006)
2019-03-25 23:17:21 [WARN] request error (0x100000006): https://pan.baidu.com/api/quota 
2019-03-25 23:17:41 [WARN] panerr (0x100000006)
2019-03-25 23:17:41 [WARN] request error (0x100000006): https://pan.baidu.com/api/quota 
2019-03-25 23:17:41 [WARN] panerr (0x100000006)
2019-03-25 23:17:41 [WARN] panerr (0x100000006)
2019-03-25 23:17:41 [WARN] request error (0x100000006): https://pan.baidu.com/api/quota 
2019-03-25 23:17:41 [WARN] panerr (0x100000006)
2019-03-25 23:18:01 [WARN] panerr (0x100000006)
2019-03-25 23:18:01 [WARN] request error (0x100000006): https://pan.baidu.com/api/quota 
2019-03-25 23:18:01 [WARN] panerr (0x100000006)
2019-03-25 23:18:01 [WARN] request error (0x100000006): https://pan.baidu.com/api/quota 
2019-03-25 23:18:21 [WARN] panerr (0x100000006)
2019-03-25 23:18:21 [WARN] request error (0x100000006): https://pan.baidu.com/api/quota 
2019-03-25 23:18:21 [WARN] panerr (0x100000006)
2019-03-25 23:18:21 [WARN] request error (0x100000006): https://pan.baidu.com/api/quota 
2019-03-25 23:18:41 [WARN] panerr (0x100000006)
2019-03-25 23:18:41 [WARN] request error (0x100000006): https://pan.baidu.com/api/quota 
2019-03-25 23:18:41 [WARN] panerr (0x100000006)
2019-03-25 23:18:41 [WARN] request error (0x100000006): https://pan.baidu.com/api/quota 
2019-03-25 23:19:01 [WARN] panerr (0x100000006)
2019-03-25 23:19:01 [WARN] request error (0x100000006): https://pan.baidu.com/api/quota 
2019-03-25 23:19:01 [WARN] panerr (0x100000006)
2019-03-25 23:19:01 [WARN] panerr (0x100000006)
2019-03-25 23:19:01 [WARN] request error (0x100000006): https://pan.baidu.com/api/quota 
2019-03-25 23:19:01 [WARN] panerr (0x100000006)
2019-03-25 23:19:21 [WARN] panerr (0x100000006)
2019-03-25 23:19:21 [WARN] request error (0x100000006): https://pan.baidu.com/api/quota 
2019-03-25 23:19:21 [WARN] panerr (0x100000006)
2019-03-25 23:19:21 [WARN] request error (0x100000006): https://pan.baidu.com/api/quota 
2019-03-25 23:19:41 [WARN] panerr (0x100000006)
2019-03-25 23:19:41 [WARN] request error (0x100000006): https://pan.baidu.com/api/quota 
2019-03-25 23:19:41 [WARN] panerr (0x100000006)
2019-03-25 23:19:41 [WARN] request error (0x100000006): https://pan.baidu.com/api/quota 
2019-03-25 23:20:01 [WARN] panerr (0x100000006)
2019-03-25 23:20:01 [WARN] request error (0x100000006): https://pan.baidu.com/api/quota 
2019-03-25 23:20:01 [WARN] panerr (0x100000006)
2019-03-25 23:20:01 [WARN] request error (0x100000006): https://pan.baidu.com/api/quota 
2019-03-25 23:20:21 [WARN] panerr (0x100000006)
2019-03-25 23:20:21 [WARN] request error (0x100000006): https://pan.baidu.com/api/quota 
2019-03-25 23:20:21 [WARN] panerr (0x100000006)
2019-03-25 23:20:21 [WARN] panerr (0x100000006)
2019-03-25 23:20:21 [WARN] request error (0x100000006): https://pan.baidu.com/api/quota 
2019-03-25 23:20:21 [WARN] panerr (0x100000006)
2019-03-25 23:20:41 [WARN] panerr (0x100000006)
2019-03-25 23:20:41 [WARN] request error (0x100000006): https://pan.baidu.com/api/quota 
2019-03-25 23:20:41 [WARN] panerr (0x100000006)
2019-03-25 23:20:41 [WARN] request error (0x100000006): https://pan.baidu.com/api/quota 
2019-03-25 23:21:01 [WARN] panerr (0x100000006)
2019-03-25 23:21:01 [WARN] request error (0x100000006): https://pan.baidu.com/api/quota 
2019-03-25 23:21:01 [WARN] panerr (0x100000006)
2019-03-25 23:21:01 [WARN] request error (0x100000006): https://pan.baidu.com/api/quota 
2019-03-25 23:21:21 [WARN] panerr (0x100000006)
2019-03-25 23:21:21 [WARN] request error (0x100000006): https://pan.baidu.com/api/quota 
2019-03-25 23:21:21 [WARN] panerr (0x100000006)
2019-03-25 23:21:21 [WARN] request error (0x100000006): https://pan.baidu.com/api/quota 
2019-03-25 23:21:41 [WARN] panerr (0x100000006)
2019-03-25 23:21:41 [WARN] request error (0x100000006): https://pan.baidu.com/api/quota 
2019-03-25 23:21:41 [WARN] panerr (0x100000006)
2019-03-25 23:21:41 [WARN] panerr (0x100000006)
2019-03-25 23:21:41 [WARN] request error (0x100000006): https://pan.baidu.com/api/quota 
2019-03-25 23:21:41 [WARN] panerr (0x100000006)
2019-03-25 23:22:01 [WARN] panerr (0x100000006)
2019-03-25 23:22:01 [WARN] request error (0x100000006): https://pan.baidu.com/api/quota 
2019-03-25 23:22:01 [WARN] panerr (0x100000006)
2019-03-25 23:22:01 [WARN] request error (0x100000006): https://pan.baidu.com/api/quota 
2019-03-25 23:22:21 [WARN] panerr (0x100000006)
2019-03-25 23:22:21 [WARN] request error (0x100000006): https://pan.baidu.com/api/quota 
2019-03-25 23:22:21 [WARN] panerr (0x100000006)
2019-03-25 23:22:21 [WARN] request error (0x100000006): https://pan.baidu.com/api/quota 
2019-03-25 23:22:41 [WARN] panerr (0x100000006)
2019-03-25 23:22:41 [WARN] request error (0x100000006): https://pan.baidu.com/api/quota 
2019-03-25 23:22:41 [WARN] panerr (0x100000006)
2019-03-25 23:22:41 [WARN] request error (0x100000006): https://pan.baidu.com/api/quota 
2019-03-25 23:23:01 [WARN] panerr (0x100000006)
2019-03-25 23:23:01 [WARN] request error (0x100000006): https://pan.baidu.com/api/quota 
2019-03-25 23:23:01 [WARN] panerr (0x100000006)
2019-03-25 23:23:01 [WARN] panerr (0x100000006)
2019-03-25 23:23:01 [WARN] request error (0x100000006): https://pan.baidu.com/api/quota 
2019-03-25 23:23:01 [WARN] panerr (0x100000006)
2019-03-25 23:23:21 [WARN] panerr (0x100000006)
2019-03-25 23:23:21 [WARN] request error (0x100000006): https://pan.baidu.com/api/quota 
2019-03-25 23:23:21 [WARN] panerr (0x100000006)
2019-03-25 23:23:21 [WARN] request error (0x100000006): https://pan.baidu.com/api/quota 
2019-03-25 23:23:41 [WARN] panerr (0x100000006)
2019-03-25 23:23:41 [WARN] request error (0x100000006): https://pan.baidu.com/api/quota 
2019-03-25 23:23:41 [WARN] panerr (0x100000006)
2019-03-25 23:23:41 [WARN] request error (0x100000006): https://pan.baidu.com/api/quota 
2019-03-25 23:24:01 [WARN] panerr (0x100000006)
2019-03-25 23:24:01 [WARN] request error (0x100000006): https://pan.baidu.com/api/quota 
2019-03-25 23:24:01 [WARN] panerr (0x100000006)
2019-03-25 23:24:01 [WARN] request error (0x100000006): https://pan.baidu.com/api/quota 
2019-03-25 23:24:21 [WARN] panerr (0x100000006)
2019-03-25 23:24:21 [WARN] request error (0x100000006): https://pan.baidu.com/api/quota 
2019-03-25 23:24:21 [WARN] panerr (0x100000006)
2019-03-25 23:24:21 [WARN] panerr (0x100000006)
2019-03-25 23:24:21 [WARN] request error (0x100000006): https://pan.baidu.com/api/quota 
2019-03-25 23:24:21 [WARN] panerr (0x100000006)
2019-03-25 23:24:41 [WARN] panerr (0x100000006)
2019-03-25 23:24:41 [WARN] request error (0x100000006): https://pan.baidu.com/api/quota 
2019-03-25 23:24:41 [WARN] panerr (0x100000006)
2019-03-25 23:24:41 [WARN] request error (0x100000006): https://pan.baidu.com/api/quota 
2019-03-25 23:25:01 [WARN] panerr (0x100000006)
2019-03-25 23:25:01 [WARN] request error (0x100000006): https://pan.baidu.com/api/quota 
2019-03-25 23:25:01 [WARN] panerr (0x100000006)
2019-03-25 23:25:01 [WARN] request error (0x100000006): https://pan.baidu.com/api/quota 
2019-03-25 23:25:21 [WARN] panerr (0x100000006)
2019-03-25 23:25:21 [WARN] request error (0x100000006): https://pan.baidu.com/api/quota 
2019-03-25 23:25:21 [WARN] panerr (0x100000006)
2019-03-25 23:25:21 [WARN] request error (0x100000006): https://pan.baidu.com/api/quota 
2019-03-25 23:25:41 [WARN] panerr (0x100000006)
2019-03-25 23:25:41 [WARN] request error (0x100000006): https://pan.baidu.com/api/quota 
2019-03-25 23:25:41 [WARN] panerr (0x100000006)
2019-03-25 23:25:41 [WARN] panerr (0x100000006)
2019-03-25 23:25:41 [WARN] request error (0x100000006): https://pan.baidu.com/api/quota 
2019-03-25 23:25:41 [WARN] panerr (0x100000006)
2019-03-25 23:26:01 [WARN] panerr (0x100000006)
2019-03-25 23:26:01 [WARN] request error (0x100000006): https://pan.baidu.com/api/quota 
2019-03-25 23:26:01 [WARN] panerr (0x100000006)
2019-03-25 23:26:01 [WARN] request error (0x100000006): https://pan.baidu.com/api/quota 
2019-03-25 23:26:21 [WARN] panerr (0x100000006)
2019-03-25 23:26:21 [WARN] request error (0x100000006): https://pan.baidu.com/api/quota 
2019-03-25 23:26:21 [WARN] panerr (0x100000006)
2019-03-25 23:26:21 [WARN] request error (0x100000006): https://pan.baidu.com/api/quota 
2019-03-25 23:26:41 [WARN] panerr (0x100000006)
2019-03-25 23:26:41 [WARN] request error (0x100000006): https://pan.baidu.com/api/quota 
2019-03-25 23:26:41 [WARN] panerr (0x100000006)
2019-03-25 23:26:41 [WARN] request error (0x100000006): https://pan.baidu.com/api/quota 
2019-03-25 23:27:01 [WARN] panerr (0x100000006)
2019-03-25 23:27:01 [WARN] request error (0x100000006): https://pan.baidu.com/api/quota 
2019-03-25 23:27:01 [WARN] panerr (0x100000006)
2019-03-25 23:27:01 [WARN] panerr (0x100000006)
2019-03-25 23:27:01 [WARN] request error (0x100000006): https://pan.baidu.com/api/quota 
2019-03-25 23:27:01 [WARN] panerr (0x100000006)
2019-03-25 23:27:21 [WARN] panerr (0x100000006)
2019-03-25 23:27:21 [WARN] request error (0x100000006): https://pan.baidu.com/api/quota 
2019-03-25 23:27:21 [WARN] panerr (0x100000006)
2019-03-25 23:27:21 [WARN] request error (0x100000006): https://pan.baidu.com/api/quota 
2019-03-25 23:27:41 [WARN] panerr (0x100000006)
2019-03-25 23:27:41 [WARN] request error (0x100000006): https://pan.baidu.com/api/quota 
2019-03-25 23:27:41 [WARN] panerr (0x100000006)
2019-03-25 23:27:41 [WARN] request error (0x100000006): https://pan.baidu.com/api/quota 
2019-03-25 23:28:01 [WARN] panerr (0x100000006)
2019-03-25 23:28:01 [WARN] request error (0x100000006): https://pan.baidu.com/api/quota 
2019-03-25 23:28:01 [WARN] panerr (0x100000006)
2019-03-25 23:28:01 [WARN] request error (0x100000006): https://pan.baidu.com/api/quota 
2019-03-25 23:28:21 [WARN] panerr (0x100000006)
2019-03-25 23:28:21 [WARN] request error (0x100000006): https://pan.baidu.com/api/quota 
2019-03-25 23:28:21 [WARN] panerr (0x100000006)
2019-03-25 23:28:21 [WARN] panerr (0x100000006)
2019-03-25 23:28:21 [WARN] request error (0x100000006): https://pan.baidu.com/api/quota 
2019-03-25 23:28:21 [WARN] panerr (0x100000006)
2019-03-25 23:28:41 [WARN] panerr (0x100000006)
2019-03-25 23:28:41 [WARN] request error (0x100000006): https://pan.baidu.com/api/quota 
2019-03-25 23:28:41 [WARN] panerr (0x100000006)
2019-03-25 23:28:41 [WARN] request error (0x100000006): https://pan.baidu.com/api/quota 
2019-03-25 23:29:01 [WARN] panerr (0x100000006)
2019-03-25 23:29:01 [WARN] request error (0x100000006): https://pan.baidu.com/api/quota 
2019-03-25 23:29:01 [WARN] panerr (0x100000006)
2019-03-25 23:29:01 [WARN] request error (0x100000006): https://pan.baidu.com/api/quota 
2019-03-25 23:29:21 [WARN] panerr (0x100000006)
2019-03-25 23:29:21 [WARN] request error (0x100000006): https://pan.baidu.com/api/quota 
2019-03-25 23:29:21 [WARN] panerr (0x100000006)
2019-03-25 23:29:21 [WARN] request error (0x100000006): https://pan.baidu.com/api/quota 
2019-03-25 23:29:41 [WARN] panerr (0x100000006)
2019-03-25 23:29:41 [WARN] request error (0x100000006): https://pan.baidu.com/api/quota 
2019-03-25 23:29:41 [WARN] panerr (0x100000006)
2019-03-25 23:29:41 [WARN] panerr (0x100000006)
2019-03-25 23:29:41 [WARN] request error (0x100000006): https://pan.baidu.com/api/quota 
2019-03-25 23:29:41 [WARN] panerr (0x100000006)
2019-03-25 23:30:01 [WARN] panerr (0x100000006)
2019-03-25 23:30:01 [WARN] request error (0x100000006): https://pan.baidu.com/api/quota 
2019-03-25 23:30:01 [WARN] panerr (0x100000006)
2019-03-25 23:30:01 [WARN] request error (0x100000006): https://pan.baidu.com/api/quota 
2019-03-25 23:30:21 [WARN] panerr (0x100000006)
2019-03-25 23:30:21 [WARN] request error (0x100000006): https://pan.baidu.com/api/quota 
2019-03-25 23:30:21 [WARN] panerr (0x100000006)
2019-03-25 23:30:21 [WARN] request error (0x100000006): https://pan.baidu.com/api/quota 
2019-03-25 23:30:41 [WARN] panerr (0x100000006)
2019-03-25 23:30:41 [WARN] request error (0x100000006): https://pan.baidu.com/api/quota 
2019-03-25 23:30:41 [WARN] panerr (0x100000006)
2019-03-25 23:30:41 [WARN] request error (0x100000006): https://pan.baidu.com/api/quota 
2019-03-25 23:31:01 [WARN] panerr (0x100000006)
2019-03-25 23:31:01 [WARN] request error (0x100000006): https://pan.baidu.com/api/quota 
2019-03-25 23:31:01 [WARN] panerr (0x100000006)
2019-03-25 23:31:01 [WARN] panerr (0x100000006)
2019-03-25 23:31:01 [WARN] request error (0x100000006): https://pan.baidu.com/api/quota 
2019-03-25 23:31:01 [WARN] panerr (0x100000006)
2019-03-25 23:31:21 [WARN] panerr (0x100000006)
2019-03-25 23:31:21 [WARN] request error (0x100000006): https://pan.baidu.com/api/quota 
2019-03-25 23:31:21 [WARN] panerr (0x100000006)
2019-03-25 23:31:21 [WARN] request error (0x100000006): https://pan.baidu.com/api/quota 
2019-03-25 23:31:41 [WARN] panerr (0x100000006)
2019-03-25 23:31:41 [WARN] request error (0x100000006): https://pan.baidu.com/api/quota 
2019-03-25 23:31:41 [WARN] panerr (0x100000006)
2019-03-25 23:31:41 [WARN] request error (0x100000006): https://pan.baidu.com/api/quota 
2019-03-25 23:32:01 [WARN] panerr (0x100000006)
2019-03-25 23:32:01 [WARN] request error (0x100000006): https://pan.baidu.com/api/quota 
2019-03-25 23:32:01 [WARN] panerr (0x100000006)
2019-03-25 23:32:01 [WARN] request error (0x100000006): https://pan.baidu.com/api/quota 
2019-03-25 23:32:21 [WARN] panerr (0x100000006)
2019-03-25 23:32:21 [WARN] request error (0x100000006): https://pan.baidu.com/api/quota 
2019-03-25 23:32:21 [WARN] panerr (0x100000006)
2019-03-25 23:32:21 [WARN] panerr (0x100000006)
2019-03-25 23:32:21 [WARN] request error (0x100000006): https://pan.baidu.com/api/quota 
2019-03-25 23:32:21 [WARN] panerr (0x100000006)
2019-03-25 23:32:41 [WARN] panerr (0x100000006)
2019-03-25 23:32:41 [WARN] request error (0x100000006): https://pan.baidu.com/api/quota 
2019-03-25 23:32:41 [WARN] panerr (0x100000006)
2019-03-25 23:32:41 [WARN] request error (0x100000006): https://pan.baidu.com/api/quota 
2019-03-25 23:33:01 [WARN] panerr (0x100000006)
2019-03-25 23:33:01 [WARN] request error (0x100000006): https://pan.baidu.com/api/quota 
2019-03-25 23:33:01 [WARN] panerr (0x100000006)
2019-03-25 23:33:01 [WARN] request error (0x100000006): https://pan.baidu.com/api/quota 
2019-03-25 23:33:19 [INFO] close main window
2019-03-25 23:33:19 [INFO] exit
